---------------------------------------------------------------

[2020-05-13T17:07:49+08:00] 127.0.0.1 GET paopao1.com/
[运行时间：1.730617s] [吞吐率：0.58req/s] [内存消耗：2,772.15kb] [文件加载：91]
[ info ] [ LANG ] D:\xampp\htdocs\paopao/vendor\thinkphp\lang\zh-cn.php
[ info ] [ ROUTE ] array (
)
[ info ] [ HEADER ] array (
  'host' => 'paopao1.com',
  'connection' => 'keep-alive',
  'upgrade-insecure-requests' => '1',
  'user-agent' => 'Mozilla/5.0 (Windows NT 10.0; Win64; x64) AppleWebKit/537.36 (KHTML, like Gecko) Chrome/80.0.3987.100 Safari/537.36',
  'accept' => 'text/html,application/xhtml+xml,application/xml;q=0.9,image/webp,image/apng,*/*;q=0.8,application/signed-exchange;v=b3;q=0.9',
  'accept-encoding' => 'gzip, deflate',
  'accept-language' => 'zh-CN,zh;q=0.9',
)
[ info ] [ PARAM ] array (
)
[ info ] [ LANG ] D:\xampp\htdocs\paopao\vendor\thinkcmf\cmf\src\behavior/../lang\zh-cn.php
[ info ] [ LANG ] D:\xampp\htdocs\paopao\vendor/thinkcmf/cmf-app/src/admin/lang/zh-cn.php
[ info ] [ LANG ] D:\xampp\htdocs\paopao\vendor/thinkcmf/cmf-app/src/admin/lang/zh-cn/common.php
[ info ] [ LANG ] D:\xampp\htdocs\paopao\vendor/thinkcmf/cmf-app/src/user/lang/zh-cn.php
[ info ] [ DB ] INIT mysql
[ sql ] [ DB ] CONNECT:[ UseTime:0.054887s ] mysql:host=localhost;port=3306;dbname=paopao;charset=utf8
[ error ] [10501]SQLSTATE[42S02]: Base table or view not found: 1146 Table 'paopao.paopao_option' doesn't exist[D:\xampp\htdocs\paopao\vendor\thinkphp\library\think\db\Connection.php:687]
---------------------------------------------------------------

[2020-05-13T17:07:50+08:00] 127.0.0.1 GET paopao1.com/favicon.ico
[运行时间：0.109065s] [吞吐率：9.17req/s] [内存消耗：2,699.93kb] [文件加载：82]
[ info ] [ LANG ] D:\xampp\htdocs\paopao/vendor\thinkphp\lang\zh-cn.php
[ info ] [ ROUTE ] array (
)
[ info ] [ HEADER ] array (
  'host' => 'paopao1.com',
  'connection' => 'keep-alive',
  'user-agent' => 'Mozilla/5.0 (Windows NT 10.0; Win64; x64) AppleWebKit/537.36 (KHTML, like Gecko) Chrome/80.0.3987.100 Safari/537.36',
  'accept' => 'image/webp,image/apng,image/*,*/*;q=0.8',
  'referer' => 'http://paopao1.com/',
  'accept-encoding' => 'gzip, deflate',
  'accept-language' => 'zh-CN,zh;q=0.9',
  'cookie' => 'thinkphp_show_page_trace=0|0',
)
[ info ] [ PARAM ] array (
)
[ info ] [ LANG ] D:\xampp\htdocs\paopao\vendor\thinkcmf\cmf\src\behavior/../lang\zh-cn.php
[ info ] [ LANG ] D:\xampp\htdocs\paopao\vendor/thinkcmf/cmf-app/src/admin/lang/zh-cn.php
[ info ] [ LANG ] D:\xampp\htdocs\paopao\vendor/thinkcmf/cmf-app/src/admin/lang/zh-cn/common.php
[ info ] [ LANG ] D:\xampp\htdocs\paopao\vendor/thinkcmf/cmf-app/src/user/lang/zh-cn.php
[ info ] [ DB ] INIT mysql
[ sql ] [ DB ] CONNECT:[ UseTime:0.003249s ] mysql:host=localhost;port=3306;dbname=paopao;charset=utf8
[ error ] [10501]SQLSTATE[42S02]: Base table or view not found: 1146 Table 'paopao.paopao_hook' doesn't exist[D:\xampp\htdocs\paopao\vendor\thinkphp\library\think\db\Connection.php:687]
---------------------------------------------------------------

[2020-05-13T17:17:21+08:00] 127.0.0.1 GET paopao1.com/login
[运行时间：0.090215s] [吞吐率：11.08req/s] [内存消耗：2,700.51kb] [文件加载：82]
[ info ] [ LANG ] D:\xampp\htdocs\paopao/vendor\thinkphp\lang\zh-cn.php
[ info ] [ ROUTE ] array (
)
[ info ] [ HEADER ] array (
  'host' => 'paopao1.com',
  'connection' => 'keep-alive',
  'upgrade-insecure-requests' => '1',
  'user-agent' => 'Mozilla/5.0 (Windows NT 10.0; Win64; x64) AppleWebKit/537.36 (KHTML, like Gecko) Chrome/80.0.3987.100 Safari/537.36',
  'accept' => 'text/html,application/xhtml+xml,application/xml;q=0.9,image/webp,image/apng,*/*;q=0.8,application/signed-exchange;v=b3;q=0.9',
  'accept-encoding' => 'gzip, deflate',
  'accept-language' => 'zh-CN,zh;q=0.9',
  'cookie' => 'thinkphp_show_page_trace=0|0',
)
[ info ] [ PARAM ] array (
)
[ info ] [ LANG ] D:\xampp\htdocs\paopao\vendor\thinkcmf\cmf\src\behavior/../lang\zh-cn.php
[ info ] [ LANG ] D:\xampp\htdocs\paopao\vendor/thinkcmf/cmf-app/src/admin/lang/zh-cn.php
[ info ] [ LANG ] D:\xampp\htdocs\paopao\vendor/thinkcmf/cmf-app/src/admin/lang/zh-cn/common.php
[ info ] [ LANG ] D:\xampp\htdocs\paopao\vendor/thinkcmf/cmf-app/src/user/lang/zh-cn.php
[ info ] [ DB ] INIT mysql
[ sql ] [ DB ] CONNECT:[ UseTime:0.002841s ] mysql:host=localhost;port=3306;dbname=paopao;charset=utf8
[ error ] [10501]SQLSTATE[42S02]: Base table or view not found: 1146 Table 'paopao.paopao_hook' doesn't exist[D:\xampp\htdocs\paopao\vendor\thinkphp\library\think\db\Connection.php:687]
---------------------------------------------------------------

[2020-05-13T17:17:21+08:00] 127.0.0.1 GET paopao1.com/favicon.ico
[运行时间：0.073382s] [吞吐率：13.63req/s] [内存消耗：2,699.94kb] [文件加载：82]
[ info ] [ LANG ] D:\xampp\htdocs\paopao/vendor\thinkphp\lang\zh-cn.php
[ info ] [ ROUTE ] array (
)
[ info ] [ HEADER ] array (
  'host' => 'paopao1.com',
  'connection' => 'keep-alive',
  'user-agent' => 'Mozilla/5.0 (Windows NT 10.0; Win64; x64) AppleWebKit/537.36 (KHTML, like Gecko) Chrome/80.0.3987.100 Safari/537.36',
  'accept' => 'image/webp,image/apng,image/*,*/*;q=0.8',
  'referer' => 'http://paopao1.com/login',
  'accept-encoding' => 'gzip, deflate',
  'accept-language' => 'zh-CN,zh;q=0.9',
  'cookie' => 'thinkphp_show_page_trace=0|0',
)
[ info ] [ PARAM ] array (
)
[ info ] [ LANG ] D:\xampp\htdocs\paopao\vendor\thinkcmf\cmf\src\behavior/../lang\zh-cn.php
[ info ] [ LANG ] D:\xampp\htdocs\paopao\vendor/thinkcmf/cmf-app/src/admin/lang/zh-cn.php
[ info ] [ LANG ] D:\xampp\htdocs\paopao\vendor/thinkcmf/cmf-app/src/admin/lang/zh-cn/common.php
[ info ] [ LANG ] D:\xampp\htdocs\paopao\vendor/thinkcmf/cmf-app/src/user/lang/zh-cn.php
[ info ] [ DB ] INIT mysql
[ sql ] [ DB ] CONNECT:[ UseTime:0.002659s ] mysql:host=localhost;port=3306;dbname=paopao;charset=utf8
[ error ] [10501]SQLSTATE[42S02]: Base table or view not found: 1146 Table 'paopao.paopao_hook' doesn't exist[D:\xampp\htdocs\paopao\vendor\thinkphp\library\think\db\Connection.php:687]
---------------------------------------------------------------

[2020-05-13T17:17:33+08:00] 127.0.0.1 GET paopao1.com/login/login
[运行时间：0.085611s] [吞吐率：11.68req/s] [内存消耗：2,700.56kb] [文件加载：82]
[ info ] [ LANG ] D:\xampp\htdocs\paopao/vendor\thinkphp\lang\zh-cn.php
[ info ] [ ROUTE ] array (
)
[ info ] [ HEADER ] array (
  'host' => 'paopao1.com',
  'connection' => 'keep-alive',
  'upgrade-insecure-requests' => '1',
  'user-agent' => 'Mozilla/5.0 (Windows NT 10.0; Win64; x64) AppleWebKit/537.36 (KHTML, like Gecko) Chrome/80.0.3987.100 Safari/537.36',
  'accept' => 'text/html,application/xhtml+xml,application/xml;q=0.9,image/webp,image/apng,*/*;q=0.8,application/signed-exchange;v=b3;q=0.9',
  'accept-encoding' => 'gzip, deflate',
  'accept-language' => 'zh-CN,zh;q=0.9',
  'cookie' => 'thinkphp_show_page_trace=0|0',
)
[ info ] [ PARAM ] array (
)
[ info ] [ LANG ] D:\xampp\htdocs\paopao\vendor\thinkcmf\cmf\src\behavior/../lang\zh-cn.php
[ info ] [ LANG ] D:\xampp\htdocs\paopao\vendor/thinkcmf/cmf-app/src/admin/lang/zh-cn.php
[ info ] [ LANG ] D:\xampp\htdocs\paopao\vendor/thinkcmf/cmf-app/src/admin/lang/zh-cn/common.php
[ info ] [ LANG ] D:\xampp\htdocs\paopao\vendor/thinkcmf/cmf-app/src/user/lang/zh-cn.php
[ info ] [ DB ] INIT mysql
[ sql ] [ DB ] CONNECT:[ UseTime:0.005303s ] mysql:host=localhost;port=3306;dbname=paopao;charset=utf8
[ error ] [10501]SQLSTATE[42S02]: Base table or view not found: 1146 Table 'paopao.paopao_hook' doesn't exist[D:\xampp\htdocs\paopao\vendor\thinkphp\library\think\db\Connection.php:687]
---------------------------------------------------------------

[2020-05-13T17:17:33+08:00] 127.0.0.1 GET paopao1.com/favicon.ico
[运行时间：0.073447s] [吞吐率：13.62req/s] [内存消耗：2,699.94kb] [文件加载：82]
[ info ] [ LANG ] D:\xampp\htdocs\paopao/vendor\thinkphp\lang\zh-cn.php
[ info ] [ ROUTE ] array (
)
[ info ] [ HEADER ] array (
  'host' => 'paopao1.com',
  'connection' => 'keep-alive',
  'user-agent' => 'Mozilla/5.0 (Windows NT 10.0; Win64; x64) AppleWebKit/537.36 (KHTML, like Gecko) Chrome/80.0.3987.100 Safari/537.36',
  'accept' => 'image/webp,image/apng,image/*,*/*;q=0.8',
  'referer' => 'http://paopao1.com/login/login',
  'accept-encoding' => 'gzip, deflate',
  'accept-language' => 'zh-CN,zh;q=0.9',
  'cookie' => 'thinkphp_show_page_trace=0|0',
)
[ info ] [ PARAM ] array (
)
[ info ] [ LANG ] D:\xampp\htdocs\paopao\vendor\thinkcmf\cmf\src\behavior/../lang\zh-cn.php
[ info ] [ LANG ] D:\xampp\htdocs\paopao\vendor/thinkcmf/cmf-app/src/admin/lang/zh-cn.php
[ info ] [ LANG ] D:\xampp\htdocs\paopao\vendor/thinkcmf/cmf-app/src/admin/lang/zh-cn/common.php
[ info ] [ LANG ] D:\xampp\htdocs\paopao\vendor/thinkcmf/cmf-app/src/user/lang/zh-cn.php
[ info ] [ DB ] INIT mysql
[ sql ] [ DB ] CONNECT:[ UseTime:0.012042s ] mysql:host=localhost;port=3306;dbname=paopao;charset=utf8
[ error ] [10501]SQLSTATE[42S02]: Base table or view not found: 1146 Table 'paopao.paopao_hook' doesn't exist[D:\xampp\htdocs\paopao\vendor\thinkphp\library\think\db\Connection.php:687]
---------------------------------------------------------------

[2020-05-13T17:21:31+08:00] 127.0.0.1 GET paopao1.com/
[运行时间：0.641638s] [吞吐率：1.56req/s] [内存消耗：2,620.14kb] [文件加载：80]
[ info ] [ LANG ] D:\xampp\htdocs\paopao/vendor\thinkphp\lang\zh-cn.php
[ info ] [ BIND ] 'mobile'
[ info ] [ ROUTE ] array (
)
[ info ] [ HEADER ] array (
  'host' => 'paopao1.com',
  'connection' => 'keep-alive',
  'upgrade-insecure-requests' => '1',
  'user-agent' => 'Mozilla/5.0 (Windows NT 10.0; Win64; x64) AppleWebKit/537.36 (KHTML, like Gecko) Chrome/80.0.3987.100 Safari/537.36',
  'accept' => 'text/html,application/xhtml+xml,application/xml;q=0.9,image/webp,image/apng,*/*;q=0.8,application/signed-exchange;v=b3;q=0.9',
  'accept-encoding' => 'gzip, deflate',
  'accept-language' => 'zh-CN,zh;q=0.9',
  'cookie' => 'thinkphp_show_page_trace=0|0',
)
[ info ] [ PARAM ] array (
)
[ info ] [ LANG ] D:\xampp\htdocs\paopao\vendor\thinkcmf\cmf\src\behavior/../lang\zh-cn.php
[ info ] [ LANG ] D:\xampp\htdocs\paopao\vendor/thinkcmf/cmf-app/src/admin/lang/zh-cn.php
[ info ] [ LANG ] D:\xampp\htdocs\paopao\vendor/thinkcmf/cmf-app/src/admin/lang/zh-cn/common.php
[ info ] [ LANG ] D:\xampp\htdocs\paopao\vendor/thinkcmf/cmf-app/src/user/lang/zh-cn.php
[ info ] [ DB ] INIT mysql
[ error ] [1045]SQLSTATE[HY000] [1045] Access denied for user 'root'@'localhost' (using password: NO)[D:\xampp\htdocs\paopao\vendor\thinkphp\library\think\db\Connection.php:528]
---------------------------------------------------------------

[2020-05-13T17:21:32+08:00] 127.0.0.1 GET paopao1.com/favicon.ico
[运行时间：0.079643s] [吞吐率：12.56req/s] [内存消耗：2,620.45kb] [文件加载：80]
[ info ] [ LANG ] D:\xampp\htdocs\paopao/vendor\thinkphp\lang\zh-cn.php
[ info ] [ BIND ] 'mobile'
[ info ] [ ROUTE ] array (
)
[ info ] [ HEADER ] array (
  'host' => 'paopao1.com',
  'connection' => 'keep-alive',
  'user-agent' => 'Mozilla/5.0 (Windows NT 10.0; Win64; x64) AppleWebKit/537.36 (KHTML, like Gecko) Chrome/80.0.3987.100 Safari/537.36',
  'accept' => 'image/webp,image/apng,image/*,*/*;q=0.8',
  'referer' => 'http://paopao1.com/',
  'accept-encoding' => 'gzip, deflate',
  'accept-language' => 'zh-CN,zh;q=0.9',
  'cookie' => 'thinkphp_show_page_trace=0|0',
)
[ info ] [ PARAM ] array (
)
[ info ] [ LANG ] D:\xampp\htdocs\paopao\vendor\thinkcmf\cmf\src\behavior/../lang\zh-cn.php
[ info ] [ LANG ] D:\xampp\htdocs\paopao\vendor/thinkcmf/cmf-app/src/admin/lang/zh-cn.php
[ info ] [ LANG ] D:\xampp\htdocs\paopao\vendor/thinkcmf/cmf-app/src/admin/lang/zh-cn/common.php
[ info ] [ LANG ] D:\xampp\htdocs\paopao\vendor/thinkcmf/cmf-app/src/user/lang/zh-cn.php
[ info ] [ DB ] INIT mysql
[ error ] [1045]SQLSTATE[HY000] [1045] Access denied for user 'root'@'localhost' (using password: NO)[D:\xampp\htdocs\paopao\vendor\thinkphp\library\think\db\Connection.php:528]
---------------------------------------------------------------

[2020-05-13T17:21:48+08:00] 127.0.0.1 GET paopao1.com/
[运行时间：0.075564s] [吞吐率：13.23req/s] [内存消耗：2,700.51kb] [文件加载：83]
[ info ] [ LANG ] D:\xampp\htdocs\paopao/vendor\thinkphp\lang\zh-cn.php
[ info ] [ BIND ] 'mobile'
[ info ] [ ROUTE ] array (
)
[ info ] [ HEADER ] array (
  'host' => 'paopao1.com',
  'connection' => 'keep-alive',
  'cache-control' => 'max-age=0',
  'upgrade-insecure-requests' => '1',
  'user-agent' => 'Mozilla/5.0 (Windows NT 10.0; Win64; x64) AppleWebKit/537.36 (KHTML, like Gecko) Chrome/80.0.3987.100 Safari/537.36',
  'accept' => 'text/html,application/xhtml+xml,application/xml;q=0.9,image/webp,image/apng,*/*;q=0.8,application/signed-exchange;v=b3;q=0.9',
  'accept-encoding' => 'gzip, deflate',
  'accept-language' => 'zh-CN,zh;q=0.9',
  'cookie' => 'thinkphp_show_page_trace=0|0',
)
[ info ] [ PARAM ] array (
)
[ info ] [ LANG ] D:\xampp\htdocs\paopao\vendor\thinkcmf\cmf\src\behavior/../lang\zh-cn.php
[ info ] [ LANG ] D:\xampp\htdocs\paopao\vendor/thinkcmf/cmf-app/src/admin/lang/zh-cn.php
[ info ] [ LANG ] D:\xampp\htdocs\paopao\vendor/thinkcmf/cmf-app/src/admin/lang/zh-cn/common.php
[ info ] [ LANG ] D:\xampp\htdocs\paopao\vendor/thinkcmf/cmf-app/src/user/lang/zh-cn.php
[ info ] [ DB ] INIT mysql
[ sql ] [ DB ] CONNECT:[ UseTime:0.003539s ] mysql:host=localhost;port=3306;dbname=paopao;charset=utf8
[ error ] [10501]SQLSTATE[42S02]: Base table or view not found: 1146 Table 'paopao.pp_hook' doesn't exist[D:\xampp\htdocs\paopao\vendor\thinkphp\library\think\db\Connection.php:687]
---------------------------------------------------------------

[2020-05-13T17:21:48+08:00] 127.0.0.1 GET paopao1.com/favicon.ico
[运行时间：0.067623s] [吞吐率：14.79req/s] [内存消耗：2,701.13kb] [文件加载：83]
[ info ] [ LANG ] D:\xampp\htdocs\paopao/vendor\thinkphp\lang\zh-cn.php
[ info ] [ BIND ] 'mobile'
[ info ] [ ROUTE ] array (
)
[ info ] [ HEADER ] array (
  'host' => 'paopao1.com',
  'connection' => 'keep-alive',
  'pragma' => 'no-cache',
  'cache-control' => 'no-cache',
  'user-agent' => 'Mozilla/5.0 (Windows NT 10.0; Win64; x64) AppleWebKit/537.36 (KHTML, like Gecko) Chrome/80.0.3987.100 Safari/537.36',
  'accept' => 'image/webp,image/apng,image/*,*/*;q=0.8',
  'referer' => 'http://paopao1.com/',
  'accept-encoding' => 'gzip, deflate',
  'accept-language' => 'zh-CN,zh;q=0.9',
  'cookie' => 'thinkphp_show_page_trace=0|0',
)
[ info ] [ PARAM ] array (
)
[ info ] [ LANG ] D:\xampp\htdocs\paopao\vendor\thinkcmf\cmf\src\behavior/../lang\zh-cn.php
[ info ] [ LANG ] D:\xampp\htdocs\paopao\vendor/thinkcmf/cmf-app/src/admin/lang/zh-cn.php
[ info ] [ LANG ] D:\xampp\htdocs\paopao\vendor/thinkcmf/cmf-app/src/admin/lang/zh-cn/common.php
[ info ] [ LANG ] D:\xampp\htdocs\paopao\vendor/thinkcmf/cmf-app/src/user/lang/zh-cn.php
[ info ] [ DB ] INIT mysql
[ sql ] [ DB ] CONNECT:[ UseTime:0.012842s ] mysql:host=localhost;port=3306;dbname=paopao;charset=utf8
[ error ] [10501]SQLSTATE[42S02]: Base table or view not found: 1146 Table 'paopao.pp_hook' doesn't exist[D:\xampp\htdocs\paopao\vendor\thinkphp\library\think\db\Connection.php:687]
---------------------------------------------------------------

[2020-05-13T17:59:03+08:00] 127.0.0.1 GET paopao1.com/
[运行时间：0.477140s] [吞吐率：2.10req/s] [内存消耗：3,002.20kb] [文件加载：87]
[ info ] [ LANG ] D:\xampp\htdocs\paopao/vendor\thinkphp\lang\zh-cn.php
[ info ] [ BIND ] 'mobile'
[ info ] [ ROUTE ] array (
)
[ info ] [ HEADER ] array (
  'host' => 'paopao1.com',
  'connection' => 'keep-alive',
  'cache-control' => 'max-age=0',
  'upgrade-insecure-requests' => '1',
  'user-agent' => 'Mozilla/5.0 (Windows NT 10.0; Win64; x64) AppleWebKit/537.36 (KHTML, like Gecko) Chrome/80.0.3987.100 Safari/537.36',
  'accept' => 'text/html,application/xhtml+xml,application/xml;q=0.9,image/webp,image/apng,*/*;q=0.8,application/signed-exchange;v=b3;q=0.9',
  'accept-encoding' => 'gzip, deflate',
  'accept-language' => 'zh-CN,zh;q=0.9',
  'cookie' => 'thinkphp_show_page_trace=0|0',
)
[ info ] [ PARAM ] array (
)
[ info ] [ LANG ] D:\xampp\htdocs\paopao\vendor\thinkcmf\cmf\src\behavior/../lang\zh-cn.php
[ info ] [ LANG ] D:\xampp\htdocs\paopao\vendor/thinkcmf/cmf-app/src/admin/lang/zh-cn.php
[ info ] [ LANG ] D:\xampp\htdocs\paopao\vendor/thinkcmf/cmf-app/src/admin/lang/zh-cn/common.php
[ info ] [ LANG ] D:\xampp\htdocs\paopao\vendor/thinkcmf/cmf-app/src/user/lang/zh-cn.php
[ info ] [ DB ] INIT mysql
[ sql ] [ DB ] CONNECT:[ UseTime:0.002829s ] mysql:host=localhost;port=3306;dbname=paopao;charset=utf8
[ sql ] [ SQL ] SHOW COLUMNS FROM `ny_hook` [ RunTime:0.014767s ]
[ sql ] [ SQL ] SELECT `hook` FROM `ny_hook` WHERE  `app` = 'mobile' [ RunTime:0.004746s ]
[ sql ] [ EXPLAIN : array (
  'id' => 1,
  'select_type' => 'SIMPLE',
  'table' => 'ny_hook',
  'type' => 'ALL',
  'possible_keys' => NULL,
  'key' => NULL,
  'key_len' => NULL,
  'ref' => NULL,
  'rows' => 57,
  'extra' => 'Using where',
) ]
[ sql ] [ SQL ] SHOW COLUMNS FROM `ny_hook_plugin` [ RunTime:0.011400s ]
[ sql ] [ SQL ] SELECT `hook`,`plugin` FROM `ny_hook_plugin` WHERE  `status` = 1  AND `hook` IN ('') ORDER BY `list_order` ASC [ RunTime:0.000762s ]
[ sql ] [ EXPLAIN : array (
  'id' => 1,
  'select_type' => 'SIMPLE',
  'table' => 'ny_hook_plugin',
  'type' => 'ALL',
  'possible_keys' => NULL,
  'key' => NULL,
  'key_len' => NULL,
  'ref' => NULL,
  'rows' => 1,
  'extra' => 'Using where; Using filesort',
) ]
[ warn ] SQL:SELECT `hook`,`plugin` FROM `ny_hook_plugin` WHERE  `status` = :ThinkBind_1_  AND `hook` IN ('') ORDER BY `list_order` ASC [Using where; Using filesort]
---------------------------------------------------------------

[2020-05-13T17:59:04+08:00] 127.0.0.1 GET paopao1.com/favicon.ico
[运行时间：0.039815s] [吞吐率：25.12req/s] [内存消耗：1,897.66kb] [文件加载：77]
[ info ] [ LANG ] D:\xampp\htdocs\paopao/vendor\thinkphp\lang\zh-cn.php
[ info ] [ BIND ] 'mobile'
[ info ] [ ROUTE ] array (
)
[ info ] [ HEADER ] array (
  'host' => 'paopao1.com',
  'connection' => 'keep-alive',
  'user-agent' => 'Mozilla/5.0 (Windows NT 10.0; Win64; x64) AppleWebKit/537.36 (KHTML, like Gecko) Chrome/80.0.3987.100 Safari/537.36',
  'accept' => 'image/webp,image/apng,image/*,*/*;q=0.8',
  'referer' => 'http://paopao1.com/',
  'accept-encoding' => 'gzip, deflate',
  'accept-language' => 'zh-CN,zh;q=0.9',
  'cookie' => 'thinkphp_show_page_trace=0|0',
)
[ info ] [ PARAM ] array (
)
[ info ] [ LANG ] D:\xampp\htdocs\paopao\vendor\thinkcmf\cmf\src\behavior/../lang\zh-cn.php
[ info ] [ LANG ] D:\xampp\htdocs\paopao\vendor/thinkcmf/cmf-app/src/admin/lang/zh-cn.php
[ info ] [ LANG ] D:\xampp\htdocs\paopao\vendor/thinkcmf/cmf-app/src/admin/lang/zh-cn/common.php
[ info ] [ LANG ] D:\xampp\htdocs\paopao\vendor/thinkcmf/cmf-app/src/user/lang/zh-cn.php
---------------------------------------------------------------

[2020-05-13T17:59:27+08:00] 127.0.0.1 GET paopao1.com/login/login
[运行时间：0.073439s] [吞吐率：13.62req/s] [内存消耗：1,970.78kb] [文件加载：82]
[ info ] [ LANG ] D:\xampp\htdocs\paopao/vendor\thinkphp\lang\zh-cn.php
[ info ] [ BIND ] 'mobile'
[ info ] [ ROUTE ] array (
)
[ info ] [ HEADER ] array (
  'host' => 'paopao1.com',
  'connection' => 'keep-alive',
  'upgrade-insecure-requests' => '1',
  'user-agent' => 'Mozilla/5.0 (Windows NT 10.0; Win64; x64) AppleWebKit/537.36 (KHTML, like Gecko) Chrome/80.0.3987.100 Safari/537.36',
  'accept' => 'text/html,application/xhtml+xml,application/xml;q=0.9,image/webp,image/apng,*/*;q=0.8,application/signed-exchange;v=b3;q=0.9',
  'accept-encoding' => 'gzip, deflate',
  'accept-language' => 'zh-CN,zh;q=0.9',
  'cookie' => 'thinkphp_show_page_trace=0|0; thinkphp_show_page_trace=0|0',
)
[ info ] [ PARAM ] array (
)
[ info ] [ LANG ] D:\xampp\htdocs\paopao\vendor\thinkcmf\cmf\src\behavior/../lang\zh-cn.php
[ info ] [ LANG ] D:\xampp\htdocs\paopao\vendor/thinkcmf/cmf-app/src/admin/lang/zh-cn.php
[ info ] [ LANG ] D:\xampp\htdocs\paopao\vendor/thinkcmf/cmf-app/src/admin/lang/zh-cn/common.php
[ info ] [ LANG ] D:\xampp\htdocs\paopao\vendor/thinkcmf/cmf-app/src/user/lang/zh-cn.php
---------------------------------------------------------------

[2020-05-13T17:59:40+08:00] 127.0.0.1 GET paopao1.com/login/login
[运行时间：0.132530s] [吞吐率：7.55req/s] [内存消耗：1,970.88kb] [文件加载：81]
[ info ] [ LANG ] D:\xampp\htdocs\paopao/vendor\thinkphp\lang\zh-cn.php
[ info ] [ BIND ] 'mobile'
[ info ] [ ROUTE ] array (
)
[ info ] [ HEADER ] array (
  'host' => 'paopao1.com',
  'connection' => 'keep-alive',
  'cache-control' => 'max-age=0',
  'upgrade-insecure-requests' => '1',
  'user-agent' => 'Mozilla/5.0 (Windows NT 10.0; Win64; x64) AppleWebKit/537.36 (KHTML, like Gecko) Chrome/80.0.3987.100 Safari/537.36',
  'accept' => 'text/html,application/xhtml+xml,application/xml;q=0.9,image/webp,image/apng,*/*;q=0.8,application/signed-exchange;v=b3;q=0.9',
  'accept-encoding' => 'gzip, deflate',
  'accept-language' => 'zh-CN,zh;q=0.9',
  'cookie' => 'thinkphp_show_page_trace=0|0; thinkphp_show_page_trace=0|0',
)
[ info ] [ PARAM ] array (
)
[ info ] [ LANG ] D:\xampp\htdocs\paopao\vendor\thinkcmf\cmf\src\behavior/../lang\zh-cn.php
[ info ] [ LANG ] D:\xampp\htdocs\paopao\vendor/thinkcmf/cmf-app/src/admin/lang/zh-cn.php
[ info ] [ LANG ] D:\xampp\htdocs\paopao\vendor/thinkcmf/cmf-app/src/admin/lang/zh-cn/common.php
[ info ] [ LANG ] D:\xampp\htdocs\paopao\vendor/thinkcmf/cmf-app/src/user/lang/zh-cn.php
[ error ] [0]致命错误: Class 'app\mobile\controller\BaseController' not found[D:\xampp\htdocs\paopao\app\mobile\controller\LoginController.php:8]
---------------------------------------------------------------

[2020-05-13T17:59:49+08:00] 127.0.0.1 GET paopao1.com/login/login
[运行时间：0.394151s] [吞吐率：2.54req/s] [内存消耗：2,204.81kb] [文件加载：86]
[ info ] [ LANG ] D:\xampp\htdocs\paopao/vendor\thinkphp\lang\zh-cn.php
[ info ] [ BIND ] 'mobile'
[ info ] [ ROUTE ] array (
)
[ info ] [ HEADER ] array (
  'host' => 'paopao1.com',
  'connection' => 'keep-alive',
  'cache-control' => 'max-age=0',
  'upgrade-insecure-requests' => '1',
  'user-agent' => 'Mozilla/5.0 (Windows NT 10.0; Win64; x64) AppleWebKit/537.36 (KHTML, like Gecko) Chrome/80.0.3987.100 Safari/537.36',
  'accept' => 'text/html,application/xhtml+xml,application/xml;q=0.9,image/webp,image/apng,*/*;q=0.8,application/signed-exchange;v=b3;q=0.9',
  'accept-encoding' => 'gzip, deflate',
  'accept-language' => 'zh-CN,zh;q=0.9',
  'cookie' => 'thinkphp_show_page_trace=0|0; thinkphp_show_page_trace=0|0',
)
[ info ] [ PARAM ] array (
)
[ info ] [ LANG ] D:\xampp\htdocs\paopao\vendor\thinkcmf\cmf\src\behavior/../lang\zh-cn.php
[ info ] [ LANG ] D:\xampp\htdocs\paopao\vendor/thinkcmf/cmf-app/src/admin/lang/zh-cn.php
[ info ] [ LANG ] D:\xampp\htdocs\paopao\vendor/thinkcmf/cmf-app/src/admin/lang/zh-cn/common.php
[ info ] [ LANG ] D:\xampp\htdocs\paopao\vendor/thinkcmf/cmf-app/src/user/lang/zh-cn.php
[ info ] [ VIEW ] D:\xampp\htdocs\paopao\public/themes/admin_simpleboot3/mobile\login\login.html [ array (
) ]
---------------------------------------------------------------

[2020-05-13T17:59:50+08:00] 127.0.0.1 GET paopao1.com/login/assets/font/font-ant/iconfont.css
[运行时间：0.072107s] [吞吐率：13.87req/s] [内存消耗：1,977.13kb] [文件加载：85]
[ info ] [ LANG ] D:\xampp\htdocs\paopao/vendor\thinkphp\lang\zh-cn.php
[ info ] [ BIND ] 'mobile'
[ info ] [ ROUTE ] array (
)
[ info ] [ HEADER ] array (
  'host' => 'paopao1.com',
  'connection' => 'keep-alive',
  'user-agent' => 'Mozilla/5.0 (Windows NT 10.0; Win64; x64) AppleWebKit/537.36 (KHTML, like Gecko) Chrome/80.0.3987.100 Safari/537.36',
  'accept' => 'text/css,*/*;q=0.1',
  'referer' => 'http://paopao1.com/login/login',
  'accept-encoding' => 'gzip, deflate',
  'accept-language' => 'zh-CN,zh;q=0.9',
  'cookie' => 'thinkphp_show_page_trace=0|0; thinkphp_show_page_trace=0|0',
)
[ info ] [ PARAM ] array (
  'font' => 'font-ant',
)
[ info ] [ LANG ] D:\xampp\htdocs\paopao\vendor\thinkcmf\cmf\src\behavior/../lang\zh-cn.php
[ info ] [ LANG ] D:\xampp\htdocs\paopao\vendor/thinkcmf/cmf-app/src/admin/lang/zh-cn.php
[ info ] [ LANG ] D:\xampp\htdocs\paopao\vendor/thinkcmf/cmf-app/src/admin/lang/zh-cn/common.php
[ info ] [ LANG ] D:\xampp\htdocs\paopao\vendor/thinkcmf/cmf-app/src/user/lang/zh-cn.php
---------------------------------------------------------------

[2020-05-13T17:59:50+08:00] 127.0.0.1 GET paopao1.com/login/assets/lib/weui/weui.css
[运行时间：0.057560s] [吞吐率：17.37req/s] [内存消耗：1,977.09kb] [文件加载：85]
[ info ] [ LANG ] D:\xampp\htdocs\paopao/vendor\thinkphp\lang\zh-cn.php
[ info ] [ BIND ] 'mobile'
[ info ] [ ROUTE ] array (
)
[ info ] [ HEADER ] array (
  'host' => 'paopao1.com',
  'connection' => 'keep-alive',
  'user-agent' => 'Mozilla/5.0 (Windows NT 10.0; Win64; x64) AppleWebKit/537.36 (KHTML, like Gecko) Chrome/80.0.3987.100 Safari/537.36',
  'accept' => 'text/css,*/*;q=0.1',
  'referer' => 'http://paopao1.com/login/login',
  'accept-encoding' => 'gzip, deflate',
  'accept-language' => 'zh-CN,zh;q=0.9',
  'cookie' => 'thinkphp_show_page_trace=0|0; thinkphp_show_page_trace=0|0',
)
[ info ] [ PARAM ] array (
  'lib' => 'weui',
)
[ info ] [ LANG ] D:\xampp\htdocs\paopao\vendor\thinkcmf\cmf\src\behavior/../lang\zh-cn.php
[ info ] [ LANG ] D:\xampp\htdocs\paopao\vendor/thinkcmf/cmf-app/src/admin/lang/zh-cn.php
[ info ] [ LANG ] D:\xampp\htdocs\paopao\vendor/thinkcmf/cmf-app/src/admin/lang/zh-cn/common.php
[ info ] [ LANG ] D:\xampp\htdocs\paopao\vendor/thinkcmf/cmf-app/src/user/lang/zh-cn.php
---------------------------------------------------------------

[2020-05-13T17:59:50+08:00] 127.0.0.1 GET paopao1.com/login/assets/lib/swiper/css/swiper.min.css
[运行时间：0.103355s] [吞吐率：9.68req/s] [内存消耗：1,977.23kb] [文件加载：85]
[ info ] [ LANG ] D:\xampp\htdocs\paopao/vendor\thinkphp\lang\zh-cn.php
[ info ] [ BIND ] 'mobile'
[ info ] [ ROUTE ] array (
)
[ info ] [ HEADER ] array (
  'host' => 'paopao1.com',
  'connection' => 'keep-alive',
  'user-agent' => 'Mozilla/5.0 (Windows NT 10.0; Win64; x64) AppleWebKit/537.36 (KHTML, like Gecko) Chrome/80.0.3987.100 Safari/537.36',
  'accept' => 'text/css,*/*;q=0.1',
  'referer' => 'http://paopao1.com/login/login',
  'accept-encoding' => 'gzip, deflate',
  'accept-language' => 'zh-CN,zh;q=0.9',
  'cookie' => 'thinkphp_show_page_trace=0|0; thinkphp_show_page_trace=0|0',
)
[ info ] [ PARAM ] array (
  'lib' => 'swiper',
  'css' => 'swiper.min.css',
)
[ info ] [ LANG ] D:\xampp\htdocs\paopao\vendor\thinkcmf\cmf\src\behavior/../lang\zh-cn.php
[ info ] [ LANG ] D:\xampp\htdocs\paopao\vendor/thinkcmf/cmf-app/src/admin/lang/zh-cn.php
[ info ] [ LANG ] D:\xampp\htdocs\paopao\vendor/thinkcmf/cmf-app/src/admin/lang/zh-cn/common.php
[ info ] [ LANG ] D:\xampp\htdocs\paopao\vendor/thinkcmf/cmf-app/src/user/lang/zh-cn.php
---------------------------------------------------------------

[2020-05-13T17:59:50+08:00] 127.0.0.1 GET paopao1.com/login/assets/css/base.css
[运行时间：0.121675s] [吞吐率：8.22req/s] [内存消耗：1,977.13kb] [文件加载：85]
[ info ] [ LANG ] D:\xampp\htdocs\paopao/vendor\thinkphp\lang\zh-cn.php
[ info ] [ BIND ] 'mobile'
[ info ] [ ROUTE ] array (
)
[ info ] [ HEADER ] array (
  'host' => 'paopao1.com',
  'connection' => 'keep-alive',
  'user-agent' => 'Mozilla/5.0 (Windows NT 10.0; Win64; x64) AppleWebKit/537.36 (KHTML, like Gecko) Chrome/80.0.3987.100 Safari/537.36',
  'accept' => 'text/css,*/*;q=0.1',
  'referer' => 'http://paopao1.com/login/login',
  'accept-encoding' => 'gzip, deflate',
  'accept-language' => 'zh-CN,zh;q=0.9',
  'cookie' => 'thinkphp_show_page_trace=0|0; thinkphp_show_page_trace=0|0',
)
[ info ] [ PARAM ] array (
  'css' => 'base.css',
)
[ info ] [ LANG ] D:\xampp\htdocs\paopao\vendor\thinkcmf\cmf\src\behavior/../lang\zh-cn.php
[ info ] [ LANG ] D:\xampp\htdocs\paopao\vendor/thinkcmf/cmf-app/src/admin/lang/zh-cn.php
[ info ] [ LANG ] D:\xampp\htdocs\paopao\vendor/thinkcmf/cmf-app/src/admin/lang/zh-cn/common.php
[ info ] [ LANG ] D:\xampp\htdocs\paopao\vendor/thinkcmf/cmf-app/src/user/lang/zh-cn.php
---------------------------------------------------------------

[2020-05-13T17:59:50+08:00] 127.0.0.1 GET paopao1.com/login/assets/lib/jquery/1.12.4/jquery.min.js
[运行时间：0.151912s] [吞吐率：6.58req/s] [内存消耗：1,977.20kb] [文件加载：85]
[ info ] [ LANG ] D:\xampp\htdocs\paopao/vendor\thinkphp\lang\zh-cn.php
[ info ] [ BIND ] 'mobile'
[ info ] [ ROUTE ] array (
)
[ info ] [ HEADER ] array (
  'host' => 'paopao1.com',
  'connection' => 'keep-alive',
  'user-agent' => 'Mozilla/5.0 (Windows NT 10.0; Win64; x64) AppleWebKit/537.36 (KHTML, like Gecko) Chrome/80.0.3987.100 Safari/537.36',
  'accept' => '*/*',
  'referer' => 'http://paopao1.com/login/login',
  'accept-encoding' => 'gzip, deflate',
  'accept-language' => 'zh-CN,zh;q=0.9',
  'cookie' => 'thinkphp_show_page_trace=0|0; thinkphp_show_page_trace=0|0',
)
[ info ] [ PARAM ] array (
  'lib' => 'jquery',
  0 => 'jquery.min.js',
)
[ info ] [ LANG ] D:\xampp\htdocs\paopao\vendor\thinkcmf\cmf\src\behavior/../lang\zh-cn.php
[ info ] [ LANG ] D:\xampp\htdocs\paopao\vendor/thinkcmf/cmf-app/src/admin/lang/zh-cn.php
[ info ] [ LANG ] D:\xampp\htdocs\paopao\vendor/thinkcmf/cmf-app/src/admin/lang/zh-cn/common.php
[ info ] [ LANG ] D:\xampp\htdocs\paopao\vendor/thinkcmf/cmf-app/src/user/lang/zh-cn.php
---------------------------------------------------------------

[2020-05-13T17:59:50+08:00] 127.0.0.1 GET paopao1.com/login/assets/css/style.css
[运行时间：0.162521s] [吞吐率：6.15req/s] [内存消耗：1,977.13kb] [文件加载：85]
[ info ] [ LANG ] D:\xampp\htdocs\paopao/vendor\thinkphp\lang\zh-cn.php
[ info ] [ BIND ] 'mobile'
[ info ] [ ROUTE ] array (
)
[ info ] [ HEADER ] array (
  'host' => 'paopao1.com',
  'connection' => 'keep-alive',
  'user-agent' => 'Mozilla/5.0 (Windows NT 10.0; Win64; x64) AppleWebKit/537.36 (KHTML, like Gecko) Chrome/80.0.3987.100 Safari/537.36',
  'accept' => 'text/css,*/*;q=0.1',
  'referer' => 'http://paopao1.com/login/login',
  'accept-encoding' => 'gzip, deflate',
  'accept-language' => 'zh-CN,zh;q=0.9',
  'cookie' => 'thinkphp_show_page_trace=0|0; thinkphp_show_page_trace=0|0',
)
[ info ] [ PARAM ] array (
  'css' => 'style.css',
)
[ info ] [ LANG ] D:\xampp\htdocs\paopao\vendor\thinkcmf\cmf\src\behavior/../lang\zh-cn.php
[ info ] [ LANG ] D:\xampp\htdocs\paopao\vendor/thinkcmf/cmf-app/src/admin/lang/zh-cn.php
[ info ] [ LANG ] D:\xampp\htdocs\paopao\vendor/thinkcmf/cmf-app/src/admin/lang/zh-cn/common.php
[ info ] [ LANG ] D:\xampp\htdocs\paopao\vendor/thinkcmf/cmf-app/src/user/lang/zh-cn.php
---------------------------------------------------------------

[2020-05-13T17:59:50+08:00] 127.0.0.1 GET paopao1.com/login/assets/lib/weui/weui.min.js
[运行时间：0.116060s] [吞吐率：8.62req/s] [内存消耗：1,976.84kb] [文件加载：85]
[ info ] [ LANG ] D:\xampp\htdocs\paopao/vendor\thinkphp\lang\zh-cn.php
[ info ] [ BIND ] 'mobile'
[ info ] [ ROUTE ] array (
)
[ info ] [ HEADER ] array (
  'host' => 'paopao1.com',
  'connection' => 'keep-alive',
  'user-agent' => 'Mozilla/5.0 (Windows NT 10.0; Win64; x64) AppleWebKit/537.36 (KHTML, like Gecko) Chrome/80.0.3987.100 Safari/537.36',
  'accept' => '*/*',
  'referer' => 'http://paopao1.com/login/login',
  'accept-encoding' => 'gzip, deflate',
  'accept-language' => 'zh-CN,zh;q=0.9',
  'cookie' => 'thinkphp_show_page_trace=0|0; thinkphp_show_page_trace=0|0',
)
[ info ] [ PARAM ] array (
  'lib' => 'weui',
)
[ info ] [ LANG ] D:\xampp\htdocs\paopao\vendor\thinkcmf\cmf\src\behavior/../lang\zh-cn.php
[ info ] [ LANG ] D:\xampp\htdocs\paopao\vendor/thinkcmf/cmf-app/src/admin/lang/zh-cn.php
[ info ] [ LANG ] D:\xampp\htdocs\paopao\vendor/thinkcmf/cmf-app/src/admin/lang/zh-cn/common.php
[ info ] [ LANG ] D:\xampp\htdocs\paopao\vendor/thinkcmf/cmf-app/src/user/lang/zh-cn.php
---------------------------------------------------------------

[2020-05-13T17:59:50+08:00] 127.0.0.1 GET paopao1.com/login/assets/lib/flexible/flexible.js
[运行时间：0.124906s] [吞吐率：8.01req/s] [内存消耗：1,977.12kb] [文件加载：85]
[ info ] [ LANG ] D:\xampp\htdocs\paopao/vendor\thinkphp\lang\zh-cn.php
[ info ] [ BIND ] 'mobile'
[ info ] [ ROUTE ] array (
)
[ info ] [ HEADER ] array (
  'host' => 'paopao1.com',
  'connection' => 'keep-alive',
  'user-agent' => 'Mozilla/5.0 (Windows NT 10.0; Win64; x64) AppleWebKit/537.36 (KHTML, like Gecko) Chrome/80.0.3987.100 Safari/537.36',
  'accept' => '*/*',
  'referer' => 'http://paopao1.com/login/login',
  'accept-encoding' => 'gzip, deflate',
  'accept-language' => 'zh-CN,zh;q=0.9',
  'cookie' => 'thinkphp_show_page_trace=0|0; thinkphp_show_page_trace=0|0',
)
[ info ] [ PARAM ] array (
  'lib' => 'flexible',
)
[ info ] [ LANG ] D:\xampp\htdocs\paopao\vendor\thinkcmf\cmf\src\behavior/../lang\zh-cn.php
[ info ] [ LANG ] D:\xampp\htdocs\paopao\vendor/thinkcmf/cmf-app/src/admin/lang/zh-cn.php
[ info ] [ LANG ] D:\xampp\htdocs\paopao\vendor/thinkcmf/cmf-app/src/admin/lang/zh-cn/common.php
[ info ] [ LANG ] D:\xampp\htdocs\paopao\vendor/thinkcmf/cmf-app/src/user/lang/zh-cn.php
---------------------------------------------------------------

[2020-05-13T17:59:50+08:00] 127.0.0.1 GET paopao1.com/login/assets/lib/swiper/js/swiper.min.js
[运行时间：0.059530s] [吞吐率：16.80req/s] [内存消耗：1,977.22kb] [文件加载：85]
[ info ] [ LANG ] D:\xampp\htdocs\paopao/vendor\thinkphp\lang\zh-cn.php
[ info ] [ BIND ] 'mobile'
[ info ] [ ROUTE ] array (
)
[ info ] [ HEADER ] array (
  'host' => 'paopao1.com',
  'connection' => 'keep-alive',
  'user-agent' => 'Mozilla/5.0 (Windows NT 10.0; Win64; x64) AppleWebKit/537.36 (KHTML, like Gecko) Chrome/80.0.3987.100 Safari/537.36',
  'accept' => '*/*',
  'referer' => 'http://paopao1.com/login/login',
  'accept-encoding' => 'gzip, deflate',
  'accept-language' => 'zh-CN,zh;q=0.9',
  'cookie' => 'thinkphp_show_page_trace=0|0; thinkphp_show_page_trace=0|0',
)
[ info ] [ PARAM ] array (
  'lib' => 'swiper',
  'js' => 'swiper.min.js',
)
[ info ] [ LANG ] D:\xampp\htdocs\paopao\vendor\thinkcmf\cmf\src\behavior/../lang\zh-cn.php
[ info ] [ LANG ] D:\xampp\htdocs\paopao\vendor/thinkcmf/cmf-app/src/admin/lang/zh-cn.php
[ info ] [ LANG ] D:\xampp\htdocs\paopao\vendor/thinkcmf/cmf-app/src/admin/lang/zh-cn/common.php
[ info ] [ LANG ] D:\xampp\htdocs\paopao\vendor/thinkcmf/cmf-app/src/user/lang/zh-cn.php
