---------------------------------------------------------------

[2020-05-15T17:25:35+08:00] 127.0.0.1 GET paopao1.com/login/login
[运行时间：1.368953s] [吞吐率：0.73req/s] [内存消耗：2,204.23kb] [文件加载：86]
[ info ] [ LANG ] D:\xampp\htdocs\paopao/vendor\thinkphp\lang\zh-cn.php
[ info ] [ BIND ] 'mobile'
[ info ] [ ROUTE ] array (
)
[ info ] [ HEADER ] array (
  'host' => 'paopao1.com',
  'connection' => 'keep-alive',
  'upgrade-insecure-requests' => '1',
  'user-agent' => 'Mozilla/5.0 (Windows NT 10.0; Win64; x64) AppleWebKit/537.36 (KHTML, like Gecko) Chrome/80.0.3987.100 Safari/537.36',
  'accept' => 'text/html,application/xhtml+xml,application/xml;q=0.9,image/webp,image/apng,*/*;q=0.8,application/signed-exchange;v=b3;q=0.9',
  'accept-encoding' => 'gzip, deflate',
  'accept-language' => 'zh-CN,zh;q=0.9',
)
[ info ] [ PARAM ] array (
)
[ info ] [ LANG ] D:\xampp\htdocs\paopao\vendor\thinkcmf\cmf\src\behavior/../lang\zh-cn.php
[ info ] [ LANG ] D:\xampp\htdocs\paopao\vendor/thinkcmf/cmf-app/src/admin/lang/zh-cn.php
[ info ] [ LANG ] D:\xampp\htdocs\paopao\vendor/thinkcmf/cmf-app/src/admin/lang/zh-cn/common.php
[ info ] [ LANG ] D:\xampp\htdocs\paopao\vendor/thinkcmf/cmf-app/src/user/lang/zh-cn.php
[ info ] [ VIEW ] D:\xampp\htdocs\paopao\public/themes/admin_simpleboot3/mobile\login\login.html [ array (
) ]
---------------------------------------------------------------

[2020-05-15T17:25:36+08:00] 127.0.0.1 GET paopao1.com/favicon.ico
[运行时间：0.360786s] [吞吐率：2.77req/s] [内存消耗：1,897.48kb] [文件加载：77]
[ info ] [ LANG ] D:\xampp\htdocs\paopao/vendor\thinkphp\lang\zh-cn.php
[ info ] [ BIND ] 'mobile'
[ info ] [ ROUTE ] array (
)
[ info ] [ HEADER ] array (
  'host' => 'paopao1.com',
  'connection' => 'keep-alive',
  'user-agent' => 'Mozilla/5.0 (Windows NT 10.0; Win64; x64) AppleWebKit/537.36 (KHTML, like Gecko) Chrome/80.0.3987.100 Safari/537.36',
  'accept' => 'image/webp,image/apng,image/*,*/*;q=0.8',
  'referer' => 'http://paopao1.com/login/login',
  'accept-encoding' => 'gzip, deflate',
  'accept-language' => 'zh-CN,zh;q=0.9',
)
[ info ] [ PARAM ] array (
)
[ info ] [ LANG ] D:\xampp\htdocs\paopao\vendor\thinkcmf\cmf\src\behavior/../lang\zh-cn.php
[ info ] [ LANG ] D:\xampp\htdocs\paopao\vendor/thinkcmf/cmf-app/src/admin/lang/zh-cn.php
[ info ] [ LANG ] D:\xampp\htdocs\paopao\vendor/thinkcmf/cmf-app/src/admin/lang/zh-cn/common.php
[ info ] [ LANG ] D:\xampp\htdocs\paopao\vendor/thinkcmf/cmf-app/src/user/lang/zh-cn.php
---------------------------------------------------------------

[2020-05-15T17:34:21+08:00] 127.0.0.1 GET paopao1.com/login/login
[运行时间：0.190084s] [吞吐率：5.26req/s] [内存消耗：2,200.88kb] [文件加载：86]
[ info ] [ LANG ] D:\xampp\htdocs\paopao/vendor\thinkphp\lang\zh-cn.php
[ info ] [ BIND ] 'mobile'
[ info ] [ ROUTE ] array (
)
[ info ] [ HEADER ] array (
  'host' => 'paopao1.com',
  'connection' => 'keep-alive',
  'cache-control' => 'max-age=0',
  'upgrade-insecure-requests' => '1',
  'user-agent' => 'Mozilla/5.0 (Linux; Android 6.0; Nexus 5 Build/MRA58N) AppleWebKit/537.36 (KHTML, like Gecko) Chrome/80.0.3987.100 Mobile Safari/537.36',
  'accept' => 'text/html,application/xhtml+xml,application/xml;q=0.9,image/webp,image/apng,*/*;q=0.8,application/signed-exchange;v=b3;q=0.9',
  'accept-encoding' => 'gzip, deflate',
  'accept-language' => 'zh-CN,zh;q=0.9',
  'cookie' => 'thinkphp_show_page_trace=0|0',
)
[ info ] [ PARAM ] array (
)
[ info ] [ LANG ] D:\xampp\htdocs\paopao\vendor\thinkcmf\cmf\src\behavior/../lang\zh-cn.php
[ info ] [ LANG ] D:\xampp\htdocs\paopao\vendor/thinkcmf/cmf-app/src/admin/lang/zh-cn.php
[ info ] [ LANG ] D:\xampp\htdocs\paopao\vendor/thinkcmf/cmf-app/src/admin/lang/zh-cn/common.php
[ info ] [ LANG ] D:\xampp\htdocs\paopao\vendor/thinkcmf/cmf-app/src/user/lang/zh-cn.php
[ info ] [ VIEW ] D:\xampp\htdocs\paopao\public/themes/admin_simpleboot3/mobile\login\login.html [ array (
) ]
---------------------------------------------------------------

[2020-05-15T17:35:05+08:00] 127.0.0.1 GET paopao1.com/login/login
[运行时间：0.103745s] [吞吐率：9.64req/s] [内存消耗：2,200.88kb] [文件加载：86]
[ info ] [ LANG ] D:\xampp\htdocs\paopao/vendor\thinkphp\lang\zh-cn.php
[ info ] [ BIND ] 'mobile'
[ info ] [ ROUTE ] array (
)
[ info ] [ HEADER ] array (
  'host' => 'paopao1.com',
  'connection' => 'keep-alive',
  'cache-control' => 'max-age=0',
  'upgrade-insecure-requests' => '1',
  'user-agent' => 'Mozilla/5.0 (Linux; Android 6.0; Nexus 5 Build/MRA58N) AppleWebKit/537.36 (KHTML, like Gecko) Chrome/80.0.3987.100 Mobile Safari/537.36',
  'accept' => 'text/html,application/xhtml+xml,application/xml;q=0.9,image/webp,image/apng,*/*;q=0.8,application/signed-exchange;v=b3;q=0.9',
  'accept-encoding' => 'gzip, deflate',
  'accept-language' => 'zh-CN,zh;q=0.9',
  'cookie' => 'thinkphp_show_page_trace=0|0',
)
[ info ] [ PARAM ] array (
)
[ info ] [ LANG ] D:\xampp\htdocs\paopao\vendor\thinkcmf\cmf\src\behavior/../lang\zh-cn.php
[ info ] [ LANG ] D:\xampp\htdocs\paopao\vendor/thinkcmf/cmf-app/src/admin/lang/zh-cn.php
[ info ] [ LANG ] D:\xampp\htdocs\paopao\vendor/thinkcmf/cmf-app/src/admin/lang/zh-cn/common.php
[ info ] [ LANG ] D:\xampp\htdocs\paopao\vendor/thinkcmf/cmf-app/src/user/lang/zh-cn.php
[ info ] [ VIEW ] D:\xampp\htdocs\paopao\public/themes/admin_simpleboot3/mobile\login\login.html [ array (
) ]
---------------------------------------------------------------

[2020-05-15T17:35:05+08:00] 127.0.0.1 GET paopao1.com/themes/admin_simpleboot3/public/massets/lib/js/common.js
[运行时间：0.090015s] [吞吐率：11.11req/s] [内存消耗：1,897.70kb] [文件加载：77]
[ info ] [ LANG ] D:\xampp\htdocs\paopao/vendor\thinkphp\lang\zh-cn.php
[ info ] [ BIND ] 'mobile'
[ info ] [ ROUTE ] array (
)
[ info ] [ HEADER ] array (
  'host' => 'paopao1.com',
  'connection' => 'keep-alive',
  'user-agent' => 'Mozilla/5.0 (Linux; Android 6.0; Nexus 5 Build/MRA58N) AppleWebKit/537.36 (KHTML, like Gecko) Chrome/80.0.3987.100 Mobile Safari/537.36',
  'accept' => '*/*',
  'referer' => 'http://paopao1.com/login/login',
  'accept-encoding' => 'gzip, deflate',
  'accept-language' => 'zh-CN,zh;q=0.9',
)
[ info ] [ PARAM ] array (
  'public' => 'massets',
  'lib' => 'js',
)
[ info ] [ LANG ] D:\xampp\htdocs\paopao\vendor\thinkcmf\cmf\src\behavior/../lang\zh-cn.php
[ info ] [ LANG ] D:\xampp\htdocs\paopao\vendor/thinkcmf/cmf-app/src/admin/lang/zh-cn.php
[ info ] [ LANG ] D:\xampp\htdocs\paopao\vendor/thinkcmf/cmf-app/src/admin/lang/zh-cn/common.php
[ info ] [ LANG ] D:\xampp\htdocs\paopao\vendor/thinkcmf/cmf-app/src/user/lang/zh-cn.php
---------------------------------------------------------------

[2020-05-15T17:35:13+08:00] 127.0.0.1 GET paopao1.com/login/login
[运行时间：0.074265s] [吞吐率：13.47req/s] [内存消耗：2,200.88kb] [文件加载：86]
[ info ] [ LANG ] D:\xampp\htdocs\paopao/vendor\thinkphp\lang\zh-cn.php
[ info ] [ BIND ] 'mobile'
[ info ] [ ROUTE ] array (
)
[ info ] [ HEADER ] array (
  'host' => 'paopao1.com',
  'connection' => 'keep-alive',
  'cache-control' => 'max-age=0',
  'upgrade-insecure-requests' => '1',
  'user-agent' => 'Mozilla/5.0 (Linux; Android 6.0; Nexus 5 Build/MRA58N) AppleWebKit/537.36 (KHTML, like Gecko) Chrome/80.0.3987.100 Mobile Safari/537.36',
  'accept' => 'text/html,application/xhtml+xml,application/xml;q=0.9,image/webp,image/apng,*/*;q=0.8,application/signed-exchange;v=b3;q=0.9',
  'accept-encoding' => 'gzip, deflate',
  'accept-language' => 'zh-CN,zh;q=0.9',
  'cookie' => 'thinkphp_show_page_trace=0|0',
)
[ info ] [ PARAM ] array (
)
[ info ] [ LANG ] D:\xampp\htdocs\paopao\vendor\thinkcmf\cmf\src\behavior/../lang\zh-cn.php
[ info ] [ LANG ] D:\xampp\htdocs\paopao\vendor/thinkcmf/cmf-app/src/admin/lang/zh-cn.php
[ info ] [ LANG ] D:\xampp\htdocs\paopao\vendor/thinkcmf/cmf-app/src/admin/lang/zh-cn/common.php
[ info ] [ LANG ] D:\xampp\htdocs\paopao\vendor/thinkcmf/cmf-app/src/user/lang/zh-cn.php
[ info ] [ VIEW ] D:\xampp\htdocs\paopao\public/themes/admin_simpleboot3/mobile\login\login.html [ array (
) ]
---------------------------------------------------------------

[2020-05-15T17:35:47+08:00] 127.0.0.1 GET paopao1.com/login/login
[运行时间：0.079378s] [吞吐率：12.60req/s] [内存消耗：2,200.88kb] [文件加载：86]
[ info ] [ LANG ] D:\xampp\htdocs\paopao/vendor\thinkphp\lang\zh-cn.php
[ info ] [ BIND ] 'mobile'
[ info ] [ ROUTE ] array (
)
[ info ] [ HEADER ] array (
  'host' => 'paopao1.com',
  'connection' => 'keep-alive',
  'cache-control' => 'max-age=0',
  'upgrade-insecure-requests' => '1',
  'user-agent' => 'Mozilla/5.0 (Linux; Android 6.0; Nexus 5 Build/MRA58N) AppleWebKit/537.36 (KHTML, like Gecko) Chrome/80.0.3987.100 Mobile Safari/537.36',
  'accept' => 'text/html,application/xhtml+xml,application/xml;q=0.9,image/webp,image/apng,*/*;q=0.8,application/signed-exchange;v=b3;q=0.9',
  'accept-encoding' => 'gzip, deflate',
  'accept-language' => 'zh-CN,zh;q=0.9',
  'cookie' => 'thinkphp_show_page_trace=0|0',
)
[ info ] [ PARAM ] array (
)
[ info ] [ LANG ] D:\xampp\htdocs\paopao\vendor\thinkcmf\cmf\src\behavior/../lang\zh-cn.php
[ info ] [ LANG ] D:\xampp\htdocs\paopao\vendor/thinkcmf/cmf-app/src/admin/lang/zh-cn.php
[ info ] [ LANG ] D:\xampp\htdocs\paopao\vendor/thinkcmf/cmf-app/src/admin/lang/zh-cn/common.php
[ info ] [ LANG ] D:\xampp\htdocs\paopao\vendor/thinkcmf/cmf-app/src/user/lang/zh-cn.php
[ info ] [ VIEW ] D:\xampp\htdocs\paopao\public/themes/admin_simpleboot3/mobile\login\login.html [ array (
) ]
---------------------------------------------------------------

[2020-05-15T17:42:30+08:00] 127.0.0.1 GET paopao1.com/login/login
[运行时间：0.085626s] [吞吐率：11.68req/s] [内存消耗：2,200.98kb] [文件加载：86]
[ info ] [ LANG ] D:\xampp\htdocs\paopao/vendor\thinkphp\lang\zh-cn.php
[ info ] [ BIND ] 'mobile'
[ info ] [ ROUTE ] array (
)
[ info ] [ HEADER ] array (
  'host' => 'paopao1.com',
  'connection' => 'keep-alive',
  'cache-control' => 'max-age=0',
  'upgrade-insecure-requests' => '1',
  'user-agent' => 'Mozilla/5.0 (Linux; Android 6.0; Nexus 5 Build/MRA58N) AppleWebKit/537.36 (KHTML, like Gecko) Chrome/80.0.3987.100 Mobile Safari/537.36',
  'accept' => 'text/html,application/xhtml+xml,application/xml;q=0.9,image/webp,image/apng,*/*;q=0.8,application/signed-exchange;v=b3;q=0.9',
  'accept-encoding' => 'gzip, deflate',
  'accept-language' => 'zh-CN,zh;q=0.9',
  'cookie' => 'thinkphp_show_page_trace=0|0',
)
[ info ] [ PARAM ] array (
)
[ info ] [ LANG ] D:\xampp\htdocs\paopao\vendor\thinkcmf\cmf\src\behavior/../lang\zh-cn.php
[ info ] [ LANG ] D:\xampp\htdocs\paopao\vendor/thinkcmf/cmf-app/src/admin/lang/zh-cn.php
[ info ] [ LANG ] D:\xampp\htdocs\paopao\vendor/thinkcmf/cmf-app/src/admin/lang/zh-cn/common.php
[ info ] [ LANG ] D:\xampp\htdocs\paopao\vendor/thinkcmf/cmf-app/src/user/lang/zh-cn.php
[ info ] [ VIEW ] D:\xampp\htdocs\paopao\public/themes/admin_simpleboot3/mobile\login\login.html [ array (
) ]
---------------------------------------------------------------

[2020-05-15T17:42:35+08:00] 127.0.0.1 POST paopao1.com/login/%7B:url('login/sendcms')%7D
[运行时间：0.038763s] [吞吐率：25.80req/s] [内存消耗：1,965.77kb] [文件加载：84]
[ info ] [ LANG ] D:\xampp\htdocs\paopao/vendor\thinkphp\lang\zh-cn.php
[ info ] [ BIND ] 'mobile'
[ info ] [ ROUTE ] array (
)
[ info ] [ HEADER ] array (
  'host' => 'paopao1.com',
  'connection' => 'keep-alive',
  'content-length' => '18',
  'accept' => 'application/json, text/javascript, */*; q=0.01',
  'x-requested-with' => 'XMLHttpRequest',
  'user-agent' => 'Mozilla/5.0 (Linux; Android 6.0; Nexus 5 Build/MRA58N) AppleWebKit/537.36 (KHTML, like Gecko) Chrome/80.0.3987.100 Mobile Safari/537.36',
  'content-type' => 'application/x-www-form-urlencoded; charset=UTF-8',
  'origin' => 'http://paopao1.com',
  'referer' => 'http://paopao1.com/login/login',
  'accept-encoding' => 'gzip, deflate',
  'accept-language' => 'zh-CN,zh;q=0.9',
  'cookie' => 'thinkphp_show_page_trace=0|0',
)
[ info ] [ PARAM ] array (
  'mobile' => '17306295528',
)
[ info ] [ LANG ] D:\xampp\htdocs\paopao\vendor\thinkcmf\cmf\src\behavior/../lang\zh-cn.php
[ info ] [ LANG ] D:\xampp\htdocs\paopao\vendor/thinkcmf/cmf-app/src/admin/lang/zh-cn.php
[ info ] [ LANG ] D:\xampp\htdocs\paopao\vendor/thinkcmf/cmf-app/src/admin/lang/zh-cn/common.php
[ info ] [ LANG ] D:\xampp\htdocs\paopao\vendor/thinkcmf/cmf-app/src/user/lang/zh-cn.php
---------------------------------------------------------------

[2020-05-15T17:43:48+08:00] 127.0.0.1 GET paopao1.com/login/login
[运行时间：0.059471s] [吞吐率：16.81req/s] [内存消耗：1,972.49kb] [文件加载：83]
[ info ] [ LANG ] D:\xampp\htdocs\paopao/vendor\thinkphp\lang\zh-cn.php
[ info ] [ BIND ] 'mobile'
[ info ] [ ROUTE ] array (
)
[ info ] [ HEADER ] array (
  'host' => 'paopao1.com',
  'connection' => 'keep-alive',
  'cache-control' => 'max-age=0',
  'upgrade-insecure-requests' => '1',
  'user-agent' => 'Mozilla/5.0 (Linux; Android 6.0; Nexus 5 Build/MRA58N) AppleWebKit/537.36 (KHTML, like Gecko) Chrome/80.0.3987.100 Mobile Safari/537.36',
  'accept' => 'text/html,application/xhtml+xml,application/xml;q=0.9,image/webp,image/apng,*/*;q=0.8,application/signed-exchange;v=b3;q=0.9',
  'accept-encoding' => 'gzip, deflate',
  'accept-language' => 'zh-CN,zh;q=0.9',
  'cookie' => 'thinkphp_show_page_trace=0|0',
)
[ info ] [ PARAM ] array (
)
[ info ] [ LANG ] D:\xampp\htdocs\paopao\vendor\thinkcmf\cmf\src\behavior/../lang\zh-cn.php
[ info ] [ LANG ] D:\xampp\htdocs\paopao\vendor/thinkcmf/cmf-app/src/admin/lang/zh-cn.php
[ info ] [ LANG ] D:\xampp\htdocs\paopao\vendor/thinkcmf/cmf-app/src/admin/lang/zh-cn/common.php
[ info ] [ LANG ] D:\xampp\htdocs\paopao\vendor/thinkcmf/cmf-app/src/user/lang/zh-cn.php
[ info ] [ VIEW ] D:\xampp\htdocs\paopao\public/themes/admin_simpleboot3/mobile\login\login.html [ array (
) ]
---------------------------------------------------------------

[2020-05-15T17:46:00+08:00] 127.0.0.1 GET paopao1.com/login/login
[运行时间：0.122622s] [吞吐率：8.16req/s] [内存消耗：2,257.16kb] [文件加载：88]
[ info ] [ LANG ] D:\xampp\htdocs\paopao/vendor\thinkphp\lang\zh-cn.php
[ info ] [ BIND ] 'mobile'
[ info ] [ ROUTE ] array (
)
[ info ] [ HEADER ] array (
  'host' => 'paopao1.com',
  'connection' => 'keep-alive',
  'cache-control' => 'max-age=0',
  'upgrade-insecure-requests' => '1',
  'user-agent' => 'Mozilla/5.0 (Linux; Android 6.0; Nexus 5 Build/MRA58N) AppleWebKit/537.36 (KHTML, like Gecko) Chrome/80.0.3987.100 Mobile Safari/537.36',
  'accept' => 'text/html,application/xhtml+xml,application/xml;q=0.9,image/webp,image/apng,*/*;q=0.8,application/signed-exchange;v=b3;q=0.9',
  'accept-encoding' => 'gzip, deflate',
  'accept-language' => 'zh-CN,zh;q=0.9',
  'cookie' => 'thinkphp_show_page_trace=0|0',
)
[ info ] [ PARAM ] array (
)
[ info ] [ LANG ] D:\xampp\htdocs\paopao\vendor\thinkcmf\cmf\src\behavior/../lang\zh-cn.php
[ info ] [ LANG ] D:\xampp\htdocs\paopao\vendor/thinkcmf/cmf-app/src/admin/lang/zh-cn.php
[ info ] [ LANG ] D:\xampp\htdocs\paopao\vendor/thinkcmf/cmf-app/src/admin/lang/zh-cn/common.php
[ info ] [ LANG ] D:\xampp\htdocs\paopao\vendor/thinkcmf/cmf-app/src/user/lang/zh-cn.php
[ info ] [ VIEW ] D:\xampp\htdocs\paopao\public/themes/admin_simpleboot3/mobile\login\login.html [ array (
) ]
---------------------------------------------------------------

[2020-05-15T17:46:09+08:00] 127.0.0.1 POST paopao1.com/login/sendcms.html
[运行时间：0.037492s] [吞吐率：26.67req/s] [内存消耗：1,911.70kb] [文件加载：80]
[ info ] [ LANG ] D:\xampp\htdocs\paopao/vendor\thinkphp\lang\zh-cn.php
[ info ] [ BIND ] 'mobile'
[ info ] [ ROUTE ] array (
)
[ info ] [ HEADER ] array (
  'host' => 'paopao1.com',
  'connection' => 'keep-alive',
  'content-length' => '18',
  'accept' => 'application/json, text/javascript, */*; q=0.01',
  'x-requested-with' => 'XMLHttpRequest',
  'user-agent' => 'Mozilla/5.0 (Linux; Android 6.0; Nexus 5 Build/MRA58N) AppleWebKit/537.36 (KHTML, like Gecko) Chrome/80.0.3987.100 Mobile Safari/537.36',
  'content-type' => 'application/x-www-form-urlencoded; charset=UTF-8',
  'origin' => 'http://paopao1.com',
  'referer' => 'http://paopao1.com/login/login',
  'accept-encoding' => 'gzip, deflate',
  'accept-language' => 'zh-CN,zh;q=0.9',
  'cookie' => 'thinkphp_show_page_trace=0|0',
)
[ info ] [ PARAM ] array (
  'mobile' => '17306295528',
)
[ info ] [ LANG ] D:\xampp\htdocs\paopao\vendor\thinkcmf\cmf\src\behavior/../lang\zh-cn.php
[ info ] [ LANG ] D:\xampp\htdocs\paopao\vendor/thinkcmf/cmf-app/src/admin/lang/zh-cn.php
[ info ] [ LANG ] D:\xampp\htdocs\paopao\vendor/thinkcmf/cmf-app/src/admin/lang/zh-cn/common.php
[ info ] [ LANG ] D:\xampp\htdocs\paopao\vendor/thinkcmf/cmf-app/src/user/lang/zh-cn.php
