---------------------------------------------------------------

[2020-05-18T07:45:32+08:00] 47.101.45.59 GET paopao.yzata.cn/
[运行时间：0.219854s] [吞吐率：4.55req/s] [内存消耗：2,377.58kb] [文件加载：83]
[ info ] [ LANG ] /www/wwwroot/paopao.yzata.cn/vendor/thinkphp/lang/zh-cn.php
[ info ] [ BIND ] 'mobile'
[ info ] [ ROUTE ] array (
)
[ info ] [ HEADER ] array (
  'accept-encoding' => 'gzip',
  'connection' => 'Keep-Alive',
  'host' => 'paopao.yzata.cn',
  'user-agent' => 'Mozilla/5.0 (iphone safari)iPhone Safari',
)
[ info ] [ PARAM ] array (
)
[ info ] [ LANG ] /www/wwwroot/paopao.yzata.cn/vendor/thinkcmf/cmf/src/behavior/../lang/zh-cn.php
[ info ] [ LANG ] /www/wwwroot/paopao.yzata.cn/vendor/thinkcmf/cmf-app/src/admin/lang/zh-cn.php
[ info ] [ LANG ] /www/wwwroot/paopao.yzata.cn/vendor/thinkcmf/cmf-app/src/admin/lang/zh-cn/common.php
[ info ] [ LANG ] /www/wwwroot/paopao.yzata.cn/vendor/thinkcmf/cmf-app/src/user/lang/zh-cn.php
[ info ] [ VIEW ] /www/wwwroot/paopao.yzata.cn/public/themes/admin_simpleboot3/mobile/index/index.html [ array (
) ]
---------------------------------------------------------------

[2020-05-18T23:28:07+08:00] 178.128.140.117 GET paopao.yzata.cn/
[运行时间：0.139794s] [吞吐率：7.15req/s] [内存消耗：2,379.01kb] [文件加载：83]
[ info ] [ LANG ] /www/wwwroot/paopao.yzata.cn/vendor/thinkphp/lang/zh-cn.php
[ info ] [ BIND ] 'mobile'
[ info ] [ ROUTE ] array (
)
[ info ] [ HEADER ] array (
  'connection' => 'keep-alive',
  'cache-control' => 'max-age=259200',
  'host' => 'paopao.yzata.cn',
  'referer' => 'http://paopao.yzata.cn/',
  'ua-cpu' => 'x86',
  'accept-encoding' => 'identity',
  'accept-language' => 'nl-NL,nl;q=0.8,en-US;q=0.5,en;q=0.3',
  'accept' => '*/*',
  'user-agent' => 'Mozilla/5.0 (iPhone; CPU iPhone OS 13_3 like Mac OS X) AppleWebKit/605.1.15 (KHTML, like Gecko) Version/13.0.4 Mobile/15E148 Safari/604.1',
)
[ info ] [ PARAM ] array (
)
[ info ] [ LANG ] /www/wwwroot/paopao.yzata.cn/vendor/thinkcmf/cmf/src/behavior/../lang/zh-cn.php
[ info ] [ LANG ] /www/wwwroot/paopao.yzata.cn/vendor/thinkcmf/cmf-app/src/admin/lang/zh-cn.php
[ info ] [ LANG ] /www/wwwroot/paopao.yzata.cn/vendor/thinkcmf/cmf-app/src/admin/lang/zh-cn/common.php
[ info ] [ LANG ] /www/wwwroot/paopao.yzata.cn/vendor/thinkcmf/cmf-app/src/user/lang/zh-cn.php
[ info ] [ VIEW ] /www/wwwroot/paopao.yzata.cn/public/themes/admin_simpleboot3/mobile/index/index.html [ array (
) ]
---------------------------------------------------------------

[2020-05-18T23:28:07+08:00] 87.115.231.215 GET paopao.yzata.cn/
[运行时间：0.039814s] [吞吐率：25.12req/s] [内存消耗：2,379.01kb] [文件加载：83]
[ info ] [ LANG ] /www/wwwroot/paopao.yzata.cn/vendor/thinkphp/lang/zh-cn.php
[ info ] [ BIND ] 'mobile'
[ info ] [ ROUTE ] array (
)
[ info ] [ HEADER ] array (
  'connection' => 'keep-alive',
  'cache-control' => 'max-age=259200',
  'host' => 'paopao.yzata.cn',
  'referer' => 'http://paopao.yzata.cn/',
  'ua-cpu' => 'x86',
  'accept-encoding' => 'identity',
  'accept-language' => 'en-GB,en-US;q=0.7,en;q=0.3',
  'accept' => '*/*',
  'user-agent' => 'Mozilla/5.0 (Windows NT 10.0; Win64; x64) AppleWebKit/537.36 (KHTML, like Gecko) Chrome/81.0.4044.129 Safari/537.36',
)
[ info ] [ PARAM ] array (
)
[ info ] [ LANG ] /www/wwwroot/paopao.yzata.cn/vendor/thinkcmf/cmf/src/behavior/../lang/zh-cn.php
[ info ] [ LANG ] /www/wwwroot/paopao.yzata.cn/vendor/thinkcmf/cmf-app/src/admin/lang/zh-cn.php
[ info ] [ LANG ] /www/wwwroot/paopao.yzata.cn/vendor/thinkcmf/cmf-app/src/admin/lang/zh-cn/common.php
[ info ] [ LANG ] /www/wwwroot/paopao.yzata.cn/vendor/thinkcmf/cmf-app/src/user/lang/zh-cn.php
[ info ] [ VIEW ] /www/wwwroot/paopao.yzata.cn/public/themes/admin_simpleboot3/mobile/index/index.html [ array (
) ]
---------------------------------------------------------------

[2020-05-18T23:28:08+08:00] 178.128.140.117 GET paopao.yzata.cn/
[运行时间：0.021002s] [吞吐率：47.61req/s] [内存消耗：2,379.00kb] [文件加载：83]
[ info ] [ LANG ] /www/wwwroot/paopao.yzata.cn/vendor/thinkphp/lang/zh-cn.php
[ info ] [ BIND ] 'mobile'
[ info ] [ ROUTE ] array (
)
[ info ] [ HEADER ] array (
  'referer' => 'https://paopao.yzata.cn/',
  'ua-cpu' => 'x86',
  'host' => 'paopao.yzata.cn',
  'accept-encoding' => 'identity',
  'accept-language' => 'nl-NL,nl;q=0.8,en-US;q=0.5,en;q=0.3',
  'te' => 'trailers',
  'accept' => '*/*',
  'connection' => 'close, Te',
  'user-agent' => 'Mozilla/5.0 (iPhone; CPU iPhone OS 13_3 like Mac OS X) AppleWebKit/605.1.15 (KHTML, like Gecko) Version/13.0.4 Mobile/15E148 Safari/604.1',
)
[ info ] [ PARAM ] array (
)
[ info ] [ LANG ] /www/wwwroot/paopao.yzata.cn/vendor/thinkcmf/cmf/src/behavior/../lang/zh-cn.php
[ info ] [ LANG ] /www/wwwroot/paopao.yzata.cn/vendor/thinkcmf/cmf-app/src/admin/lang/zh-cn.php
[ info ] [ LANG ] /www/wwwroot/paopao.yzata.cn/vendor/thinkcmf/cmf-app/src/admin/lang/zh-cn/common.php
[ info ] [ LANG ] /www/wwwroot/paopao.yzata.cn/vendor/thinkcmf/cmf-app/src/user/lang/zh-cn.php
[ info ] [ VIEW ] /www/wwwroot/paopao.yzata.cn/public/themes/admin_simpleboot3/mobile/index/index.html [ array (
) ]
---------------------------------------------------------------

[2020-05-18T23:28:09+08:00] 167.172.14.8 GET paopao.yzata.cn/
[运行时间：0.020477s] [吞吐率：48.84req/s] [内存消耗：2,379.01kb] [文件加载：83]
[ info ] [ LANG ] /www/wwwroot/paopao.yzata.cn/vendor/thinkphp/lang/zh-cn.php
[ info ] [ BIND ] 'mobile'
[ info ] [ ROUTE ] array (
)
[ info ] [ HEADER ] array (
  'connection' => 'keep-alive',
  'cache-control' => 'max-age=259200',
  'host' => 'paopao.yzata.cn',
  'referer' => 'http://paopao.yzata.cn/',
  'ua-cpu' => 'x86',
  'accept-encoding' => 'identity',
  'accept-language' => 'en-US,en;q=0.5',
  'accept' => '*/*',
  'user-agent' => 'Mozilla/5.0 (iPhone; CPU iPhone OS 13_3_1 like Mac OS X) AppleWebKit/605.1.15 (KHTML, like Gecko) Version/13.0.5 Mobile/15E148 Safari/604.1',
)
[ info ] [ PARAM ] array (
)
[ info ] [ LANG ] /www/wwwroot/paopao.yzata.cn/vendor/thinkcmf/cmf/src/behavior/../lang/zh-cn.php
[ info ] [ LANG ] /www/wwwroot/paopao.yzata.cn/vendor/thinkcmf/cmf-app/src/admin/lang/zh-cn.php
[ info ] [ LANG ] /www/wwwroot/paopao.yzata.cn/vendor/thinkcmf/cmf-app/src/admin/lang/zh-cn/common.php
[ info ] [ LANG ] /www/wwwroot/paopao.yzata.cn/vendor/thinkcmf/cmf-app/src/user/lang/zh-cn.php
[ info ] [ VIEW ] /www/wwwroot/paopao.yzata.cn/public/themes/admin_simpleboot3/mobile/index/index.html [ array (
) ]
---------------------------------------------------------------

[2020-05-18T23:28:09+08:00] 87.115.231.215 GET paopao.yzata.cn/
[运行时间：0.021591s] [吞吐率：46.32req/s] [内存消耗：2,378.88kb] [文件加载：83]
[ info ] [ LANG ] /www/wwwroot/paopao.yzata.cn/vendor/thinkphp/lang/zh-cn.php
[ info ] [ BIND ] 'mobile'
[ info ] [ ROUTE ] array (
)
[ info ] [ HEADER ] array (
  'referer' => 'https://paopao.yzata.cn/',
  'ua-cpu' => 'x86',
  'host' => 'paopao.yzata.cn',
  'accept-encoding' => 'identity',
  'accept-language' => 'en-GB,en-US;q=0.7,en;q=0.3',
  'te' => 'trailers',
  'accept' => '*/*',
  'connection' => 'close, Te',
  'user-agent' => 'Mozilla/5.0 (Windows NT 10.0; Win64; x64) AppleWebKit/537.36 (KHTML, like Gecko) Chrome/81.0.4044.129 Safari/537.36',
)
[ info ] [ PARAM ] array (
)
[ info ] [ LANG ] /www/wwwroot/paopao.yzata.cn/vendor/thinkcmf/cmf/src/behavior/../lang/zh-cn.php
[ info ] [ LANG ] /www/wwwroot/paopao.yzata.cn/vendor/thinkcmf/cmf-app/src/admin/lang/zh-cn.php
[ info ] [ LANG ] /www/wwwroot/paopao.yzata.cn/vendor/thinkcmf/cmf-app/src/admin/lang/zh-cn/common.php
[ info ] [ LANG ] /www/wwwroot/paopao.yzata.cn/vendor/thinkcmf/cmf-app/src/user/lang/zh-cn.php
[ info ] [ VIEW ] /www/wwwroot/paopao.yzata.cn/public/themes/admin_simpleboot3/mobile/index/index.html [ array (
) ]
---------------------------------------------------------------

[2020-05-18T23:28:11+08:00] 167.172.14.8 GET paopao.yzata.cn/
[运行时间：0.021022s] [吞吐率：47.57req/s] [内存消耗：2,379.00kb] [文件加载：83]
[ info ] [ LANG ] /www/wwwroot/paopao.yzata.cn/vendor/thinkphp/lang/zh-cn.php
[ info ] [ BIND ] 'mobile'
[ info ] [ ROUTE ] array (
)
[ info ] [ HEADER ] array (
  'referer' => 'https://paopao.yzata.cn/',
  'ua-cpu' => 'x86',
  'host' => 'paopao.yzata.cn',
  'accept-encoding' => 'identity',
  'accept-language' => 'en-US,en;q=0.5',
  'te' => 'trailers',
  'accept' => '*/*',
  'connection' => 'close, Te',
  'user-agent' => 'Mozilla/5.0 (iPhone; CPU iPhone OS 13_3_1 like Mac OS X) AppleWebKit/605.1.15 (KHTML, like Gecko) Version/13.0.5 Mobile/15E148 Safari/604.1',
)
[ info ] [ PARAM ] array (
)
[ info ] [ LANG ] /www/wwwroot/paopao.yzata.cn/vendor/thinkcmf/cmf/src/behavior/../lang/zh-cn.php
[ info ] [ LANG ] /www/wwwroot/paopao.yzata.cn/vendor/thinkcmf/cmf-app/src/admin/lang/zh-cn.php
[ info ] [ LANG ] /www/wwwroot/paopao.yzata.cn/vendor/thinkcmf/cmf-app/src/admin/lang/zh-cn/common.php
[ info ] [ LANG ] /www/wwwroot/paopao.yzata.cn/vendor/thinkcmf/cmf-app/src/user/lang/zh-cn.php
[ info ] [ VIEW ] /www/wwwroot/paopao.yzata.cn/public/themes/admin_simpleboot3/mobile/index/index.html [ array (
) ]
