---------------------------------------------------------------

[2020-05-27T08:29:38+08:00] 42.200.237.193 GET paopao.yzata.cn/login/login
[运行时间：0.215799s] [吞吐率：4.63req/s] [内存消耗：2,431.23kb] [文件加载：85]
[ info ] [ LANG ] /www/wwwroot/paopao.yzata.cn/vendor/thinkphp/lang/zh-cn.php
[ info ] [ BIND ] 'mobile'
[ info ] [ ROUTE ] array (
)
[ info ] [ HEADER ] array (
  'x-forwarded-for' => '42.200.237.193',
  'accept-encoding' => 'gzip,deflate,br',
  'user-agent' => 'Mozilla/5.0 (X11; Linux x86_64) AppleWebKit/537.36 (KHTML, like Gecko) Chrome/49.0.2623.75 Safari/537.36 Google Favicon',
  'accept' => 'text/html,application/xhtml+xml,application/xml;q=0.9,*/*;q=0.8',
  'connection' => 'keep-alive',
  'host' => 'paopao.yzata.cn',
)
[ info ] [ PARAM ] array (
)
[ info ] [ LANG ] /www/wwwroot/paopao.yzata.cn/vendor/thinkcmf/cmf/src/behavior/../lang/zh-cn.php
[ info ] [ LANG ] /www/wwwroot/paopao.yzata.cn/vendor/thinkcmf/cmf-app/src/admin/lang/zh-cn.php
[ info ] [ LANG ] /www/wwwroot/paopao.yzata.cn/vendor/thinkcmf/cmf-app/src/admin/lang/zh-cn/common.php
[ info ] [ LANG ] /www/wwwroot/paopao.yzata.cn/vendor/thinkcmf/cmf-app/src/user/lang/zh-cn.php
[ info ] [ VIEW ] /www/wwwroot/paopao.yzata.cn/public/themes/admin_simpleboot3/mobile/login/login.html [ array (
) ]
---------------------------------------------------------------

[2020-05-27T08:29:41+08:00] 42.200.237.193 GET paopao.yzata.cn/favicon.ico
[运行时间：0.023675s] [吞吐率：42.24req/s] [内存消耗：2,336.67kb] [文件加载：77]
[ info ] [ LANG ] /www/wwwroot/paopao.yzata.cn/vendor/thinkphp/lang/zh-cn.php
[ info ] [ BIND ] 'mobile'
[ info ] [ ROUTE ] array (
)
[ info ] [ HEADER ] array (
  'x-forwarded-for' => '42.200.237.193',
  'accept-encoding' => 'gzip,deflate,br',
  'user-agent' => 'Mozilla/5.0 (X11; Linux x86_64) AppleWebKit/537.36 (KHTML, like Gecko) Chrome/49.0.2623.75 Safari/537.36 Google Favicon',
  'accept' => 'image/*',
  'connection' => 'keep-alive',
  'host' => 'paopao.yzata.cn',
)
[ info ] [ PARAM ] array (
)
[ info ] [ LANG ] /www/wwwroot/paopao.yzata.cn/vendor/thinkcmf/cmf/src/behavior/../lang/zh-cn.php
[ info ] [ LANG ] /www/wwwroot/paopao.yzata.cn/vendor/thinkcmf/cmf-app/src/admin/lang/zh-cn.php
[ info ] [ LANG ] /www/wwwroot/paopao.yzata.cn/vendor/thinkcmf/cmf-app/src/admin/lang/zh-cn/common.php
[ info ] [ LANG ] /www/wwwroot/paopao.yzata.cn/vendor/thinkcmf/cmf-app/src/user/lang/zh-cn.php
---------------------------------------------------------------

[2020-05-27T09:48:37+08:00] 47.98.103.188 GET paopao.yzata.cn/
[运行时间：0.019150s] [吞吐率：52.22req/s] [内存消耗：2,314.08kb] [文件加载：79]
[ info ] [ LANG ] /www/wwwroot/paopao.yzata.cn/vendor/thinkphp/lang/zh-cn.php
[ info ] [ BIND ] 'mobile'
[ info ] [ ROUTE ] array (
)
[ info ] [ HEADER ] array (
  'accept-encoding' => 'gzip',
  'connection' => 'Keep-Alive',
  'host' => 'paopao.yzata.cn',
  'user-agent' => 'Mozilla/5.0 (X11; Ubuntu; Linux x86_64; rv:36.0) Gecko/20100101 Firefox/36.0',
)
[ info ] [ PARAM ] array (
)
[ info ] [ LANG ] /www/wwwroot/paopao.yzata.cn/vendor/thinkcmf/cmf/src/behavior/../lang/zh-cn.php
[ info ] [ LANG ] /www/wwwroot/paopao.yzata.cn/vendor/thinkcmf/cmf-app/src/admin/lang/zh-cn.php
[ info ] [ LANG ] /www/wwwroot/paopao.yzata.cn/vendor/thinkcmf/cmf-app/src/admin/lang/zh-cn/common.php
[ info ] [ LANG ] /www/wwwroot/paopao.yzata.cn/vendor/thinkcmf/cmf-app/src/user/lang/zh-cn.php
---------------------------------------------------------------

[2020-05-27T09:48:37+08:00] 47.98.103.188 GET paopao.yzata.cn/login/login
[运行时间：0.021862s] [吞吐率：45.74req/s] [内存消耗：2,430.54kb] [文件加载：85]
[ info ] [ LANG ] /www/wwwroot/paopao.yzata.cn/vendor/thinkphp/lang/zh-cn.php
[ info ] [ BIND ] 'mobile'
[ info ] [ ROUTE ] array (
)
[ info ] [ HEADER ] array (
  'accept-encoding' => 'gzip',
  'connection' => 'Keep-Alive',
  'host' => 'paopao.yzata.cn',
  'user-agent' => 'Mozilla/5.0 (X11; Ubuntu; Linux x86_64; rv:36.0) Gecko/20100101 Firefox/36.0',
)
[ info ] [ PARAM ] array (
)
[ info ] [ LANG ] /www/wwwroot/paopao.yzata.cn/vendor/thinkcmf/cmf/src/behavior/../lang/zh-cn.php
[ info ] [ LANG ] /www/wwwroot/paopao.yzata.cn/vendor/thinkcmf/cmf-app/src/admin/lang/zh-cn.php
[ info ] [ LANG ] /www/wwwroot/paopao.yzata.cn/vendor/thinkcmf/cmf-app/src/admin/lang/zh-cn/common.php
[ info ] [ LANG ] /www/wwwroot/paopao.yzata.cn/vendor/thinkcmf/cmf-app/src/user/lang/zh-cn.php
[ info ] [ VIEW ] /www/wwwroot/paopao.yzata.cn/public/themes/admin_simpleboot3/mobile/login/login.html [ array (
) ]
---------------------------------------------------------------

[2020-05-27T09:48:39+08:00] 47.98.103.188 GET paopao.yzata.cn/index/index.html
[运行时间：0.020289s] [吞吐率：49.29req/s] [内存消耗：2,314.97kb] [文件加载：79]
[ info ] [ LANG ] /www/wwwroot/paopao.yzata.cn/vendor/thinkphp/lang/zh-cn.php
[ info ] [ BIND ] 'mobile'
[ info ] [ ROUTE ] array (
)
[ info ] [ HEADER ] array (
  'accept-encoding' => 'gzip',
  'connection' => 'Keep-Alive',
  'host' => 'paopao.yzata.cn',
  'user-agent' => 'Mozilla/5.0 (X11; Ubuntu; Linux x86_64; rv:36.0) Gecko/20100101 Firefox/36.0',
)
[ info ] [ PARAM ] array (
)
[ info ] [ LANG ] /www/wwwroot/paopao.yzata.cn/vendor/thinkcmf/cmf/src/behavior/../lang/zh-cn.php
[ info ] [ LANG ] /www/wwwroot/paopao.yzata.cn/vendor/thinkcmf/cmf-app/src/admin/lang/zh-cn.php
[ info ] [ LANG ] /www/wwwroot/paopao.yzata.cn/vendor/thinkcmf/cmf-app/src/admin/lang/zh-cn/common.php
[ info ] [ LANG ] /www/wwwroot/paopao.yzata.cn/vendor/thinkcmf/cmf-app/src/user/lang/zh-cn.php
---------------------------------------------------------------

[2020-05-27T09:48:39+08:00] 47.98.103.188 GET paopao.yzata.cn/register/index.html
[运行时间：0.027225s] [吞吐率：36.73req/s] [内存消耗：2,434.34kb] [文件加载：85]
[ info ] [ LANG ] /www/wwwroot/paopao.yzata.cn/vendor/thinkphp/lang/zh-cn.php
[ info ] [ BIND ] 'mobile'
[ info ] [ ROUTE ] array (
)
[ info ] [ HEADER ] array (
  'accept-encoding' => 'gzip',
  'connection' => 'Keep-Alive',
  'host' => 'paopao.yzata.cn',
  'user-agent' => 'Mozilla/5.0 (X11; Ubuntu; Linux x86_64; rv:36.0) Gecko/20100101 Firefox/36.0',
)
[ info ] [ PARAM ] array (
)
[ info ] [ LANG ] /www/wwwroot/paopao.yzata.cn/vendor/thinkcmf/cmf/src/behavior/../lang/zh-cn.php
[ info ] [ LANG ] /www/wwwroot/paopao.yzata.cn/vendor/thinkcmf/cmf-app/src/admin/lang/zh-cn.php
[ info ] [ LANG ] /www/wwwroot/paopao.yzata.cn/vendor/thinkcmf/cmf-app/src/admin/lang/zh-cn/common.php
[ info ] [ LANG ] /www/wwwroot/paopao.yzata.cn/vendor/thinkcmf/cmf-app/src/user/lang/zh-cn.php
[ info ] [ VIEW ] /www/wwwroot/paopao.yzata.cn/public/themes/admin_simpleboot3/mobile/register/index.html [ array (
) ]
---------------------------------------------------------------

[2020-05-27T09:48:39+08:00] 47.98.103.188 GET paopao.yzata.cn/login/login
[运行时间：0.022703s] [吞吐率：44.05req/s] [内存消耗：2,430.54kb] [文件加载：85]
[ info ] [ LANG ] /www/wwwroot/paopao.yzata.cn/vendor/thinkphp/lang/zh-cn.php
[ info ] [ BIND ] 'mobile'
[ info ] [ ROUTE ] array (
)
[ info ] [ HEADER ] array (
  'accept-encoding' => 'gzip',
  'connection' => 'Keep-Alive',
  'host' => 'paopao.yzata.cn',
  'user-agent' => 'Mozilla/5.0 (X11; Ubuntu; Linux x86_64; rv:36.0) Gecko/20100101 Firefox/36.0',
)
[ info ] [ PARAM ] array (
)
[ info ] [ LANG ] /www/wwwroot/paopao.yzata.cn/vendor/thinkcmf/cmf/src/behavior/../lang/zh-cn.php
[ info ] [ LANG ] /www/wwwroot/paopao.yzata.cn/vendor/thinkcmf/cmf-app/src/admin/lang/zh-cn.php
[ info ] [ LANG ] /www/wwwroot/paopao.yzata.cn/vendor/thinkcmf/cmf-app/src/admin/lang/zh-cn/common.php
[ info ] [ LANG ] /www/wwwroot/paopao.yzata.cn/vendor/thinkcmf/cmf-app/src/user/lang/zh-cn.php
[ info ] [ VIEW ] /www/wwwroot/paopao.yzata.cn/public/themes/admin_simpleboot3/mobile/login/login.html [ array (
) ]
---------------------------------------------------------------

[2020-05-27T12:40:01+08:00] 47.110.66.64 GET paopao.yzata.cn/
[运行时间：0.018797s] [吞吐率：53.20req/s] [内存消耗：2,315.02kb] [文件加载：79]
[ info ] [ LANG ] /www/wwwroot/paopao.yzata.cn/vendor/thinkphp/lang/zh-cn.php
[ info ] [ BIND ] 'mobile'
[ info ] [ ROUTE ] array (
)
[ info ] [ HEADER ] array (
  'connection' => 'close',
  'accept-language' => 'zh-CN,zh;q=0.9',
  'accept-encoding' => 'gzip, deflate',
  'accept' => 'text/html,application/xhtml+xml,application/xml;q=0.9,image/webp,image/apng,*/*;q=0.8,application/signed-exchange;v=b3',
  'host' => 'paopao.yzata.cn',
  'user-agent' => 'Mozilla/5.0 (Macintosh; Intel Mac OS X 10_14_6) AppleWebKit/537.36 (KHTML, like Gecko) Chrome/76.0.3809.132 Safari/537.36',
)
[ info ] [ PARAM ] array (
)
[ info ] [ LANG ] /www/wwwroot/paopao.yzata.cn/vendor/thinkcmf/cmf/src/behavior/../lang/zh-cn.php
[ info ] [ LANG ] /www/wwwroot/paopao.yzata.cn/vendor/thinkcmf/cmf-app/src/admin/lang/zh-cn.php
[ info ] [ LANG ] /www/wwwroot/paopao.yzata.cn/vendor/thinkcmf/cmf-app/src/admin/lang/zh-cn/common.php
[ info ] [ LANG ] /www/wwwroot/paopao.yzata.cn/vendor/thinkcmf/cmf-app/src/user/lang/zh-cn.php
---------------------------------------------------------------

[2020-05-27T12:40:04+08:00] 47.110.66.64 GET paopao.yzata.cn/login/login
[运行时间：0.022471s] [吞吐率：44.50req/s] [内存消耗：2,431.64kb] [文件加载：85]
[ info ] [ LANG ] /www/wwwroot/paopao.yzata.cn/vendor/thinkphp/lang/zh-cn.php
[ info ] [ BIND ] 'mobile'
[ info ] [ ROUTE ] array (
)
[ info ] [ HEADER ] array (
  'connection' => 'close',
  'cookie' => 'PHPSESSID=0jdk0sbu0e5dj1nctfdohtrgvf',
  'accept-language' => 'zh-CN,zh;q=0.9',
  'accept-encoding' => 'gzip, deflate',
  'accept' => 'text/html,application/xhtml+xml,application/xml;q=0.9,image/webp,image/apng,*/*;q=0.8,application/signed-exchange;v=b3',
  'host' => 'paopao.yzata.cn',
  'user-agent' => 'Mozilla/5.0 (Macintosh; Intel Mac OS X 10_14_6) AppleWebKit/537.36 (KHTML, like Gecko) Chrome/76.0.3809.132 Safari/537.36',
)
[ info ] [ PARAM ] array (
)
[ info ] [ LANG ] /www/wwwroot/paopao.yzata.cn/vendor/thinkcmf/cmf/src/behavior/../lang/zh-cn.php
[ info ] [ LANG ] /www/wwwroot/paopao.yzata.cn/vendor/thinkcmf/cmf-app/src/admin/lang/zh-cn.php
[ info ] [ LANG ] /www/wwwroot/paopao.yzata.cn/vendor/thinkcmf/cmf-app/src/admin/lang/zh-cn/common.php
[ info ] [ LANG ] /www/wwwroot/paopao.yzata.cn/vendor/thinkcmf/cmf-app/src/user/lang/zh-cn.php
[ info ] [ VIEW ] /www/wwwroot/paopao.yzata.cn/public/themes/admin_simpleboot3/mobile/login/login.html [ array (
) ]
---------------------------------------------------------------

[2020-05-27T14:44:51+08:00] 68.183.241.134 GET paopao.yzata.cn/
[运行时间：0.020422s] [吞吐率：48.97req/s] [内存消耗：2,315.80kb] [文件加载：79]
[ info ] [ LANG ] /www/wwwroot/paopao.yzata.cn/vendor/thinkphp/lang/zh-cn.php
[ info ] [ BIND ] 'mobile'
[ info ] [ ROUTE ] array (
)
[ info ] [ HEADER ] array (
  'referer' => 'https://paopao.yzata.cn/',
  'ua-cpu' => 'x86',
  'host' => 'paopao.yzata.cn',
  'accept-encoding' => 'identity',
  'accept-language' => 'de-DE,de;q=0.8,en-US;q=0.5,en;q=0.3',
  'te' => 'trailers',
  'accept' => '*/*',
  'connection' => 'close, Te',
  'user-agent' => 'Mozilla/5.0 (Linux; U; Android 8.1.0; zh-CN; EML-AL00 Build/HUAWEIEML-AL00) AppleWebKit/537.36 (KHTML, like Gecko) Version/4.0 Chrome/57.0.2987.108 baidu.sogo.uc.UCBrowser/11.9.4.974 UWS/2.13.1.48 Mobile Safari/537.36 AliApp(DingTalk/4.5.11) com.alibaba.android.rimet/10487439 Channel/227200 language/zh-CN',
)
[ info ] [ PARAM ] array (
)
[ info ] [ LANG ] /www/wwwroot/paopao.yzata.cn/vendor/thinkcmf/cmf/src/behavior/../lang/zh-cn.php
[ info ] [ LANG ] /www/wwwroot/paopao.yzata.cn/vendor/thinkcmf/cmf-app/src/admin/lang/zh-cn.php
[ info ] [ LANG ] /www/wwwroot/paopao.yzata.cn/vendor/thinkcmf/cmf-app/src/admin/lang/zh-cn/common.php
[ info ] [ LANG ] /www/wwwroot/paopao.yzata.cn/vendor/thinkcmf/cmf-app/src/user/lang/zh-cn.php
---------------------------------------------------------------

[2020-05-27T14:44:52+08:00] 87.115.231.204 GET paopao.yzata.cn/
[运行时间：0.018698s] [吞吐率：53.48req/s] [内存消耗：2,315.18kb] [文件加载：79]
[ info ] [ LANG ] /www/wwwroot/paopao.yzata.cn/vendor/thinkphp/lang/zh-cn.php
[ info ] [ BIND ] 'mobile'
[ info ] [ ROUTE ] array (
)
[ info ] [ HEADER ] array (
  'referer' => 'https://paopao.yzata.cn/',
  'ua-cpu' => 'x86',
  'host' => 'paopao.yzata.cn',
  'accept-encoding' => 'identity',
  'accept-language' => 'en-GB,en-US;q=0.7,en;q=0.3',
  'te' => 'trailers',
  'accept' => '*/*',
  'connection' => 'close, Te',
  'user-agent' => 'mozilla/5.0 (iphone; cpu iphone os 11_0 like mac os x) applewebkit/604.1.38 (khtml, like gecko) version/11.0 mobile/15a372 safari/604.1',
)
[ info ] [ PARAM ] array (
)
[ info ] [ LANG ] /www/wwwroot/paopao.yzata.cn/vendor/thinkcmf/cmf/src/behavior/../lang/zh-cn.php
[ info ] [ LANG ] /www/wwwroot/paopao.yzata.cn/vendor/thinkcmf/cmf-app/src/admin/lang/zh-cn.php
[ info ] [ LANG ] /www/wwwroot/paopao.yzata.cn/vendor/thinkcmf/cmf-app/src/admin/lang/zh-cn/common.php
[ info ] [ LANG ] /www/wwwroot/paopao.yzata.cn/vendor/thinkcmf/cmf-app/src/user/lang/zh-cn.php
---------------------------------------------------------------

[2020-05-27T14:49:03+08:00] 68.183.241.134 GET paopao.yzata.cn/
[运行时间：0.020146s] [吞吐率：49.64req/s] [内存消耗：2,315.43kb] [文件加载：79]
[ info ] [ LANG ] /www/wwwroot/paopao.yzata.cn/vendor/thinkphp/lang/zh-cn.php
[ info ] [ BIND ] 'mobile'
[ info ] [ ROUTE ] array (
)
[ info ] [ HEADER ] array (
  'referer' => 'http://paopao.yzata.cn/',
  'ua-cpu' => 'x86',
  'host' => 'paopao.yzata.cn',
  'accept-encoding' => 'identity',
  'accept-language' => 'de-DE,de;q=0.8,en-US;q=0.5,en;q=0.3',
  'te' => 'trailers',
  'accept' => '*/*',
  'connection' => 'close, Te',
  'user-agent' => 'mozilla/5.0 (iphone; cpu iphone os 11_0 like mac os x) applewebkit/604.1.38 (khtml, like gecko) version/11.0 mobile/15a372 safari/604.1',
)
[ info ] [ PARAM ] array (
)
[ info ] [ LANG ] /www/wwwroot/paopao.yzata.cn/vendor/thinkcmf/cmf/src/behavior/../lang/zh-cn.php
[ info ] [ LANG ] /www/wwwroot/paopao.yzata.cn/vendor/thinkcmf/cmf-app/src/admin/lang/zh-cn.php
[ info ] [ LANG ] /www/wwwroot/paopao.yzata.cn/vendor/thinkcmf/cmf-app/src/admin/lang/zh-cn/common.php
[ info ] [ LANG ] /www/wwwroot/paopao.yzata.cn/vendor/thinkcmf/cmf-app/src/user/lang/zh-cn.php
---------------------------------------------------------------

[2020-05-27T14:49:03+08:00] 87.115.231.204 GET paopao.yzata.cn/
[运行时间：0.019707s] [吞吐率：50.74req/s] [内存消耗：2,315.43kb] [文件加载：79]
[ info ] [ LANG ] /www/wwwroot/paopao.yzata.cn/vendor/thinkphp/lang/zh-cn.php
[ info ] [ BIND ] 'mobile'
[ info ] [ ROUTE ] array (
)
[ info ] [ HEADER ] array (
  'referer' => 'http://paopao.yzata.cn/',
  'ua-cpu' => 'x86',
  'host' => 'paopao.yzata.cn',
  'accept-encoding' => 'identity',
  'accept-language' => 'en-GB,en-US;q=0.7,en;q=0.3',
  'te' => 'trailers',
  'accept' => '*/*',
  'connection' => 'close, Te',
  'user-agent' => 'Mozilla/5.0 (Linux; Android 4.2.1; en-us; Nexus 5 Build/JOP40D) AppleWebKit/535.19 (KHTML, like Gecko; googleweblight) Chrome/38.0.1025.166 Mobile Safari/535.19',
)
[ info ] [ PARAM ] array (
)
[ info ] [ LANG ] /www/wwwroot/paopao.yzata.cn/vendor/thinkcmf/cmf/src/behavior/../lang/zh-cn.php
[ info ] [ LANG ] /www/wwwroot/paopao.yzata.cn/vendor/thinkcmf/cmf-app/src/admin/lang/zh-cn.php
[ info ] [ LANG ] /www/wwwroot/paopao.yzata.cn/vendor/thinkcmf/cmf-app/src/admin/lang/zh-cn/common.php
[ info ] [ LANG ] /www/wwwroot/paopao.yzata.cn/vendor/thinkcmf/cmf-app/src/user/lang/zh-cn.php
---------------------------------------------------------------

[2020-05-27T14:49:54+08:00] 87.115.231.204 OPTIONS paopao.yzata.cn/
[运行时间：0.019135s] [吞吐率：52.26req/s] [内存消耗：2,314.70kb] [文件加载：79]
[ info ] [ LANG ] /www/wwwroot/paopao.yzata.cn/vendor/thinkphp/lang/zh-cn.php
[ info ] [ BIND ] 'mobile'
[ info ] [ ROUTE ] array (
)
[ info ] [ HEADER ] array (
  'referer' => 'http://paopao.yzata.cn/',
  'ua-cpu' => 'x86',
  'host' => 'paopao.yzata.cn',
  'accept-encoding' => 'identity',
  'accept-language' => 'en-GB,en-US;q=0.7,en;q=0.3',
  'te' => 'trailers',
  'accept' => '*/*',
  'connection' => 'close, Te',
  'user-agent' => 'Mozilla/5.0 (Windows NT 6.1; WOW64; Trident/7.0; SLCC2; .NET CLR 2.0.50727; .NET CLR 3.5.30729; .NET CLR 3.0.30729; .NET4.0C; .NET4.0E; rv 11.0) like Gecko',
)
[ info ] [ PARAM ] array (
)
[ info ] [ LANG ] /www/wwwroot/paopao.yzata.cn/vendor/thinkcmf/cmf/src/behavior/../lang/zh-cn.php
[ info ] [ LANG ] /www/wwwroot/paopao.yzata.cn/vendor/thinkcmf/cmf-app/src/admin/lang/zh-cn.php
[ info ] [ LANG ] /www/wwwroot/paopao.yzata.cn/vendor/thinkcmf/cmf-app/src/admin/lang/zh-cn/common.php
[ info ] [ LANG ] /www/wwwroot/paopao.yzata.cn/vendor/thinkcmf/cmf-app/src/user/lang/zh-cn.php
---------------------------------------------------------------

[2020-05-27T14:52:45+08:00] 87.115.231.204 GET paopao.yzata.cn/login/login
[运行时间：0.020938s] [吞吐率：47.76req/s] [内存消耗：2,431.77kb] [文件加载：85]
[ info ] [ LANG ] /www/wwwroot/paopao.yzata.cn/vendor/thinkphp/lang/zh-cn.php
[ info ] [ BIND ] 'mobile'
[ info ] [ ROUTE ] array (
)
[ info ] [ HEADER ] array (
  'referer' => 'https://paopao.yzata.cn/login/login',
  'ua-cpu' => 'x86',
  'host' => 'paopao.yzata.cn',
  'accept-encoding' => 'identity',
  'accept-language' => 'en-GB,en-US;q=0.7,en;q=0.3',
  'te' => 'trailers',
  'accept' => '*/*',
  'connection' => 'close, Te',
  'user-agent' => 'Mozilla/5.0 (Macintosh; Intel Mac OS X 10_15_4) AppleWebKit/605.1.15 (KHTML, like Gecko) Version/13.1 Safari/605.1.15',
)
[ info ] [ PARAM ] array (
)
[ info ] [ LANG ] /www/wwwroot/paopao.yzata.cn/vendor/thinkcmf/cmf/src/behavior/../lang/zh-cn.php
[ info ] [ LANG ] /www/wwwroot/paopao.yzata.cn/vendor/thinkcmf/cmf-app/src/admin/lang/zh-cn.php
[ info ] [ LANG ] /www/wwwroot/paopao.yzata.cn/vendor/thinkcmf/cmf-app/src/admin/lang/zh-cn/common.php
[ info ] [ LANG ] /www/wwwroot/paopao.yzata.cn/vendor/thinkcmf/cmf-app/src/user/lang/zh-cn.php
[ info ] [ VIEW ] /www/wwwroot/paopao.yzata.cn/public/themes/admin_simpleboot3/mobile/login/login.html [ array (
) ]
---------------------------------------------------------------

[2020-05-27T14:52:45+08:00] 159.65.210.36 GET paopao.yzata.cn/login/login
[运行时间：0.021075s] [吞吐率：47.45req/s] [内存消耗：2,431.77kb] [文件加载：85]
[ info ] [ LANG ] /www/wwwroot/paopao.yzata.cn/vendor/thinkphp/lang/zh-cn.php
[ info ] [ BIND ] 'mobile'
[ info ] [ ROUTE ] array (
)
[ info ] [ HEADER ] array (
  'referer' => 'https://paopao.yzata.cn/login/login',
  'ua-cpu' => 'x86',
  'host' => 'paopao.yzata.cn',
  'accept-encoding' => 'identity',
  'accept-language' => 'en-GB,en-US;q=0.7,en;q=0.3',
  'te' => 'trailers',
  'accept' => '*/*',
  'connection' => 'close, Te',
  'user-agent' => 'Mozilla/5.0 (Linux; Android 4.2.1; en-us; Nexus 5 Build/JOP40D) AppleWebKit/535.19 (KHTML, like Gecko; googleweblight) Chrome/38.0.1025.166 Mobile Safari/535.19',
)
[ info ] [ PARAM ] array (
)
[ info ] [ LANG ] /www/wwwroot/paopao.yzata.cn/vendor/thinkcmf/cmf/src/behavior/../lang/zh-cn.php
[ info ] [ LANG ] /www/wwwroot/paopao.yzata.cn/vendor/thinkcmf/cmf-app/src/admin/lang/zh-cn.php
[ info ] [ LANG ] /www/wwwroot/paopao.yzata.cn/vendor/thinkcmf/cmf-app/src/admin/lang/zh-cn/common.php
[ info ] [ LANG ] /www/wwwroot/paopao.yzata.cn/vendor/thinkcmf/cmf-app/src/user/lang/zh-cn.php
[ info ] [ VIEW ] /www/wwwroot/paopao.yzata.cn/public/themes/admin_simpleboot3/mobile/login/login.html [ array (
) ]
---------------------------------------------------------------

[2020-05-27T14:52:46+08:00] 196.251.250.184 GET paopao.yzata.cn/login/login
[运行时间：0.021437s] [吞吐率：46.65req/s] [内存消耗：2,432.52kb] [文件加载：85]
[ info ] [ LANG ] /www/wwwroot/paopao.yzata.cn/vendor/thinkphp/lang/zh-cn.php
[ info ] [ BIND ] 'mobile'
[ info ] [ ROUTE ] array (
)
[ info ] [ HEADER ] array (
  'referer' => 'https://paopao.yzata.cn/login/login',
  'ua-cpu' => 'x86',
  'host' => 'paopao.yzata.cn',
  'accept-encoding' => 'identity',
  'accept-language' => 'zu-ZA,zu;q=0.8,en-US;q=0.5,en;q=0.3',
  'te' => 'trailers',
  'accept' => '*/*',
  'connection' => 'close, Te',
  'user-agent' => 'Mozilla/5.0 (Linux; U; Android 8.1.0; zh-CN; EML-AL00 Build/HUAWEIEML-AL00) AppleWebKit/537.36 (KHTML, like Gecko) Version/4.0 Chrome/57.0.2987.108 baidu.sogo.uc.UCBrowser/11.9.4.974 UWS/2.13.1.48 Mobile Safari/537.36 AliApp(DingTalk/4.5.11) com.alibaba.android.rimet/10487439 Channel/227200 language/zh-CN',
)
[ info ] [ PARAM ] array (
)
[ info ] [ LANG ] /www/wwwroot/paopao.yzata.cn/vendor/thinkcmf/cmf/src/behavior/../lang/zh-cn.php
[ info ] [ LANG ] /www/wwwroot/paopao.yzata.cn/vendor/thinkcmf/cmf-app/src/admin/lang/zh-cn.php
[ info ] [ LANG ] /www/wwwroot/paopao.yzata.cn/vendor/thinkcmf/cmf-app/src/admin/lang/zh-cn/common.php
[ info ] [ LANG ] /www/wwwroot/paopao.yzata.cn/vendor/thinkcmf/cmf-app/src/user/lang/zh-cn.php
[ info ] [ VIEW ] /www/wwwroot/paopao.yzata.cn/public/themes/admin_simpleboot3/mobile/login/login.html [ array (
) ]
---------------------------------------------------------------

[2020-05-27T14:52:49+08:00] 5.62.41.110 GET paopao.yzata.cn/login/login
[运行时间：0.020905s] [吞吐率：47.84req/s] [内存消耗：2,431.77kb] [文件加载：85]
[ info ] [ LANG ] /www/wwwroot/paopao.yzata.cn/vendor/thinkphp/lang/zh-cn.php
[ info ] [ BIND ] 'mobile'
[ info ] [ ROUTE ] array (
)
[ info ] [ HEADER ] array (
  'referer' => 'https://paopao.yzata.cn/login/login',
  'ua-cpu' => 'x86',
  'host' => 'paopao.yzata.cn',
  'accept-encoding' => 'identity',
  'accept-language' => 'de-DE,de;q=0.8,en-US;q=0.5,en;q=0.3',
  'te' => 'trailers',
  'accept' => '*/*',
  'connection' => 'close, Te',
  'user-agent' => 'Mozilla/5.0 (Windows NT 6.1; WOW64; Trident/7.0; SLCC2; .NET CLR 2.0.50727; .NET CLR 3.5.30729; .NET CLR 3.0.30729; .NET4.0C; .NET4.0E; rv 11.0) like Gecko',
)
[ info ] [ PARAM ] array (
)
[ info ] [ LANG ] /www/wwwroot/paopao.yzata.cn/vendor/thinkcmf/cmf/src/behavior/../lang/zh-cn.php
[ info ] [ LANG ] /www/wwwroot/paopao.yzata.cn/vendor/thinkcmf/cmf-app/src/admin/lang/zh-cn.php
[ info ] [ LANG ] /www/wwwroot/paopao.yzata.cn/vendor/thinkcmf/cmf-app/src/admin/lang/zh-cn/common.php
[ info ] [ LANG ] /www/wwwroot/paopao.yzata.cn/vendor/thinkcmf/cmf-app/src/user/lang/zh-cn.php
[ info ] [ VIEW ] /www/wwwroot/paopao.yzata.cn/public/themes/admin_simpleboot3/mobile/login/login.html [ array (
) ]
---------------------------------------------------------------

[2020-05-27T15:05:16+08:00] 87.115.231.204 GET paopao.yzata.cn/login/login
[运行时间：0.021835s] [吞吐率：45.80req/s] [内存消耗：2,432.05kb] [文件加载：85]
[ info ] [ LANG ] /www/wwwroot/paopao.yzata.cn/vendor/thinkphp/lang/zh-cn.php
[ info ] [ BIND ] 'mobile'
[ info ] [ ROUTE ] array (
)
[ info ] [ HEADER ] array (
  'referer' => 'http://paopao.yzata.cn/login/login',
  'ua-cpu' => 'x86',
  'host' => 'paopao.yzata.cn',
  'accept-encoding' => 'identity',
  'cookie' => 'PHPSESSID=ckdu9oojibfhd9e6ikg2ek9vr5',
  'accept-language' => 'en-GB,en-US;q=0.7,en;q=0.3',
  'te' => 'trailers',
  'accept' => '*/*',
  'connection' => 'close, Te',
  'user-agent' => 'Mozilla/5.0 (Linux; Android 4.2.1; en-us; Nexus 5 Build/JOP40D) AppleWebKit/535.19 (KHTML, like Gecko; googleweblight) Chrome/38.0.1025.166 Mobile Safari/535.19',
)
[ info ] [ PARAM ] array (
)
[ info ] [ LANG ] /www/wwwroot/paopao.yzata.cn/vendor/thinkcmf/cmf/src/behavior/../lang/zh-cn.php
[ info ] [ LANG ] /www/wwwroot/paopao.yzata.cn/vendor/thinkcmf/cmf-app/src/admin/lang/zh-cn.php
[ info ] [ LANG ] /www/wwwroot/paopao.yzata.cn/vendor/thinkcmf/cmf-app/src/admin/lang/zh-cn/common.php
[ info ] [ LANG ] /www/wwwroot/paopao.yzata.cn/vendor/thinkcmf/cmf-app/src/user/lang/zh-cn.php
[ info ] [ VIEW ] /www/wwwroot/paopao.yzata.cn/public/themes/admin_simpleboot3/mobile/login/login.html [ array (
) ]
---------------------------------------------------------------

[2020-05-27T15:05:16+08:00] 68.183.241.134 GET paopao.yzata.cn/login/login
[运行时间：0.021659s] [吞吐率：46.17req/s] [内存消耗：2,431.92kb] [文件加载：85]
[ info ] [ LANG ] /www/wwwroot/paopao.yzata.cn/vendor/thinkphp/lang/zh-cn.php
[ info ] [ BIND ] 'mobile'
[ info ] [ ROUTE ] array (
)
[ info ] [ HEADER ] array (
  'referer' => 'http://paopao.yzata.cn/login/login',
  'ua-cpu' => 'x86',
  'host' => 'paopao.yzata.cn',
  'accept-encoding' => 'identity',
  'cookie' => 'PHPSESSID=ckdu9oojibfhd9e6ikg2ek9vr5',
  'accept-language' => 'de-DE,de;q=0.8,en-US;q=0.5,en;q=0.3',
  'te' => 'trailers',
  'accept' => '*/*',
  'connection' => 'close, Te',
  'user-agent' => 'Mozilla/5.0 (Windows NT 10.0; Win64; x64) AppleWebKit/537.36 (KHTML, like Gecko) Chrome/81.0.4044.129 Safari/537.36',
)
[ info ] [ PARAM ] array (
)
[ info ] [ LANG ] /www/wwwroot/paopao.yzata.cn/vendor/thinkcmf/cmf/src/behavior/../lang/zh-cn.php
[ info ] [ LANG ] /www/wwwroot/paopao.yzata.cn/vendor/thinkcmf/cmf-app/src/admin/lang/zh-cn.php
[ info ] [ LANG ] /www/wwwroot/paopao.yzata.cn/vendor/thinkcmf/cmf-app/src/admin/lang/zh-cn/common.php
[ info ] [ LANG ] /www/wwwroot/paopao.yzata.cn/vendor/thinkcmf/cmf-app/src/user/lang/zh-cn.php
[ info ] [ VIEW ] /www/wwwroot/paopao.yzata.cn/public/themes/admin_simpleboot3/mobile/login/login.html [ array (
) ]
---------------------------------------------------------------

[2020-05-27T15:05:16+08:00] 37.120.203.77 GET paopao.yzata.cn/login/login
[运行时间：0.021403s] [吞吐率：46.72req/s] [内存消耗：2,432.05kb] [文件加载：85]
[ info ] [ LANG ] /www/wwwroot/paopao.yzata.cn/vendor/thinkphp/lang/zh-cn.php
[ info ] [ BIND ] 'mobile'
[ info ] [ ROUTE ] array (
)
[ info ] [ HEADER ] array (
  'referer' => 'http://paopao.yzata.cn/login/login',
  'ua-cpu' => 'x86',
  'host' => 'paopao.yzata.cn',
  'accept-encoding' => 'identity',
  'cookie' => 'PHPSESSID=ckdu9oojibfhd9e6ikg2ek9vr5',
  'accept-language' => 'no-NO,no;q=0.8,en-US;q=0.5,en;q=0.3',
  'te' => 'trailers',
  'accept' => '*/*',
  'connection' => 'close, Te',
  'user-agent' => 'Mozilla/5.0 (iPhone; CPU iPhone OS 13_4_1 like Mac OS X) AppleWebKit/605.1.15 (KHTML, like Gecko) Version/13.1 Mobile/15E148 Safari/604.1',
)
[ info ] [ PARAM ] array (
)
[ info ] [ LANG ] /www/wwwroot/paopao.yzata.cn/vendor/thinkcmf/cmf/src/behavior/../lang/zh-cn.php
[ info ] [ LANG ] /www/wwwroot/paopao.yzata.cn/vendor/thinkcmf/cmf-app/src/admin/lang/zh-cn.php
[ info ] [ LANG ] /www/wwwroot/paopao.yzata.cn/vendor/thinkcmf/cmf-app/src/admin/lang/zh-cn/common.php
[ info ] [ LANG ] /www/wwwroot/paopao.yzata.cn/vendor/thinkcmf/cmf-app/src/user/lang/zh-cn.php
[ info ] [ VIEW ] /www/wwwroot/paopao.yzata.cn/public/themes/admin_simpleboot3/mobile/login/login.html [ array (
) ]
---------------------------------------------------------------

[2020-05-27T15:58:08+08:00] 101.201.37.94 GET paopao.yzata.cn/
[运行时间：0.020383s] [吞吐率：49.06req/s] [内存消耗：2,315.02kb] [文件加载：79]
[ info ] [ LANG ] /www/wwwroot/paopao.yzata.cn/vendor/thinkphp/lang/zh-cn.php
[ info ] [ BIND ] 'mobile'
[ info ] [ ROUTE ] array (
)
[ info ] [ HEADER ] array (
  'connection' => 'close',
  'accept-language' => 'zh-CN,zh;q=0.9',
  'accept-encoding' => 'gzip, deflate',
  'accept' => 'text/html,application/xhtml+xml,application/xml;q=0.9,image/webp,image/apng,*/*;q=0.8,application/signed-exchange;v=b3',
  'host' => 'paopao.yzata.cn',
  'user-agent' => 'Mozilla/5.0 (Macintosh; Intel Mac OS X 10_14_6) AppleWebKit/537.36 (KHTML, like Gecko) Chrome/76.0.3809.132 Safari/537.36',
)
[ info ] [ PARAM ] array (
)
[ info ] [ LANG ] /www/wwwroot/paopao.yzata.cn/vendor/thinkcmf/cmf/src/behavior/../lang/zh-cn.php
[ info ] [ LANG ] /www/wwwroot/paopao.yzata.cn/vendor/thinkcmf/cmf-app/src/admin/lang/zh-cn.php
[ info ] [ LANG ] /www/wwwroot/paopao.yzata.cn/vendor/thinkcmf/cmf-app/src/admin/lang/zh-cn/common.php
[ info ] [ LANG ] /www/wwwroot/paopao.yzata.cn/vendor/thinkcmf/cmf-app/src/user/lang/zh-cn.php
---------------------------------------------------------------

[2020-05-27T15:58:09+08:00] 101.201.37.94 GET paopao.yzata.cn/login/login
[运行时间：0.021749s] [吞吐率：45.98req/s] [内存消耗：2,431.64kb] [文件加载：85]
[ info ] [ LANG ] /www/wwwroot/paopao.yzata.cn/vendor/thinkphp/lang/zh-cn.php
[ info ] [ BIND ] 'mobile'
[ info ] [ ROUTE ] array (
)
[ info ] [ HEADER ] array (
  'connection' => 'close',
  'cookie' => 'PHPSESSID=6dq2cpce5e5187p1cdaulou8ih',
  'accept-language' => 'zh-CN,zh;q=0.9',
  'accept-encoding' => 'gzip, deflate',
  'accept' => 'text/html,application/xhtml+xml,application/xml;q=0.9,image/webp,image/apng,*/*;q=0.8,application/signed-exchange;v=b3',
  'host' => 'paopao.yzata.cn',
  'user-agent' => 'Mozilla/5.0 (Macintosh; Intel Mac OS X 10_14_6) AppleWebKit/537.36 (KHTML, like Gecko) Chrome/76.0.3809.132 Safari/537.36',
)
[ info ] [ PARAM ] array (
)
[ info ] [ LANG ] /www/wwwroot/paopao.yzata.cn/vendor/thinkcmf/cmf/src/behavior/../lang/zh-cn.php
[ info ] [ LANG ] /www/wwwroot/paopao.yzata.cn/vendor/thinkcmf/cmf-app/src/admin/lang/zh-cn.php
[ info ] [ LANG ] /www/wwwroot/paopao.yzata.cn/vendor/thinkcmf/cmf-app/src/admin/lang/zh-cn/common.php
[ info ] [ LANG ] /www/wwwroot/paopao.yzata.cn/vendor/thinkcmf/cmf-app/src/user/lang/zh-cn.php
[ info ] [ VIEW ] /www/wwwroot/paopao.yzata.cn/public/themes/admin_simpleboot3/mobile/login/login.html [ array (
) ]
