---------------------------------------------------------------

[2020-05-28T07:28:54+08:00] 47.101.56.197 GET paopao.yzata.cn/
[运行时间：0.105522s] [吞吐率：9.48req/s] [内存消耗：2,314.07kb] [文件加载：79]
[ info ] [ LANG ] /www/wwwroot/paopao.yzata.cn/vendor/thinkphp/lang/zh-cn.php
[ info ] [ BIND ] 'mobile'
[ info ] [ ROUTE ] array (
)
[ info ] [ HEADER ] array (
  'accept-encoding' => 'gzip',
  'connection' => 'Keep-Alive',
  'host' => 'paopao.yzata.cn',
  'user-agent' => 'Mozilla/5.0 (X11; Ubuntu; Linux x86_64; rv:36.0) Gecko/20100101 Firefox/36.0',
)
[ info ] [ PARAM ] array (
)
[ info ] [ LANG ] /www/wwwroot/paopao.yzata.cn/vendor/thinkcmf/cmf/src/behavior/../lang/zh-cn.php
[ info ] [ LANG ] /www/wwwroot/paopao.yzata.cn/vendor/thinkcmf/cmf-app/src/admin/lang/zh-cn.php
[ info ] [ LANG ] /www/wwwroot/paopao.yzata.cn/vendor/thinkcmf/cmf-app/src/admin/lang/zh-cn/common.php
[ info ] [ LANG ] /www/wwwroot/paopao.yzata.cn/vendor/thinkcmf/cmf-app/src/user/lang/zh-cn.php
---------------------------------------------------------------

[2020-05-28T07:28:54+08:00] 47.101.56.197 GET paopao.yzata.cn/login/login
[运行时间：0.054180s] [吞吐率：18.46req/s] [内存消耗：2,430.54kb] [文件加载：85]
[ info ] [ LANG ] /www/wwwroot/paopao.yzata.cn/vendor/thinkphp/lang/zh-cn.php
[ info ] [ BIND ] 'mobile'
[ info ] [ ROUTE ] array (
)
[ info ] [ HEADER ] array (
  'accept-encoding' => 'gzip',
  'connection' => 'Keep-Alive',
  'host' => 'paopao.yzata.cn',
  'user-agent' => 'Mozilla/5.0 (X11; Ubuntu; Linux x86_64; rv:36.0) Gecko/20100101 Firefox/36.0',
)
[ info ] [ PARAM ] array (
)
[ info ] [ LANG ] /www/wwwroot/paopao.yzata.cn/vendor/thinkcmf/cmf/src/behavior/../lang/zh-cn.php
[ info ] [ LANG ] /www/wwwroot/paopao.yzata.cn/vendor/thinkcmf/cmf-app/src/admin/lang/zh-cn.php
[ info ] [ LANG ] /www/wwwroot/paopao.yzata.cn/vendor/thinkcmf/cmf-app/src/admin/lang/zh-cn/common.php
[ info ] [ LANG ] /www/wwwroot/paopao.yzata.cn/vendor/thinkcmf/cmf-app/src/user/lang/zh-cn.php
[ info ] [ VIEW ] /www/wwwroot/paopao.yzata.cn/public/themes/admin_simpleboot3/mobile/login/login.html [ array (
) ]
---------------------------------------------------------------

[2020-05-28T07:28:55+08:00] 47.101.56.197 GET paopao.yzata.cn/index/index.html
[运行时间：0.018702s] [吞吐率：53.47req/s] [内存消耗：2,314.97kb] [文件加载：79]
[ info ] [ LANG ] /www/wwwroot/paopao.yzata.cn/vendor/thinkphp/lang/zh-cn.php
[ info ] [ BIND ] 'mobile'
[ info ] [ ROUTE ] array (
)
[ info ] [ HEADER ] array (
  'accept-encoding' => 'gzip',
  'connection' => 'Keep-Alive',
  'host' => 'paopao.yzata.cn',
  'user-agent' => 'Mozilla/5.0 (X11; Ubuntu; Linux x86_64; rv:36.0) Gecko/20100101 Firefox/36.0',
)
[ info ] [ PARAM ] array (
)
[ info ] [ LANG ] /www/wwwroot/paopao.yzata.cn/vendor/thinkcmf/cmf/src/behavior/../lang/zh-cn.php
[ info ] [ LANG ] /www/wwwroot/paopao.yzata.cn/vendor/thinkcmf/cmf-app/src/admin/lang/zh-cn.php
[ info ] [ LANG ] /www/wwwroot/paopao.yzata.cn/vendor/thinkcmf/cmf-app/src/admin/lang/zh-cn/common.php
[ info ] [ LANG ] /www/wwwroot/paopao.yzata.cn/vendor/thinkcmf/cmf-app/src/user/lang/zh-cn.php
---------------------------------------------------------------

[2020-05-28T07:28:55+08:00] 47.101.56.197 GET paopao.yzata.cn/register/index.html
[运行时间：0.061649s] [吞吐率：16.22req/s] [内存消耗：2,434.34kb] [文件加载：85]
[ info ] [ LANG ] /www/wwwroot/paopao.yzata.cn/vendor/thinkphp/lang/zh-cn.php
[ info ] [ BIND ] 'mobile'
[ info ] [ ROUTE ] array (
)
[ info ] [ HEADER ] array (
  'accept-encoding' => 'gzip',
  'connection' => 'Keep-Alive',
  'host' => 'paopao.yzata.cn',
  'user-agent' => 'Mozilla/5.0 (X11; Ubuntu; Linux x86_64; rv:36.0) Gecko/20100101 Firefox/36.0',
)
[ info ] [ PARAM ] array (
)
[ info ] [ LANG ] /www/wwwroot/paopao.yzata.cn/vendor/thinkcmf/cmf/src/behavior/../lang/zh-cn.php
[ info ] [ LANG ] /www/wwwroot/paopao.yzata.cn/vendor/thinkcmf/cmf-app/src/admin/lang/zh-cn.php
[ info ] [ LANG ] /www/wwwroot/paopao.yzata.cn/vendor/thinkcmf/cmf-app/src/admin/lang/zh-cn/common.php
[ info ] [ LANG ] /www/wwwroot/paopao.yzata.cn/vendor/thinkcmf/cmf-app/src/user/lang/zh-cn.php
[ info ] [ VIEW ] /www/wwwroot/paopao.yzata.cn/public/themes/admin_simpleboot3/mobile/register/index.html [ array (
) ]
---------------------------------------------------------------

[2020-05-28T07:28:55+08:00] 47.101.56.197 GET paopao.yzata.cn/login/login
[运行时间：0.022218s] [吞吐率：45.01req/s] [内存消耗：2,430.54kb] [文件加载：85]
[ info ] [ LANG ] /www/wwwroot/paopao.yzata.cn/vendor/thinkphp/lang/zh-cn.php
[ info ] [ BIND ] 'mobile'
[ info ] [ ROUTE ] array (
)
[ info ] [ HEADER ] array (
  'accept-encoding' => 'gzip',
  'connection' => 'Keep-Alive',
  'host' => 'paopao.yzata.cn',
  'user-agent' => 'Mozilla/5.0 (X11; Ubuntu; Linux x86_64; rv:36.0) Gecko/20100101 Firefox/36.0',
)
[ info ] [ PARAM ] array (
)
[ info ] [ LANG ] /www/wwwroot/paopao.yzata.cn/vendor/thinkcmf/cmf/src/behavior/../lang/zh-cn.php
[ info ] [ LANG ] /www/wwwroot/paopao.yzata.cn/vendor/thinkcmf/cmf-app/src/admin/lang/zh-cn.php
[ info ] [ LANG ] /www/wwwroot/paopao.yzata.cn/vendor/thinkcmf/cmf-app/src/admin/lang/zh-cn/common.php
[ info ] [ LANG ] /www/wwwroot/paopao.yzata.cn/vendor/thinkcmf/cmf-app/src/user/lang/zh-cn.php
[ info ] [ VIEW ] /www/wwwroot/paopao.yzata.cn/public/themes/admin_simpleboot3/mobile/login/login.html [ array (
) ]
---------------------------------------------------------------

[2020-05-28T15:52:55+08:00] ::1 GET localhost/
[运行时间：0.084313s] [吞吐率：11.86req/s] [内存消耗：2,348.97kb] [文件加载：79]
[ info ] [ LANG ] D:\phpstudy_pro\WWW\paopao1.com/vendor\thinkphp\lang\zh-cn.php
[ info ] [ ROUTE ] array (
)
[ info ] [ HEADER ] array (
  'if-modified-since' => 'Tue, 03 Sep 2019 06:30:48 GMT',
  'if-none-match' => '"903-591a03aa15600"',
  'accept-language' => 'zh-CN,zh;q=0.9',
  'accept-encoding' => 'gzip, deflate, br',
  'sec-fetch-mode' => 'navigate',
  'sec-fetch-site' => 'none',
  'accept' => 'text/html,application/xhtml+xml,application/xml;q=0.9,image/webp,image/apng,*/*;q=0.8,application/signed-exchange;v=b3;q=0.9',
  'sec-fetch-user' => '?1',
  'user-agent' => 'Mozilla/5.0 (Windows NT 10.0; Win64; x64) AppleWebKit/537.36 (KHTML, like Gecko) Chrome/79.0.3945.130 Safari/537.36',
  'upgrade-insecure-requests' => '1',
  'cache-control' => 'max-age=0',
  'connection' => 'close',
  'host' => 'localhost',
)
[ info ] [ PARAM ] array (
)
[ info ] [ LANG ] D:\phpstudy_pro\WWW\paopao1.com\vendor\thinkcmf\cmf\src\behavior/../lang\zh-cn.php
[ info ] [ LANG ] D:\phpstudy_pro\WWW\paopao1.com\vendor/thinkcmf/cmf-app/src/admin/lang/zh-cn.php
[ info ] [ LANG ] D:\phpstudy_pro\WWW\paopao1.com\vendor/thinkcmf/cmf-app/src/admin/lang/zh-cn/common.php
[ info ] [ LANG ] D:\phpstudy_pro\WWW\paopao1.com\vendor/thinkcmf/cmf-app/src/user/lang/zh-cn.php
---------------------------------------------------------------

[2020-05-28T16:05:13+08:00] 127.0.0.1 GET paopao1.com/
[运行时间：0.079917s] [吞吐率：12.51req/s] [内存消耗：2,913.73kb] [文件加载：79]
[ info ] [ LANG ] D:\phpstudy_pro\WWW\paopao1.com/vendor\thinkphp\lang\zh-cn.php
[ info ] [ BIND ] 'mobile'
[ info ] [ ROUTE ] array (
)
[ info ] [ HEADER ] array (
  'cookie' => 'PHPSESSID=4rie4f68agjfnoj16ce31vht44',
  'accept-language' => 'zh-CN,zh;q=0.9',
  'accept-encoding' => 'gzip, deflate',
  'accept' => 'text/html,application/xhtml+xml,application/xml;q=0.9,image/webp,image/apng,*/*;q=0.8,application/signed-exchange;v=b3;q=0.9',
  'user-agent' => 'Mozilla/5.0 (Windows NT 10.0; Win64; x64) AppleWebKit/537.36 (KHTML, like Gecko) Chrome/79.0.3945.130 Safari/537.36',
  'upgrade-insecure-requests' => '1',
  'connection' => 'close',
  'host' => 'paopao1.com',
)
[ info ] [ PARAM ] array (
)
[ info ] [ LANG ] D:\phpstudy_pro\WWW\paopao1.com\vendor\thinkcmf\cmf\src\behavior/../lang\zh-cn.php
[ info ] [ LANG ] D:\phpstudy_pro\WWW\paopao1.com\vendor/thinkcmf/cmf-app/src/admin/lang/zh-cn.php
[ info ] [ LANG ] D:\phpstudy_pro\WWW\paopao1.com\vendor/thinkcmf/cmf-app/src/admin/lang/zh-cn/common.php
[ info ] [ LANG ] D:\phpstudy_pro\WWW\paopao1.com\vendor/thinkcmf/cmf-app/src/user/lang/zh-cn.php
---------------------------------------------------------------

[2020-05-28T16:05:53+08:00] 127.0.0.1 GET paopao1.com/
[运行时间：0.125561s] [吞吐率：7.96req/s] [内存消耗：2,913.65kb] [文件加载：79]
[ info ] [ LANG ] D:\phpstudy_pro\WWW\paopao1.com/vendor\thinkphp\lang\zh-cn.php
[ info ] [ BIND ] 'mobile'
[ info ] [ ROUTE ] array (
)
[ info ] [ HEADER ] array (
  'cookie' => 'PHPSESSID=4rie4f68agjfnoj16ce31vht44',
  'accept-language' => 'zh-CN,zh;q=0.9',
  'accept-encoding' => 'gzip, deflate',
  'accept' => 'text/html,application/xhtml+xml,application/xml;q=0.9,image/webp,image/apng,*/*;q=0.8,application/signed-exchange;v=b3;q=0.9',
  'user-agent' => 'Mozilla/5.0 (Windows NT 10.0; Win64; x64) AppleWebKit/537.36 (KHTML, like Gecko) Chrome/79.0.3945.130 Safari/537.36',
  'upgrade-insecure-requests' => '1',
  'connection' => 'close',
  'host' => 'paopao1.com',
)
[ info ] [ PARAM ] array (
)
[ info ] [ LANG ] D:\phpstudy_pro\WWW\paopao1.com\vendor\thinkcmf\cmf\src\behavior/../lang\zh-cn.php
[ info ] [ LANG ] D:\phpstudy_pro\WWW\paopao1.com\vendor/thinkcmf/cmf-app/src/admin/lang/zh-cn.php
[ info ] [ LANG ] D:\phpstudy_pro\WWW\paopao1.com\vendor/thinkcmf/cmf-app/src/admin/lang/zh-cn/common.php
[ info ] [ LANG ] D:\phpstudy_pro\WWW\paopao1.com\vendor/thinkcmf/cmf-app/src/user/lang/zh-cn.php
---------------------------------------------------------------

[2020-05-28T16:11:48+08:00] 127.0.0.1 GET paopao1.com/index.php
[运行时间：0.090233s] [吞吐率：11.08req/s] [内存消耗：2,913.73kb] [文件加载：79]
[ info ] [ LANG ] D:\phpstudy_pro\WWW\paopao1.com/vendor\thinkphp\lang\zh-cn.php
[ info ] [ BIND ] 'mobile'
[ info ] [ ROUTE ] array (
)
[ info ] [ HEADER ] array (
  'cookie' => 'PHPSESSID=4rie4f68agjfnoj16ce31vht44',
  'accept-language' => 'zh-CN,zh;q=0.9',
  'accept-encoding' => 'gzip, deflate',
  'accept' => 'text/html,application/xhtml+xml,application/xml;q=0.9,image/webp,image/apng,*/*;q=0.8,application/signed-exchange;v=b3;q=0.9',
  'user-agent' => 'Mozilla/5.0 (Windows NT 10.0; Win64; x64) AppleWebKit/537.36 (KHTML, like Gecko) Chrome/79.0.3945.130 Safari/537.36',
  'upgrade-insecure-requests' => '1',
  'connection' => 'close',
  'host' => 'paopao1.com',
)
[ info ] [ PARAM ] array (
)
[ info ] [ LANG ] D:\phpstudy_pro\WWW\paopao1.com\vendor\thinkcmf\cmf\src\behavior/../lang\zh-cn.php
[ info ] [ LANG ] D:\phpstudy_pro\WWW\paopao1.com\vendor/thinkcmf/cmf-app/src/admin/lang/zh-cn.php
[ info ] [ LANG ] D:\phpstudy_pro\WWW\paopao1.com\vendor/thinkcmf/cmf-app/src/admin/lang/zh-cn/common.php
[ info ] [ LANG ] D:\phpstudy_pro\WWW\paopao1.com\vendor/thinkcmf/cmf-app/src/user/lang/zh-cn.php
---------------------------------------------------------------

[2020-05-28T16:12:15+08:00] 127.0.0.1 GET paopao1.com/index.php
[运行时间：0.101188s] [吞吐率：9.88req/s] [内存消耗：2,913.79kb] [文件加载：79]
[ info ] [ LANG ] D:\phpstudy_pro\WWW\paopao1.com/vendor\thinkphp\lang\zh-cn.php
[ info ] [ BIND ] 'mobile'
[ info ] [ ROUTE ] array (
)
[ info ] [ HEADER ] array (
  'cookie' => 'PHPSESSID=4rie4f68agjfnoj16ce31vht44',
  'accept-language' => 'zh-CN,zh;q=0.9',
  'accept-encoding' => 'gzip, deflate',
  'accept' => 'text/html,application/xhtml+xml,application/xml;q=0.9,image/webp,image/apng,*/*;q=0.8,application/signed-exchange;v=b3;q=0.9',
  'user-agent' => 'Mozilla/5.0 (Windows NT 10.0; Win64; x64) AppleWebKit/537.36 (KHTML, like Gecko) Chrome/79.0.3945.130 Safari/537.36',
  'upgrade-insecure-requests' => '1',
  'connection' => 'close',
  'host' => 'paopao1.com',
)
[ info ] [ PARAM ] array (
)
[ info ] [ LANG ] D:\phpstudy_pro\WWW\paopao1.com\vendor\thinkcmf\cmf\src\behavior/../lang\zh-cn.php
[ info ] [ LANG ] D:\phpstudy_pro\WWW\paopao1.com\vendor/thinkcmf/cmf-app/src/admin/lang/zh-cn.php
[ info ] [ LANG ] D:\phpstudy_pro\WWW\paopao1.com\vendor/thinkcmf/cmf-app/src/admin/lang/zh-cn/common.php
[ info ] [ LANG ] D:\phpstudy_pro\WWW\paopao1.com\vendor/thinkcmf/cmf-app/src/user/lang/zh-cn.php
---------------------------------------------------------------

[2020-05-28T16:33:32+08:00] 127.0.0.1 GET paopao1.com/
[运行时间：0.112276s] [吞吐率：8.91req/s] [内存消耗：2,913.65kb] [文件加载：79]
[ info ] [ LANG ] D:\phpstudy_pro\WWW\paopao1.com/vendor\thinkphp\lang\zh-cn.php
[ info ] [ BIND ] 'mobile'
[ info ] [ ROUTE ] array (
)
[ info ] [ HEADER ] array (
  'cookie' => 'PHPSESSID=4rie4f68agjfnoj16ce31vht44',
  'accept-language' => 'zh-CN,zh;q=0.9',
  'accept-encoding' => 'gzip, deflate',
  'accept' => 'text/html,application/xhtml+xml,application/xml;q=0.9,image/webp,image/apng,*/*;q=0.8,application/signed-exchange;v=b3;q=0.9',
  'user-agent' => 'Mozilla/5.0 (Windows NT 10.0; Win64; x64) AppleWebKit/537.36 (KHTML, like Gecko) Chrome/79.0.3945.130 Safari/537.36',
  'upgrade-insecure-requests' => '1',
  'connection' => 'close',
  'host' => 'paopao1.com',
)
[ info ] [ PARAM ] array (
)
[ info ] [ LANG ] D:\phpstudy_pro\WWW\paopao1.com\vendor\thinkcmf\cmf\src\behavior/../lang\zh-cn.php
[ info ] [ LANG ] D:\phpstudy_pro\WWW\paopao1.com\vendor/thinkcmf/cmf-app/src/admin/lang/zh-cn.php
[ info ] [ LANG ] D:\phpstudy_pro\WWW\paopao1.com\vendor/thinkcmf/cmf-app/src/admin/lang/zh-cn/common.php
[ info ] [ LANG ] D:\phpstudy_pro\WWW\paopao1.com\vendor/thinkcmf/cmf-app/src/user/lang/zh-cn.php
---------------------------------------------------------------

[2020-05-28T16:54:13+08:00] 127.0.0.1 GET paopao1.com/
[运行时间：0.090989s] [吞吐率：10.99req/s] [内存消耗：1,888.50kb] [文件加载：79]
[ info ] [ LANG ] G:\xampp\htdocs\paopao1.com/vendor\thinkphp\lang\zh-cn.php
[ info ] [ BIND ] 'mobile'
[ info ] [ ROUTE ] array (
)
[ info ] [ HEADER ] array (
  'host' => 'paopao1.com',
  'connection' => 'keep-alive',
  'upgrade-insecure-requests' => '1',
  'user-agent' => 'Mozilla/5.0 (Windows NT 10.0; Win64; x64) AppleWebKit/537.36 (KHTML, like Gecko) Chrome/79.0.3945.130 Safari/537.36',
  'accept' => 'text/html,application/xhtml+xml,application/xml;q=0.9,image/webp,image/apng,*/*;q=0.8,application/signed-exchange;v=b3;q=0.9',
  'accept-encoding' => 'gzip, deflate',
  'accept-language' => 'zh-CN,zh;q=0.9',
  'cookie' => 'PHPSESSID=4rie4f68agjfnoj16ce31vht44',
)
[ info ] [ PARAM ] array (
)
[ info ] [ LANG ] G:\xampp\htdocs\paopao1.com\vendor\thinkcmf\cmf\src\behavior/../lang\zh-cn.php
[ info ] [ LANG ] G:\xampp\htdocs\paopao1.com\vendor/thinkcmf/cmf-app/src/admin/lang/zh-cn.php
[ info ] [ LANG ] G:\xampp\htdocs\paopao1.com\vendor/thinkcmf/cmf-app/src/admin/lang/zh-cn/common.php
[ info ] [ LANG ] G:\xampp\htdocs\paopao1.com\vendor/thinkcmf/cmf-app/src/user/lang/zh-cn.php
