---------------------------------------------------------------

[2020-05-29T14:53:04+08:00] 127.0.0.1 GET paopao1.com/
[运行时间：0.181496s] [吞吐率：5.51req/s] [内存消耗：1,888.81kb] [文件加载：79]
[ info ] [ LANG ] G:\xampp\htdocs\paopao1.com/vendor\thinkphp\lang\zh-cn.php
[ info ] [ BIND ] 'mobile'
[ info ] [ ROUTE ] array (
)
[ info ] [ HEADER ] array (
  'host' => 'paopao1.com',
  'connection' => 'keep-alive',
  'cache-control' => 'max-age=0',
  'upgrade-insecure-requests' => '1',
  'user-agent' => 'Mozilla/5.0 (Windows NT 10.0; Win64; x64) AppleWebKit/537.36 (KHTML, like Gecko) Chrome/79.0.3945.130 Safari/537.36',
  'accept' => 'text/html,application/xhtml+xml,application/xml;q=0.9,image/webp,image/apng,*/*;q=0.8,application/signed-exchange;v=b3;q=0.9',
  'accept-encoding' => 'gzip, deflate',
  'accept-language' => 'zh-CN,zh;q=0.9',
  'cookie' => 'PHPSESSID=4rie4f68agjfnoj16ce31vht44',
)
[ info ] [ PARAM ] array (
)
[ info ] [ LANG ] G:\xampp\htdocs\paopao1.com\vendor\thinkcmf\cmf\src\behavior/../lang\zh-cn.php
[ info ] [ LANG ] G:\xampp\htdocs\paopao1.com\vendor/thinkcmf/cmf-app/src/admin/lang/zh-cn.php
[ info ] [ LANG ] G:\xampp\htdocs\paopao1.com\vendor/thinkcmf/cmf-app/src/admin/lang/zh-cn/common.php
[ info ] [ LANG ] G:\xampp\htdocs\paopao1.com\vendor/thinkcmf/cmf-app/src/user/lang/zh-cn.php
---------------------------------------------------------------

[2020-05-29T14:53:41+08:00] 127.0.0.1 GET paopao1.com/
[运行时间：0.104174s] [吞吐率：9.60req/s] [内存消耗：1,888.49kb] [文件加载：79]
[ info ] [ LANG ] G:\xampp\htdocs\paopao1.com/vendor\thinkphp\lang\zh-cn.php
[ info ] [ BIND ] 'mobile'
[ info ] [ ROUTE ] array (
)
[ info ] [ HEADER ] array (
  'host' => 'paopao1.com',
  'connection' => 'keep-alive',
  'upgrade-insecure-requests' => '1',
  'user-agent' => 'Mozilla/5.0 (Windows NT 10.0; Win64; x64) AppleWebKit/537.36 (KHTML, like Gecko) Chrome/79.0.3945.130 Safari/537.36',
  'accept' => 'text/html,application/xhtml+xml,application/xml;q=0.9,image/webp,image/apng,*/*;q=0.8,application/signed-exchange;v=b3;q=0.9',
  'accept-encoding' => 'gzip, deflate',
  'accept-language' => 'zh-CN,zh;q=0.9',
  'cookie' => 'PHPSESSID=4rie4f68agjfnoj16ce31vht44',
)
[ info ] [ PARAM ] array (
)
[ info ] [ LANG ] G:\xampp\htdocs\paopao1.com\vendor\thinkcmf\cmf\src\behavior/../lang\zh-cn.php
[ info ] [ LANG ] G:\xampp\htdocs\paopao1.com\vendor/thinkcmf/cmf-app/src/admin/lang/zh-cn.php
[ info ] [ LANG ] G:\xampp\htdocs\paopao1.com\vendor/thinkcmf/cmf-app/src/admin/lang/zh-cn/common.php
[ info ] [ LANG ] G:\xampp\htdocs\paopao1.com\vendor/thinkcmf/cmf-app/src/user/lang/zh-cn.php
---------------------------------------------------------------

[2020-05-29T15:00:26+08:00] 127.0.0.1 GET paopao1.com/
[运行时间：0.094254s] [吞吐率：10.61req/s] [内存消耗：1,888.82kb] [文件加载：79]
[ info ] [ LANG ] G:\xampp\htdocs\paopao1.com/vendor\thinkphp\lang\zh-cn.php
[ info ] [ BIND ] 'mobile'
[ info ] [ ROUTE ] array (
)
[ info ] [ HEADER ] array (
  'host' => 'paopao1.com',
  'connection' => 'keep-alive',
  'cache-control' => 'max-age=0',
  'upgrade-insecure-requests' => '1',
  'user-agent' => 'Mozilla/5.0 (Windows NT 10.0; Win64; x64) AppleWebKit/537.36 (KHTML, like Gecko) Chrome/79.0.3945.130 Safari/537.36',
  'accept' => 'text/html,application/xhtml+xml,application/xml;q=0.9,image/webp,image/apng,*/*;q=0.8,application/signed-exchange;v=b3;q=0.9',
  'accept-encoding' => 'gzip, deflate',
  'accept-language' => 'zh-CN,zh;q=0.9',
  'cookie' => 'PHPSESSID=4rie4f68agjfnoj16ce31vht44',
)
[ info ] [ PARAM ] array (
)
[ info ] [ LANG ] G:\xampp\htdocs\paopao1.com\vendor\thinkcmf\cmf\src\behavior/../lang\zh-cn.php
[ info ] [ LANG ] G:\xampp\htdocs\paopao1.com\vendor/thinkcmf/cmf-app/src/admin/lang/zh-cn.php
[ info ] [ LANG ] G:\xampp\htdocs\paopao1.com\vendor/thinkcmf/cmf-app/src/admin/lang/zh-cn/common.php
[ info ] [ LANG ] G:\xampp\htdocs\paopao1.com\vendor/thinkcmf/cmf-app/src/user/lang/zh-cn.php
---------------------------------------------------------------

[2020-05-29T15:00:49+08:00] 127.0.0.1 GET paopao1.com/
[运行时间：0.124403s] [吞吐率：8.04req/s] [内存消耗：1,888.70kb] [文件加载：79]
[ info ] [ LANG ] G:\xampp\htdocs\paopao1.com/vendor\thinkphp\lang\zh-cn.php
[ info ] [ BIND ] 'mobile'
[ info ] [ ROUTE ] array (
)
[ info ] [ HEADER ] array (
  'host' => 'paopao1.com',
  'connection' => 'keep-alive',
  'upgrade-insecure-requests' => '1',
  'user-agent' => 'Mozilla/5.0 (Windows NT 10.0; Win64; x64) AppleWebKit/537.36 (KHTML, like Gecko) Chrome/79.0.3945.130 Safari/537.36',
  'accept' => 'text/html,application/xhtml+xml,application/xml;q=0.9,image/webp,image/apng,*/*;q=0.8,application/signed-exchange;v=b3;q=0.9',
  'purpose' => 'prefetch',
  'accept-encoding' => 'gzip, deflate',
  'accept-language' => 'zh-CN,zh;q=0.9',
  'cookie' => 'PHPSESSID=4rie4f68agjfnoj16ce31vht44',
)
[ info ] [ PARAM ] array (
)
[ info ] [ LANG ] G:\xampp\htdocs\paopao1.com\vendor\thinkcmf\cmf\src\behavior/../lang\zh-cn.php
[ info ] [ LANG ] G:\xampp\htdocs\paopao1.com\vendor/thinkcmf/cmf-app/src/admin/lang/zh-cn.php
[ info ] [ LANG ] G:\xampp\htdocs\paopao1.com\vendor/thinkcmf/cmf-app/src/admin/lang/zh-cn/common.php
[ info ] [ LANG ] G:\xampp\htdocs\paopao1.com\vendor/thinkcmf/cmf-app/src/user/lang/zh-cn.php
---------------------------------------------------------------

[2020-05-29T15:00:50+08:00] 127.0.0.1 GET paopao1.com/
[运行时间：0.088261s] [吞吐率：11.33req/s] [内存消耗：1,888.40kb] [文件加载：79]
[ info ] [ LANG ] G:\xampp\htdocs\paopao1.com/vendor\thinkphp\lang\zh-cn.php
[ info ] [ BIND ] 'mobile'
[ info ] [ ROUTE ] array (
)
[ info ] [ HEADER ] array (
  'host' => 'paopao1.com',
  'connection' => 'keep-alive',
  'upgrade-insecure-requests' => '1',
  'user-agent' => 'Mozilla/5.0 (Windows NT 10.0; Win64; x64) AppleWebKit/537.36 (KHTML, like Gecko) Chrome/79.0.3945.130 Safari/537.36',
  'accept' => 'text/html,application/xhtml+xml,application/xml;q=0.9,image/webp,image/apng,*/*;q=0.8,application/signed-exchange;v=b3;q=0.9',
  'accept-encoding' => 'gzip, deflate',
  'accept-language' => 'zh-CN,zh;q=0.9',
  'cookie' => 'PHPSESSID=4rie4f68agjfnoj16ce31vht44',
)
[ info ] [ PARAM ] array (
)
[ info ] [ LANG ] G:\xampp\htdocs\paopao1.com\vendor\thinkcmf\cmf\src\behavior/../lang\zh-cn.php
[ info ] [ LANG ] G:\xampp\htdocs\paopao1.com\vendor/thinkcmf/cmf-app/src/admin/lang/zh-cn.php
[ info ] [ LANG ] G:\xampp\htdocs\paopao1.com\vendor/thinkcmf/cmf-app/src/admin/lang/zh-cn/common.php
[ info ] [ LANG ] G:\xampp\htdocs\paopao1.com\vendor/thinkcmf/cmf-app/src/user/lang/zh-cn.php
---------------------------------------------------------------

[2020-05-29T15:01:49+08:00] 127.0.0.1 GET paopao1.com/
[运行时间：0.096458s] [吞吐率：10.37req/s] [内存消耗：1,885.84kb] [文件加载：78]
[ info ] [ LANG ] G:\xampp\htdocs\paopao1.com/vendor\thinkphp\lang\zh-cn.php
[ info ] [ BIND ] 'mobile'
[ info ] [ ROUTE ] array (
)
[ info ] [ HEADER ] array (
  'host' => 'paopao1.com',
  'connection' => 'keep-alive',
  'upgrade-insecure-requests' => '1',
  'user-agent' => 'Mozilla/5.0 (Windows NT 10.0; Win64; x64) AppleWebKit/537.36 (KHTML, like Gecko) Chrome/79.0.3945.130 Safari/537.36',
  'accept' => 'text/html,application/xhtml+xml,application/xml;q=0.9,image/webp,image/apng,*/*;q=0.8,application/signed-exchange;v=b3;q=0.9',
  'purpose' => 'prefetch',
  'accept-encoding' => 'gzip, deflate',
  'accept-language' => 'zh-CN,zh;q=0.9',
  'cookie' => 'PHPSESSID=4rie4f68agjfnoj16ce31vht44',
)
[ info ] [ PARAM ] array (
)
[ info ] [ LANG ] G:\xampp\htdocs\paopao1.com\vendor\thinkcmf\cmf\src\behavior/../lang\zh-cn.php
[ info ] [ LANG ] G:\xampp\htdocs\paopao1.com\vendor/thinkcmf/cmf-app/src/admin/lang/zh-cn.php
[ info ] [ LANG ] G:\xampp\htdocs\paopao1.com\vendor/thinkcmf/cmf-app/src/admin/lang/zh-cn/common.php
[ info ] [ LANG ] G:\xampp\htdocs\paopao1.com\vendor/thinkcmf/cmf-app/src/user/lang/zh-cn.php
---------------------------------------------------------------

[2020-05-29T15:02:23+08:00] 127.0.0.1 GET paopao1.com/
[运行时间：0.099922s] [吞吐率：10.01req/s] [内存消耗：1,885.93kb] [文件加载：78]
[ info ] [ LANG ] G:\xampp\htdocs\paopao1.com/vendor\thinkphp\lang\zh-cn.php
[ info ] [ BIND ] 'mobile'
[ info ] [ ROUTE ] array (
)
[ info ] [ HEADER ] array (
  'host' => 'paopao1.com',
  'connection' => 'keep-alive',
  'cache-control' => 'max-age=0',
  'upgrade-insecure-requests' => '1',
  'user-agent' => 'Mozilla/5.0 (Windows NT 10.0; Win64; x64) AppleWebKit/537.36 (KHTML, like Gecko) Chrome/79.0.3945.130 Safari/537.36',
  'accept' => 'text/html,application/xhtml+xml,application/xml;q=0.9,image/webp,image/apng,*/*;q=0.8,application/signed-exchange;v=b3;q=0.9',
  'accept-encoding' => 'gzip, deflate',
  'accept-language' => 'zh-CN,zh;q=0.9',
  'cookie' => 'PHPSESSID=4rie4f68agjfnoj16ce31vht44',
)
[ info ] [ PARAM ] array (
)
[ info ] [ LANG ] G:\xampp\htdocs\paopao1.com\vendor\thinkcmf\cmf\src\behavior/../lang\zh-cn.php
[ info ] [ LANG ] G:\xampp\htdocs\paopao1.com\vendor/thinkcmf/cmf-app/src/admin/lang/zh-cn.php
[ info ] [ LANG ] G:\xampp\htdocs\paopao1.com\vendor/thinkcmf/cmf-app/src/admin/lang/zh-cn/common.php
[ info ] [ LANG ] G:\xampp\htdocs\paopao1.com\vendor/thinkcmf/cmf-app/src/user/lang/zh-cn.php
---------------------------------------------------------------

[2020-05-29T15:02:29+08:00] 127.0.0.1 GET paopao1.com/
[运行时间：0.104797s] [吞吐率：9.54req/s] [内存消耗：1,888.90kb] [文件加载：79]
[ info ] [ LANG ] G:\xampp\htdocs\paopao1.com/vendor\thinkphp\lang\zh-cn.php
[ info ] [ BIND ] 'mobile'
[ info ] [ ROUTE ] array (
)
[ info ] [ HEADER ] array (
  'host' => 'paopao1.com',
  'connection' => 'keep-alive',
  'cache-control' => 'max-age=0',
  'upgrade-insecure-requests' => '1',
  'user-agent' => 'Mozilla/5.0 (Windows NT 10.0; Win64; x64) AppleWebKit/537.36 (KHTML, like Gecko) Chrome/79.0.3945.130 Safari/537.36',
  'accept' => 'text/html,application/xhtml+xml,application/xml;q=0.9,image/webp,image/apng,*/*;q=0.8,application/signed-exchange;v=b3;q=0.9',
  'accept-encoding' => 'gzip, deflate',
  'accept-language' => 'zh-CN,zh;q=0.9',
  'cookie' => 'PHPSESSID=4rie4f68agjfnoj16ce31vht44',
)
[ info ] [ PARAM ] array (
)
[ info ] [ LANG ] G:\xampp\htdocs\paopao1.com\vendor\thinkcmf\cmf\src\behavior/../lang\zh-cn.php
[ info ] [ LANG ] G:\xampp\htdocs\paopao1.com\vendor/thinkcmf/cmf-app/src/admin/lang/zh-cn.php
[ info ] [ LANG ] G:\xampp\htdocs\paopao1.com\vendor/thinkcmf/cmf-app/src/admin/lang/zh-cn/common.php
[ info ] [ LANG ] G:\xampp\htdocs\paopao1.com\vendor/thinkcmf/cmf-app/src/user/lang/zh-cn.php
---------------------------------------------------------------

[2020-05-29T15:02:54+08:00] 127.0.0.1 GET paopao1.com/
[运行时间：2.262959s] [吞吐率：0.44req/s] [内存消耗：3,170.88kb] [文件加载：93]
[ info ] [ LANG ] G:\xampp\htdocs\paopao1.com/vendor\thinkphp\lang\zh-cn.php
[ info ] [ BIND ] 'mobile'
[ info ] [ ROUTE ] array (
)
[ info ] [ HEADER ] array (
  'host' => 'paopao1.com',
  'connection' => 'keep-alive',
  'upgrade-insecure-requests' => '1',
  'user-agent' => 'Mozilla/5.0 (Windows NT 10.0; Win64; x64) AppleWebKit/537.36 (KHTML, like Gecko) Chrome/79.0.3945.130 Safari/537.36',
  'accept' => 'text/html,application/xhtml+xml,application/xml;q=0.9,image/webp,image/apng,*/*;q=0.8,application/signed-exchange;v=b3;q=0.9',
  'purpose' => 'prefetch',
  'accept-encoding' => 'gzip, deflate',
  'accept-language' => 'zh-CN,zh;q=0.9',
  'cookie' => 'PHPSESSID=4rie4f68agjfnoj16ce31vht44',
)
[ info ] [ PARAM ] array (
)
[ info ] [ LANG ] G:\xampp\htdocs\paopao1.com\vendor\thinkcmf\cmf\src\behavior/../lang\zh-cn.php
[ info ] [ LANG ] G:\xampp\htdocs\paopao1.com\vendor/thinkcmf/cmf-app/src/admin/lang/zh-cn.php
[ info ] [ LANG ] G:\xampp\htdocs\paopao1.com\vendor/thinkcmf/cmf-app/src/admin/lang/zh-cn/common.php
[ info ] [ LANG ] G:\xampp\htdocs\paopao1.com\vendor/thinkcmf/cmf-app/src/user/lang/zh-cn.php
[ info ] [ DB ] INIT mysql
[ info ] [ VIEW ] G:\xampp\htdocs\paopao1.com\public/themes/admin_simpleboot3/mobile\index\index.html [ array (
  0 => 'banners',
  1 => 'all_classify',
  2 => 'anounces',
) ]
[ sql ] [ DB ] CONNECT:[ UseTime:1.398522s ] mysql:host=47.96.81.129;port=3306;dbname=paopao_yzata_cn;charset=utf8
[ sql ] [ SQL ] SHOW COLUMNS FROM `ny_banner` [ RunTime:0.060474s ]
[ sql ] [ SQL ] SELECT * FROM `ny_banner` [ RunTime:0.054802s ]
[ sql ] [ EXPLAIN : array (
  'id' => 1,
  'select_type' => 'SIMPLE',
  'table' => 'ny_banner',
  'type' => 'ALL',
  'possible_keys' => NULL,
  'key' => NULL,
  'key_len' => NULL,
  'ref' => NULL,
  'rows' => 3,
  'extra' => '',
) ]
[ sql ] [ SQL ] SHOW COLUMNS FROM `ny_classify` [ RunTime:0.068486s ]
[ sql ] [ SQL ] SELECT * FROM `ny_classify` WHERE  `parent` = 0 [ RunTime:0.065381s ]
[ sql ] [ EXPLAIN : array (
  'id' => 1,
  'select_type' => 'SIMPLE',
  'table' => 'ny_classify',
  'type' => 'ALL',
  'possible_keys' => NULL,
  'key' => NULL,
  'key_len' => NULL,
  'ref' => NULL,
  'rows' => 5,
  'extra' => 'Using where',
) ]
[ sql ] [ SQL ] SHOW COLUMNS FROM `ny_anounce` [ RunTime:0.073211s ]
[ sql ] [ SQL ] SELECT * FROM `ny_anounce` [ RunTime:0.071184s ]
[ sql ] [ EXPLAIN : array (
  'id' => 1,
  'select_type' => 'SIMPLE',
  'table' => 'ny_anounce',
  'type' => 'ALL',
  'possible_keys' => NULL,
  'key' => NULL,
  'key_len' => NULL,
  'ref' => NULL,
  'rows' => 2,
  'extra' => '',
) ]
---------------------------------------------------------------

[2020-05-29T15:03:32+08:00] 127.0.0.1 GET paopao1.com/
[运行时间：0.143689s] [吞吐率：6.96req/s] [内存消耗：1,888.85kb] [文件加载：79]
[ info ] [ LANG ] G:\xampp\htdocs\paopao1.com/vendor\thinkphp\lang\zh-cn.php
[ info ] [ BIND ] 'mobile'
[ info ] [ ROUTE ] array (
)
[ info ] [ HEADER ] array (
  'host' => 'paopao1.com',
  'connection' => 'keep-alive',
  'upgrade-insecure-requests' => '1',
  'user-agent' => 'Mozilla/5.0 (Windows NT 10.0; Win64; x64) AppleWebKit/537.36 (KHTML, like Gecko) Chrome/79.0.3945.130 Safari/537.36',
  'accept' => 'text/html,application/xhtml+xml,application/xml;q=0.9,image/webp,image/apng,*/*;q=0.8,application/signed-exchange;v=b3;q=0.9',
  'purpose' => 'prefetch',
  'accept-encoding' => 'gzip, deflate',
  'accept-language' => 'zh-CN,zh;q=0.9',
  'cookie' => 'PHPSESSID=4rie4f68agjfnoj16ce31vht44; thinkphp_show_page_trace=0|0',
)
[ info ] [ PARAM ] array (
)
[ info ] [ LANG ] G:\xampp\htdocs\paopao1.com\vendor\thinkcmf\cmf\src\behavior/../lang\zh-cn.php
[ info ] [ LANG ] G:\xampp\htdocs\paopao1.com\vendor/thinkcmf/cmf-app/src/admin/lang/zh-cn.php
[ info ] [ LANG ] G:\xampp\htdocs\paopao1.com\vendor/thinkcmf/cmf-app/src/admin/lang/zh-cn/common.php
[ info ] [ LANG ] G:\xampp\htdocs\paopao1.com\vendor/thinkcmf/cmf-app/src/user/lang/zh-cn.php
---------------------------------------------------------------

[2020-05-29T15:03:32+08:00] 127.0.0.1 GET paopao1.com/
[运行时间：0.084931s] [吞吐率：11.77req/s] [内存消耗：1,888.55kb] [文件加载：79]
[ info ] [ LANG ] G:\xampp\htdocs\paopao1.com/vendor\thinkphp\lang\zh-cn.php
[ info ] [ BIND ] 'mobile'
[ info ] [ ROUTE ] array (
)
[ info ] [ HEADER ] array (
  'host' => 'paopao1.com',
  'connection' => 'keep-alive',
  'upgrade-insecure-requests' => '1',
  'user-agent' => 'Mozilla/5.0 (Windows NT 10.0; Win64; x64) AppleWebKit/537.36 (KHTML, like Gecko) Chrome/79.0.3945.130 Safari/537.36',
  'accept' => 'text/html,application/xhtml+xml,application/xml;q=0.9,image/webp,image/apng,*/*;q=0.8,application/signed-exchange;v=b3;q=0.9',
  'accept-encoding' => 'gzip, deflate',
  'accept-language' => 'zh-CN,zh;q=0.9',
  'cookie' => 'PHPSESSID=4rie4f68agjfnoj16ce31vht44; thinkphp_show_page_trace=0|0',
)
[ info ] [ PARAM ] array (
)
[ info ] [ LANG ] G:\xampp\htdocs\paopao1.com\vendor\thinkcmf\cmf\src\behavior/../lang\zh-cn.php
[ info ] [ LANG ] G:\xampp\htdocs\paopao1.com\vendor/thinkcmf/cmf-app/src/admin/lang/zh-cn.php
[ info ] [ LANG ] G:\xampp\htdocs\paopao1.com\vendor/thinkcmf/cmf-app/src/admin/lang/zh-cn/common.php
[ info ] [ LANG ] G:\xampp\htdocs\paopao1.com\vendor/thinkcmf/cmf-app/src/user/lang/zh-cn.php
---------------------------------------------------------------

[2020-05-29T15:03:41+08:00] 127.0.0.1 GET paopao1.com/
[运行时间：0.842281s] [吞吐率：1.19req/s] [内存消耗：2,864.98kb] [文件加载：90]
[ info ] [ LANG ] G:\xampp\htdocs\paopao1.com/vendor\thinkphp\lang\zh-cn.php
[ info ] [ BIND ] 'mobile'
[ info ] [ ROUTE ] array (
)
[ info ] [ HEADER ] array (
  'host' => 'paopao1.com',
  'connection' => 'keep-alive',
  'upgrade-insecure-requests' => '1',
  'user-agent' => 'Mozilla/5.0 (Windows NT 10.0; Win64; x64) AppleWebKit/537.36 (KHTML, like Gecko) Chrome/79.0.3945.130 Safari/537.36',
  'accept' => 'text/html,application/xhtml+xml,application/xml;q=0.9,image/webp,image/apng,*/*;q=0.8,application/signed-exchange;v=b3;q=0.9',
  'accept-encoding' => 'gzip, deflate',
  'accept-language' => 'zh-CN,zh;q=0.9',
  'cookie' => 'PHPSESSID=4rie4f68agjfnoj16ce31vht44; thinkphp_show_page_trace=0|0',
)
[ info ] [ PARAM ] array (
)
[ info ] [ LANG ] G:\xampp\htdocs\paopao1.com\vendor\thinkcmf\cmf\src\behavior/../lang\zh-cn.php
[ info ] [ LANG ] G:\xampp\htdocs\paopao1.com\vendor/thinkcmf/cmf-app/src/admin/lang/zh-cn.php
[ info ] [ LANG ] G:\xampp\htdocs\paopao1.com\vendor/thinkcmf/cmf-app/src/admin/lang/zh-cn/common.php
[ info ] [ LANG ] G:\xampp\htdocs\paopao1.com\vendor/thinkcmf/cmf-app/src/user/lang/zh-cn.php
[ info ] [ DB ] INIT mysql
[ info ] [ VIEW ] G:\xampp\htdocs\paopao1.com\public/themes/admin_simpleboot3/mobile\index\index.html [ array (
  0 => 'banners',
  1 => 'all_classify',
  2 => 'anounces',
) ]
[ sql ] [ DB ] CONNECT:[ UseTime:0.105796s ] mysql:host=47.96.81.129;port=3306;dbname=paopao_yzata_cn;charset=utf8
[ sql ] [ SQL ] SHOW COLUMNS FROM `ny_banner` [ RunTime:0.057105s ]
[ sql ] [ SQL ] SELECT * FROM `ny_banner` [ RunTime:0.054866s ]
[ sql ] [ EXPLAIN : array (
  'id' => 1,
  'select_type' => 'SIMPLE',
  'table' => 'ny_banner',
  'type' => 'ALL',
  'possible_keys' => NULL,
  'key' => NULL,
  'key_len' => NULL,
  'ref' => NULL,
  'rows' => 3,
  'extra' => '',
) ]
[ sql ] [ SQL ] SHOW COLUMNS FROM `ny_classify` [ RunTime:0.078808s ]
[ sql ] [ SQL ] SELECT * FROM `ny_classify` WHERE  `parent` = 0 [ RunTime:0.071399s ]
[ sql ] [ EXPLAIN : array (
  'id' => 1,
  'select_type' => 'SIMPLE',
  'table' => 'ny_classify',
  'type' => 'ALL',
  'possible_keys' => NULL,
  'key' => NULL,
  'key_len' => NULL,
  'ref' => NULL,
  'rows' => 5,
  'extra' => 'Using where',
) ]
[ sql ] [ SQL ] SHOW COLUMNS FROM `ny_anounce` [ RunTime:0.073179s ]
[ sql ] [ SQL ] SELECT * FROM `ny_anounce` [ RunTime:0.065657s ]
[ sql ] [ EXPLAIN : array (
  'id' => 1,
  'select_type' => 'SIMPLE',
  'table' => 'ny_anounce',
  'type' => 'ALL',
  'possible_keys' => NULL,
  'key' => NULL,
  'key_len' => NULL,
  'ref' => NULL,
  'rows' => 2,
  'extra' => '',
) ]
---------------------------------------------------------------

[2020-05-29T15:08:14+08:00] 127.0.0.1 GET paopao1.com/
[运行时间：0.731283s] [吞吐率：1.37req/s] [内存消耗：2,865.29kb] [文件加载：90]
[ info ] [ LANG ] G:\xampp\htdocs\paopao1.com/vendor\thinkphp\lang\zh-cn.php
[ info ] [ BIND ] 'mobile'
[ info ] [ ROUTE ] array (
)
[ info ] [ HEADER ] array (
  'host' => 'paopao1.com',
  'connection' => 'keep-alive',
  'cache-control' => 'max-age=0',
  'upgrade-insecure-requests' => '1',
  'user-agent' => 'Mozilla/5.0 (Windows NT 10.0; Win64; x64) AppleWebKit/537.36 (KHTML, like Gecko) Chrome/79.0.3945.130 Safari/537.36',
  'accept' => 'text/html,application/xhtml+xml,application/xml;q=0.9,image/webp,image/apng,*/*;q=0.8,application/signed-exchange;v=b3;q=0.9',
  'accept-encoding' => 'gzip, deflate',
  'accept-language' => 'zh-CN,zh;q=0.9',
  'cookie' => 'PHPSESSID=4rie4f68agjfnoj16ce31vht44; thinkphp_show_page_trace=0|0',
)
[ info ] [ PARAM ] array (
)
[ info ] [ LANG ] G:\xampp\htdocs\paopao1.com\vendor\thinkcmf\cmf\src\behavior/../lang\zh-cn.php
[ info ] [ LANG ] G:\xampp\htdocs\paopao1.com\vendor/thinkcmf/cmf-app/src/admin/lang/zh-cn.php
[ info ] [ LANG ] G:\xampp\htdocs\paopao1.com\vendor/thinkcmf/cmf-app/src/admin/lang/zh-cn/common.php
[ info ] [ LANG ] G:\xampp\htdocs\paopao1.com\vendor/thinkcmf/cmf-app/src/user/lang/zh-cn.php
[ info ] [ DB ] INIT mysql
[ info ] [ VIEW ] G:\xampp\htdocs\paopao1.com\public/themes/admin_simpleboot3/mobile\index\index.html [ array (
  0 => 'banners',
  1 => 'all_classify',
  2 => 'anounces',
) ]
[ sql ] [ DB ] CONNECT:[ UseTime:0.087751s ] mysql:host=47.96.81.129;port=3306;dbname=paopao_yzata_cn;charset=utf8
[ sql ] [ SQL ] SHOW COLUMNS FROM `ny_banner` [ RunTime:0.050474s ]
[ sql ] [ SQL ] SELECT * FROM `ny_banner` [ RunTime:0.057782s ]
[ sql ] [ EXPLAIN : array (
  'id' => 1,
  'select_type' => 'SIMPLE',
  'table' => 'ny_banner',
  'type' => 'ALL',
  'possible_keys' => NULL,
  'key' => NULL,
  'key_len' => NULL,
  'ref' => NULL,
  'rows' => 3,
  'extra' => '',
) ]
[ sql ] [ SQL ] SHOW COLUMNS FROM `ny_classify` [ RunTime:0.063856s ]
[ sql ] [ SQL ] SELECT * FROM `ny_classify` WHERE  `parent` = 0 [ RunTime:0.063689s ]
[ sql ] [ EXPLAIN : array (
  'id' => 1,
  'select_type' => 'SIMPLE',
  'table' => 'ny_classify',
  'type' => 'ALL',
  'possible_keys' => NULL,
  'key' => NULL,
  'key_len' => NULL,
  'ref' => NULL,
  'rows' => 5,
  'extra' => 'Using where',
) ]
[ sql ] [ SQL ] SHOW COLUMNS FROM `ny_anounce` [ RunTime:0.058165s ]
[ sql ] [ SQL ] SELECT * FROM `ny_anounce` [ RunTime:0.052811s ]
[ sql ] [ EXPLAIN : array (
  'id' => 1,
  'select_type' => 'SIMPLE',
  'table' => 'ny_anounce',
  'type' => 'ALL',
  'possible_keys' => NULL,
  'key' => NULL,
  'key_len' => NULL,
  'ref' => NULL,
  'rows' => 2,
  'extra' => '',
) ]
---------------------------------------------------------------

[2020-05-29T22:26:53+08:00] 127.0.0.1 GET paopao1.com/
[运行时间：1.507880s] [吞吐率：0.66req/s] [内存消耗：2,865.29kb] [文件加载：90]
[ info ] [ LANG ] G:\xampp\htdocs\paopao1.com/vendor\thinkphp\lang\zh-cn.php
[ info ] [ BIND ] 'mobile'
[ info ] [ ROUTE ] array (
)
[ info ] [ HEADER ] array (
  'host' => 'paopao1.com',
  'connection' => 'keep-alive',
  'cache-control' => 'max-age=0',
  'upgrade-insecure-requests' => '1',
  'user-agent' => 'Mozilla/5.0 (Windows NT 10.0; Win64; x64) AppleWebKit/537.36 (KHTML, like Gecko) Chrome/79.0.3945.130 Safari/537.36',
  'accept' => 'text/html,application/xhtml+xml,application/xml;q=0.9,image/webp,image/apng,*/*;q=0.8,application/signed-exchange;v=b3;q=0.9',
  'accept-encoding' => 'gzip, deflate',
  'accept-language' => 'zh-CN,zh;q=0.9',
  'cookie' => 'PHPSESSID=4rie4f68agjfnoj16ce31vht44; thinkphp_show_page_trace=0|0',
)
[ info ] [ PARAM ] array (
)
[ info ] [ LANG ] G:\xampp\htdocs\paopao1.com\vendor\thinkcmf\cmf\src\behavior/../lang\zh-cn.php
[ info ] [ LANG ] G:\xampp\htdocs\paopao1.com\vendor/thinkcmf/cmf-app/src/admin/lang/zh-cn.php
[ info ] [ LANG ] G:\xampp\htdocs\paopao1.com\vendor/thinkcmf/cmf-app/src/admin/lang/zh-cn/common.php
[ info ] [ LANG ] G:\xampp\htdocs\paopao1.com\vendor/thinkcmf/cmf-app/src/user/lang/zh-cn.php
[ info ] [ DB ] INIT mysql
[ info ] [ VIEW ] G:\xampp\htdocs\paopao1.com\public/themes/admin_simpleboot3/mobile\index\index.html [ array (
  0 => 'banners',
  1 => 'all_classify',
  2 => 'anounces',
) ]
[ sql ] [ DB ] CONNECT:[ UseTime:0.123230s ] mysql:host=47.96.81.129;port=3306;dbname=paopao_yzata_cn;charset=utf8
[ sql ] [ SQL ] SHOW COLUMNS FROM `ny_banner` [ RunTime:0.058619s ]
[ sql ] [ SQL ] SELECT * FROM `ny_banner` [ RunTime:0.062720s ]
[ sql ] [ EXPLAIN : array (
  'id' => 1,
  'select_type' => 'SIMPLE',
  'table' => 'ny_banner',
  'type' => 'ALL',
  'possible_keys' => NULL,
  'key' => NULL,
  'key_len' => NULL,
  'ref' => NULL,
  'rows' => 3,
  'extra' => '',
) ]
[ sql ] [ SQL ] SHOW COLUMNS FROM `ny_classify` [ RunTime:0.073382s ]
[ sql ] [ SQL ] SELECT * FROM `ny_classify` WHERE  `parent` = 0 [ RunTime:0.070679s ]
[ sql ] [ EXPLAIN : array (
  'id' => 1,
  'select_type' => 'SIMPLE',
  'table' => 'ny_classify',
  'type' => 'ALL',
  'possible_keys' => NULL,
  'key' => NULL,
  'key_len' => NULL,
  'ref' => NULL,
  'rows' => 5,
  'extra' => 'Using where',
) ]
[ sql ] [ SQL ] SHOW COLUMNS FROM `ny_anounce` [ RunTime:0.065569s ]
[ sql ] [ SQL ] SELECT * FROM `ny_anounce` [ RunTime:0.074060s ]
[ sql ] [ EXPLAIN : array (
  'id' => 1,
  'select_type' => 'SIMPLE',
  'table' => 'ny_anounce',
  'type' => 'ALL',
  'possible_keys' => NULL,
  'key' => NULL,
  'key_len' => NULL,
  'ref' => NULL,
  'rows' => 2,
  'extra' => '',
) ]
---------------------------------------------------------------

[2020-05-29T22:27:34+08:00] 127.0.0.1 GET paopao1.com/
[运行时间：0.090293s] [吞吐率：11.08req/s] [内存消耗：1,889.18kb] [文件加载：78]
[ info ] [ LANG ] G:\xampp\htdocs\paopao1.com/vendor\thinkphp\lang\zh-cn.php
[ info ] [ BIND ] 'mobile'
[ info ] [ ROUTE ] array (
)
[ info ] [ HEADER ] array (
  'host' => 'paopao1.com',
  'connection' => 'keep-alive',
  'cache-control' => 'max-age=0',
  'upgrade-insecure-requests' => '1',
  'user-agent' => 'Mozilla/5.0 (Windows NT 10.0; Win64; x64) AppleWebKit/537.36 (KHTML, like Gecko) Chrome/79.0.3945.130 Safari/537.36',
  'accept' => 'text/html,application/xhtml+xml,application/xml;q=0.9,image/webp,image/apng,*/*;q=0.8,application/signed-exchange;v=b3;q=0.9',
  'accept-encoding' => 'gzip, deflate',
  'accept-language' => 'zh-CN,zh;q=0.9',
  'cookie' => 'PHPSESSID=4rie4f68agjfnoj16ce31vht44; thinkphp_show_page_trace=0|0',
)
[ info ] [ PARAM ] array (
)
[ info ] [ LANG ] G:\xampp\htdocs\paopao1.com\vendor\thinkcmf\cmf\src\behavior/../lang\zh-cn.php
[ info ] [ LANG ] G:\xampp\htdocs\paopao1.com\vendor/thinkcmf/cmf-app/src/admin/lang/zh-cn.php
[ info ] [ LANG ] G:\xampp\htdocs\paopao1.com\vendor/thinkcmf/cmf-app/src/admin/lang/zh-cn/common.php
[ info ] [ LANG ] G:\xampp\htdocs\paopao1.com\vendor/thinkcmf/cmf-app/src/user/lang/zh-cn.php
---------------------------------------------------------------

[2020-05-29T22:27:45+08:00] 127.0.0.1 GET paopao1.com/index.php
[运行时间：0.867644s] [吞吐率：1.15req/s] [内存消耗：2,864.98kb] [文件加载：90]
[ info ] [ LANG ] G:\xampp\htdocs\paopao1.com/vendor\thinkphp\lang\zh-cn.php
[ info ] [ BIND ] 'mobile'
[ info ] [ ROUTE ] array (
)
[ info ] [ HEADER ] array (
  'host' => 'paopao1.com',
  'connection' => 'keep-alive',
  'upgrade-insecure-requests' => '1',
  'user-agent' => 'Mozilla/5.0 (Windows NT 10.0; Win64; x64) AppleWebKit/537.36 (KHTML, like Gecko) Chrome/79.0.3945.130 Safari/537.36',
  'accept' => 'text/html,application/xhtml+xml,application/xml;q=0.9,image/webp,image/apng,*/*;q=0.8,application/signed-exchange;v=b3;q=0.9',
  'accept-encoding' => 'gzip, deflate',
  'accept-language' => 'zh-CN,zh;q=0.9',
  'cookie' => 'PHPSESSID=4rie4f68agjfnoj16ce31vht44; thinkphp_show_page_trace=0|0',
)
[ info ] [ PARAM ] array (
)
[ info ] [ LANG ] G:\xampp\htdocs\paopao1.com\vendor\thinkcmf\cmf\src\behavior/../lang\zh-cn.php
[ info ] [ LANG ] G:\xampp\htdocs\paopao1.com\vendor/thinkcmf/cmf-app/src/admin/lang/zh-cn.php
[ info ] [ LANG ] G:\xampp\htdocs\paopao1.com\vendor/thinkcmf/cmf-app/src/admin/lang/zh-cn/common.php
[ info ] [ LANG ] G:\xampp\htdocs\paopao1.com\vendor/thinkcmf/cmf-app/src/user/lang/zh-cn.php
[ info ] [ DB ] INIT mysql
[ info ] [ VIEW ] G:\xampp\htdocs\paopao1.com\public/themes/admin_simpleboot3/mobile\index\index.html [ array (
  0 => 'banners',
  1 => 'all_classify',
  2 => 'anounces',
) ]
[ sql ] [ DB ] CONNECT:[ UseTime:0.123839s ] mysql:host=47.96.81.129;port=3306;dbname=paopao_yzata_cn;charset=utf8
[ sql ] [ SQL ] SHOW COLUMNS FROM `ny_banner` [ RunTime:0.062183s ]
[ sql ] [ SQL ] SELECT * FROM `ny_banner` [ RunTime:0.104742s ]
[ sql ] [ EXPLAIN : array (
  'id' => 1,
  'select_type' => 'SIMPLE',
  'table' => 'ny_banner',
  'type' => 'ALL',
  'possible_keys' => NULL,
  'key' => NULL,
  'key_len' => NULL,
  'ref' => NULL,
  'rows' => 3,
  'extra' => '',
) ]
[ sql ] [ SQL ] SHOW COLUMNS FROM `ny_classify` [ RunTime:0.072498s ]
[ sql ] [ SQL ] SELECT * FROM `ny_classify` WHERE  `parent` = 0 [ RunTime:0.068973s ]
[ sql ] [ EXPLAIN : array (
  'id' => 1,
  'select_type' => 'SIMPLE',
  'table' => 'ny_classify',
  'type' => 'ALL',
  'possible_keys' => NULL,
  'key' => NULL,
  'key_len' => NULL,
  'ref' => NULL,
  'rows' => 5,
  'extra' => 'Using where',
) ]
[ sql ] [ SQL ] SHOW COLUMNS FROM `ny_anounce` [ RunTime:0.074271s ]
[ sql ] [ SQL ] SELECT * FROM `ny_anounce` [ RunTime:0.055973s ]
[ sql ] [ EXPLAIN : array (
  'id' => 1,
  'select_type' => 'SIMPLE',
  'table' => 'ny_anounce',
  'type' => 'ALL',
  'possible_keys' => NULL,
  'key' => NULL,
  'key_len' => NULL,
  'ref' => NULL,
  'rows' => 2,
  'extra' => '',
) ]
---------------------------------------------------------------

[2020-05-29T22:31:40+08:00] 127.0.0.1 GET paopao1.com/
[运行时间：0.734545s] [吞吐率：1.36req/s] [内存消耗：2,864.98kb] [文件加载：90]
[ info ] [ LANG ] G:\xampp\htdocs\paopao1.com/vendor\thinkphp\lang\zh-cn.php
[ info ] [ BIND ] 'mobile'
[ info ] [ ROUTE ] array (
)
[ info ] [ HEADER ] array (
  'host' => 'paopao1.com',
  'connection' => 'keep-alive',
  'upgrade-insecure-requests' => '1',
  'user-agent' => 'Mozilla/5.0 (Windows NT 10.0; Win64; x64) AppleWebKit/537.36 (KHTML, like Gecko) Chrome/79.0.3945.130 Safari/537.36',
  'accept' => 'text/html,application/xhtml+xml,application/xml;q=0.9,image/webp,image/apng,*/*;q=0.8,application/signed-exchange;v=b3;q=0.9',
  'accept-encoding' => 'gzip, deflate',
  'accept-language' => 'zh-CN,zh;q=0.9',
  'cookie' => 'PHPSESSID=4rie4f68agjfnoj16ce31vht44; thinkphp_show_page_trace=0|0',
)
[ info ] [ PARAM ] array (
)
[ info ] [ LANG ] G:\xampp\htdocs\paopao1.com\vendor\thinkcmf\cmf\src\behavior/../lang\zh-cn.php
[ info ] [ LANG ] G:\xampp\htdocs\paopao1.com\vendor/thinkcmf/cmf-app/src/admin/lang/zh-cn.php
[ info ] [ LANG ] G:\xampp\htdocs\paopao1.com\vendor/thinkcmf/cmf-app/src/admin/lang/zh-cn/common.php
[ info ] [ LANG ] G:\xampp\htdocs\paopao1.com\vendor/thinkcmf/cmf-app/src/user/lang/zh-cn.php
[ info ] [ DB ] INIT mysql
[ info ] [ VIEW ] G:\xampp\htdocs\paopao1.com\public/themes/admin_simpleboot3/mobile\index\index.html [ array (
  0 => 'banners',
  1 => 'all_classify',
  2 => 'anounces',
) ]
[ sql ] [ DB ] CONNECT:[ UseTime:0.096915s ] mysql:host=47.96.81.129;port=3306;dbname=paopao_yzata_cn;charset=utf8
[ sql ] [ SQL ] SHOW COLUMNS FROM `ny_banner` [ RunTime:0.059912s ]
[ sql ] [ SQL ] SELECT * FROM `ny_banner` [ RunTime:0.049730s ]
[ sql ] [ EXPLAIN : array (
  'id' => 1,
  'select_type' => 'SIMPLE',
  'table' => 'ny_banner',
  'type' => 'ALL',
  'possible_keys' => NULL,
  'key' => NULL,
  'key_len' => NULL,
  'ref' => NULL,
  'rows' => 3,
  'extra' => '',
) ]
[ sql ] [ SQL ] SHOW COLUMNS FROM `ny_classify` [ RunTime:0.064896s ]
[ sql ] [ SQL ] SELECT * FROM `ny_classify` WHERE  `parent` = 0 [ RunTime:0.053413s ]
[ sql ] [ EXPLAIN : array (
  'id' => 1,
  'select_type' => 'SIMPLE',
  'table' => 'ny_classify',
  'type' => 'ALL',
  'possible_keys' => NULL,
  'key' => NULL,
  'key_len' => NULL,
  'ref' => NULL,
  'rows' => 5,
  'extra' => 'Using where',
) ]
[ sql ] [ SQL ] SHOW COLUMNS FROM `ny_anounce` [ RunTime:0.055637s ]
[ sql ] [ SQL ] SELECT * FROM `ny_anounce` [ RunTime:0.054988s ]
[ sql ] [ EXPLAIN : array (
  'id' => 1,
  'select_type' => 'SIMPLE',
  'table' => 'ny_anounce',
  'type' => 'ALL',
  'possible_keys' => NULL,
  'key' => NULL,
  'key_len' => NULL,
  'ref' => NULL,
  'rows' => 2,
  'extra' => '',
) ]
---------------------------------------------------------------

[2020-05-29T22:31:54+08:00] 127.0.0.1 GET paopao1.com/
[运行时间：0.177126s] [吞吐率：5.65req/s] [内存消耗：1,888.86kb] [文件加载：79]
[ info ] [ LANG ] G:\xampp\htdocs\paopao1.com/vendor\thinkphp\lang\zh-cn.php
[ info ] [ BIND ] 'mobile'
[ info ] [ ROUTE ] array (
)
[ info ] [ HEADER ] array (
  'host' => 'paopao1.com',
  'connection' => 'keep-alive',
  'cache-control' => 'max-age=0',
  'upgrade-insecure-requests' => '1',
  'user-agent' => 'Mozilla/5.0 (Windows NT 10.0; Win64; x64) AppleWebKit/537.36 (KHTML, like Gecko) Chrome/79.0.3945.130 Safari/537.36',
  'accept' => 'text/html,application/xhtml+xml,application/xml;q=0.9,image/webp,image/apng,*/*;q=0.8,application/signed-exchange;v=b3;q=0.9',
  'accept-encoding' => 'gzip, deflate',
  'accept-language' => 'zh-CN,zh;q=0.9',
  'cookie' => 'PHPSESSID=4rie4f68agjfnoj16ce31vht44; thinkphp_show_page_trace=0|0',
)
[ info ] [ PARAM ] array (
)
[ info ] [ LANG ] G:\xampp\htdocs\paopao1.com\vendor\thinkcmf\cmf\src\behavior/../lang\zh-cn.php
[ info ] [ LANG ] G:\xampp\htdocs\paopao1.com\vendor/thinkcmf/cmf-app/src/admin/lang/zh-cn.php
[ info ] [ LANG ] G:\xampp\htdocs\paopao1.com\vendor/thinkcmf/cmf-app/src/admin/lang/zh-cn/common.php
[ info ] [ LANG ] G:\xampp\htdocs\paopao1.com\vendor/thinkcmf/cmf-app/src/user/lang/zh-cn.php
---------------------------------------------------------------

[2020-05-29T22:35:17+08:00] 127.0.0.1 GET paopao1.com/
[运行时间：0.134189s] [吞吐率：7.45req/s] [内存消耗：1,888.55kb] [文件加载：79]
[ info ] [ LANG ] G:\xampp\htdocs\paopao1.com/vendor\thinkphp\lang\zh-cn.php
[ info ] [ BIND ] 'mobile'
[ info ] [ ROUTE ] array (
)
[ info ] [ HEADER ] array (
  'host' => 'paopao1.com',
  'connection' => 'keep-alive',
  'upgrade-insecure-requests' => '1',
  'user-agent' => 'Mozilla/5.0 (Windows NT 10.0; Win64; x64) AppleWebKit/537.36 (KHTML, like Gecko) Chrome/79.0.3945.130 Safari/537.36',
  'accept' => 'text/html,application/xhtml+xml,application/xml;q=0.9,image/webp,image/apng,*/*;q=0.8,application/signed-exchange;v=b3;q=0.9',
  'accept-encoding' => 'gzip, deflate',
  'accept-language' => 'zh-CN,zh;q=0.9',
  'cookie' => 'PHPSESSID=4rie4f68agjfnoj16ce31vht44; thinkphp_show_page_trace=0|0',
)
[ info ] [ PARAM ] array (
)
[ info ] [ LANG ] G:\xampp\htdocs\paopao1.com\vendor\thinkcmf\cmf\src\behavior/../lang\zh-cn.php
[ info ] [ LANG ] G:\xampp\htdocs\paopao1.com\vendor/thinkcmf/cmf-app/src/admin/lang/zh-cn.php
[ info ] [ LANG ] G:\xampp\htdocs\paopao1.com\vendor/thinkcmf/cmf-app/src/admin/lang/zh-cn/common.php
[ info ] [ LANG ] G:\xampp\htdocs\paopao1.com\vendor/thinkcmf/cmf-app/src/user/lang/zh-cn.php
---------------------------------------------------------------

[2020-05-29T22:55:36+08:00] 127.0.0.1 GET paopao1.com/index.php
[运行时间：0.130915s] [吞吐率：7.64req/s] [内存消耗：1,888.55kb] [文件加载：79]
[ info ] [ LANG ] G:\xampp\htdocs\paopao1.com/vendor\thinkphp\lang\zh-cn.php
[ info ] [ BIND ] 'mobile'
[ info ] [ ROUTE ] array (
)
[ info ] [ HEADER ] array (
  'host' => 'paopao1.com',
  'connection' => 'keep-alive',
  'upgrade-insecure-requests' => '1',
  'user-agent' => 'Mozilla/5.0 (Windows NT 10.0; Win64; x64) AppleWebKit/537.36 (KHTML, like Gecko) Chrome/79.0.3945.130 Safari/537.36',
  'accept' => 'text/html,application/xhtml+xml,application/xml;q=0.9,image/webp,image/apng,*/*;q=0.8,application/signed-exchange;v=b3;q=0.9',
  'accept-encoding' => 'gzip, deflate',
  'accept-language' => 'zh-CN,zh;q=0.9',
  'cookie' => 'PHPSESSID=4rie4f68agjfnoj16ce31vht44; thinkphp_show_page_trace=0|0',
)
[ info ] [ PARAM ] array (
)
[ info ] [ LANG ] G:\xampp\htdocs\paopao1.com\vendor\thinkcmf\cmf\src\behavior/../lang\zh-cn.php
[ info ] [ LANG ] G:\xampp\htdocs\paopao1.com\vendor/thinkcmf/cmf-app/src/admin/lang/zh-cn.php
[ info ] [ LANG ] G:\xampp\htdocs\paopao1.com\vendor/thinkcmf/cmf-app/src/admin/lang/zh-cn/common.php
[ info ] [ LANG ] G:\xampp\htdocs\paopao1.com\vendor/thinkcmf/cmf-app/src/user/lang/zh-cn.php
