---------------------------------------------------------------

[2019-12-29T23:57:25+08:00] 222.189.130.244 GET guocai.yzata.cn/
[运行时间：0.090864s] [吞吐率：11.01req/s] [内存消耗：5,546.05kb] [文件加载：99]
[ info ] [ LANG ] /www/wwwroot/guocai.yzata.cn/vendor/thinkphp/lang/zh-cn.php
[ info ] [ DB ] INIT mysql
[ info ] [ BIND ] 'order'
[ info ] [ ROUTE ] array (
)
[ info ] [ HEADER ] array (
  'host' => 'guocai.yzata.cn',
  'connection' => 'keep-alive',
  'cache-control' => 'max-age=0',
  'upgrade-insecure-requests' => '1',
  'user-agent' => 'Mozilla/5.0 (Windows NT 6.1; WOW64) AppleWebKit/537.36 (KHTML, like Gecko) Chrome/76.0.3809.100 Safari/537.36',
  'accept' => 'text/html,application/xhtml+xml,application/xml;q=0.9,image/webp,image/apng,*/*;q=0.8,application/signed-exchange;v=b3',
  'accept-encoding' => 'gzip, deflate',
  'accept-language' => 'zh-CN,zh;q=0.9',
  'cookie' => 'thinkphp_show_page_trace=0|0; PHPSESSID=ffnltj2l66j9hb2kbf8b063h3c; admin_username=admin',
)
[ info ] [ PARAM ] array (
)
[ info ] [ LANG ] /www/wwwroot/guocai.yzata.cn/vendor/thinkcmf/cmf/src/behavior/../lang/zh-cn.php
[ info ] [ LANG ] /www/wwwroot/guocai.yzata.cn/vendor/thinkcmf/cmf-app/src/admin/lang/zh-cn.php
[ info ] [ LANG ] /www/wwwroot/guocai.yzata.cn/vendor/thinkcmf/cmf-app/src/admin/lang/zh-cn/common.php
[ info ] [ LANG ] /www/wwwroot/guocai.yzata.cn/vendor/thinkcmf/cmf-app/src/user/lang/zh-cn.php
[ info ] [ VIEW ] /www/wwwroot/guocai.yzata.cn/public/themes/admin_simpleboot3/order/index/index.html [ array (
  0 => 'admin',
  1 => 'level',
) ]
[ sql ] [ DB ] CONNECT:[ UseTime:0.001904s ] mysql:host=47.96.81.129;port=3306;dbname=guocai_yzata_cn;charset=utf8mb4
[ sql ] [ SQL ] SHOW COLUMNS FROM `ny_hook` [ RunTime:0.005218s ]
[ sql ] [ SQL ] SELECT `hook` FROM `ny_hook` WHERE  `type` = 1 OR (  `type` = 3  AND ( `app` = '' or `app` = 'cmf' ) ) [ RunTime:0.001252s ]
[ sql ] [ EXPLAIN : array (
  'id' => 1,
  'select_type' => 'SIMPLE',
  'table' => 'ny_hook',
  'type' => 'ALL',
  'possible_keys' => NULL,
  'key' => NULL,
  'key_len' => NULL,
  'ref' => NULL,
  'rows' => 56,
  'extra' => 'Using where',
) ]
[ sql ] [ SQL ] SHOW COLUMNS FROM `ny_hook_plugin` [ RunTime:0.003541s ]
[ sql ] [ SQL ] SELECT `hook`,`plugin` FROM `ny_hook_plugin` WHERE  `status` = 1  AND `hook` IN ('app_begin','module_init','action_begin','view_filter','app_end','log_write','response_end','admin_init','home_init','send_mobile_verification_code','body_start','before_head_end','footer_start','before_footer','before_footer_end','before_body_end','left_sidebar_start','before_left_sidebar_end','right_sidebar_start','before_right_sidebar_end','comment','guestbook','switch_theme','after_content','before_content','log_write_done','switch_admin_theme','captcha_image') ORDER BY `list_order` ASC [ RunTime:0.001352s ]
[ sql ] [ EXPLAIN : array (
  'id' => 1,
  'select_type' => 'SIMPLE',
  'table' => 'ny_hook_plugin',
  'type' => 'ALL',
  'possible_keys' => NULL,
  'key' => NULL,
  'key_len' => NULL,
  'ref' => NULL,
  'rows' => 1,
  'extra' => 'Using where; Using filesort',
) ]
[ sql ] [ SQL ] SELECT `hook` FROM `ny_hook` WHERE  `app` = 'order' [ RunTime:0.001197s ]
[ sql ] [ EXPLAIN : array (
  'id' => 1,
  'select_type' => 'SIMPLE',
  'table' => 'ny_hook',
  'type' => 'ALL',
  'possible_keys' => NULL,
  'key' => NULL,
  'key_len' => NULL,
  'ref' => NULL,
  'rows' => 56,
  'extra' => 'Using where',
) ]
[ sql ] [ SQL ] SELECT `hook`,`plugin` FROM `ny_hook_plugin` WHERE  `status` = 1  AND `hook` IN ('') ORDER BY `list_order` ASC [ RunTime:0.001171s ]
[ sql ] [ EXPLAIN : array (
  'id' => 1,
  'select_type' => 'SIMPLE',
  'table' => 'ny_hook_plugin',
  'type' => 'ALL',
  'possible_keys' => NULL,
  'key' => NULL,
  'key_len' => NULL,
  'ref' => NULL,
  'rows' => 1,
  'extra' => 'Using where; Using filesort',
) ]
[ sql ] [ SQL ] SHOW COLUMNS FROM `ny_option` [ RunTime:0.002166s ]
[ sql ] [ SQL ] SELECT `option_value` FROM `ny_option` WHERE  `option_name` = 'cdn_settings' LIMIT 1 [ RunTime:0.002300s ]
[ sql ] [ EXPLAIN : array (
  'id' => 1,
  'select_type' => 'SIMPLE',
  'table' => 'ny_option',
  'type' => 'const',
  'possible_keys' => 'option_name',
  'key' => 'option_name',
  'key_len' => '194',
  'ref' => 'const',
  'rows' => 1,
  'extra' => '',
) ]
[ sql ] [ SQL ] SHOW COLUMNS FROM `ny_user` [ RunTime:0.003168s ]
[ sql ] [ SQL ] SELECT * FROM `ny_user` WHERE  `id` = 1 LIMIT 1 [ RunTime:0.001283s ]
[ sql ] [ EXPLAIN : array (
  'id' => 1,
  'select_type' => 'SIMPLE',
  'table' => 'ny_user',
  'type' => 'const',
  'possible_keys' => 'PRIMARY',
  'key' => 'PRIMARY',
  'key_len' => '8',
  'ref' => 'const',
  'rows' => 1,
  'extra' => '',
) ]
[ sql ] [ SQL ] select * from ny_user where id = 1 [ RunTime:0.001254s ]
[ sql ] [ EXPLAIN : array (
  'id' => 1,
  'select_type' => 'SIMPLE',
  'table' => 'ny_user',
  'type' => 'const',
  'possible_keys' => 'PRIMARY',
  'key' => 'PRIMARY',
  'key_len' => '8',
  'ref' => 'const',
  'rows' => 1,
  'extra' => '',
) ]
[ warn ] SQL:SELECT `hook`,`plugin` FROM `ny_hook_plugin` WHERE  `status` = :ThinkBind_1_  AND `hook` IN (:ThinkBind_2_,:ThinkBind_3_,:ThinkBind_4_,:ThinkBind_5_,:ThinkBind_6_,:ThinkBind_7_,:ThinkBind_8_,:ThinkBind_9_,:ThinkBind_10_,:ThinkBind_11_,:ThinkBind_12_,:ThinkBind_13_,:ThinkBind_14_,:ThinkBind_15_,:ThinkBind_16_,:ThinkBind_17_,:ThinkBind_18_,:ThinkBind_19_,:ThinkBind_20_,:ThinkBind_21_,:ThinkBind_22_,:ThinkBind_23_,:ThinkBind_24_,:ThinkBind_25_,:ThinkBind_26_,:ThinkBind_27_,:ThinkBind_28_,:ThinkBind_29_) ORDER BY `list_order` ASC [Using where; Using filesort]
[ warn ] SQL:SELECT `hook`,`plugin` FROM `ny_hook_plugin` WHERE  `status` = :ThinkBind_1_  AND `hook` IN ('') ORDER BY `list_order` ASC [Using where; Using filesort]
---------------------------------------------------------------

[2019-12-29T23:57:31+08:00] 222.189.130.244 GET guocai.yzata.cn/
[运行时间：0.057713s] [吞吐率：17.33req/s] [内存消耗：5,216.06kb] [文件加载：96]
[ info ] [ LANG ] /www/wwwroot/guocai.yzata.cn/vendor/thinkphp/lang/zh-cn.php
[ info ] [ BIND ] 'order'
[ info ] [ ROUTE ] array (
)
[ info ] [ HEADER ] array (
  'host' => 'guocai.yzata.cn',
  'connection' => 'keep-alive',
  'pragma' => 'no-cache',
  'cache-control' => 'no-cache',
  'upgrade-insecure-requests' => '1',
  'user-agent' => 'Mozilla/5.0 (Windows NT 6.1; WOW64) AppleWebKit/537.36 (KHTML, like Gecko) Chrome/76.0.3809.100 Safari/537.36',
  'accept' => 'text/html,application/xhtml+xml,application/xml;q=0.9,image/webp,image/apng,*/*;q=0.8,application/signed-exchange;v=b3',
  'accept-encoding' => 'gzip, deflate',
  'accept-language' => 'zh-CN,zh;q=0.9',
  'cookie' => 'thinkphp_show_page_trace=0|0; PHPSESSID=ffnltj2l66j9hb2kbf8b063h3c; admin_username=admin',
)
[ info ] [ PARAM ] array (
)
[ info ] [ LANG ] /www/wwwroot/guocai.yzata.cn/vendor/thinkcmf/cmf/src/behavior/../lang/zh-cn.php
[ info ] [ LANG ] /www/wwwroot/guocai.yzata.cn/vendor/thinkcmf/cmf-app/src/admin/lang/zh-cn.php
[ info ] [ LANG ] /www/wwwroot/guocai.yzata.cn/vendor/thinkcmf/cmf-app/src/admin/lang/zh-cn/common.php
[ info ] [ LANG ] /www/wwwroot/guocai.yzata.cn/vendor/thinkcmf/cmf-app/src/user/lang/zh-cn.php
[ info ] [ DB ] INIT mysql
[ info ] [ VIEW ] /www/wwwroot/guocai.yzata.cn/public/themes/admin_simpleboot3/order/index/index.html [ array (
  0 => 'admin',
  1 => 'level',
) ]
[ sql ] [ DB ] CONNECT:[ UseTime:0.002852s ] mysql:host=47.96.81.129;port=3306;dbname=guocai_yzata_cn;charset=utf8mb4
[ sql ] [ SQL ] SHOW COLUMNS FROM `ny_user` [ RunTime:0.004638s ]
[ sql ] [ SQL ] SELECT * FROM `ny_user` WHERE  `id` = 1 LIMIT 1 [ RunTime:0.001964s ]
[ sql ] [ EXPLAIN : array (
  'id' => 1,
  'select_type' => 'SIMPLE',
  'table' => 'ny_user',
  'type' => 'const',
  'possible_keys' => 'PRIMARY',
  'key' => 'PRIMARY',
  'key_len' => '8',
  'ref' => 'const',
  'rows' => 1,
  'extra' => '',
) ]
[ sql ] [ SQL ] select * from ny_user where id = 1 [ RunTime:0.001862s ]
[ sql ] [ EXPLAIN : array (
  'id' => 1,
  'select_type' => 'SIMPLE',
  'table' => 'ny_user',
  'type' => 'const',
  'possible_keys' => 'PRIMARY',
  'key' => 'PRIMARY',
  'key_len' => '8',
  'ref' => 'const',
  'rows' => 1,
  'extra' => '',
) ]
---------------------------------------------------------------

[2019-12-29T23:57:33+08:00] 222.189.130.244 GET guocai.yzata.cn/
[运行时间：0.055777s] [吞吐率：17.93req/s] [内存消耗：5,216.06kb] [文件加载：96]
[ info ] [ LANG ] /www/wwwroot/guocai.yzata.cn/vendor/thinkphp/lang/zh-cn.php
[ info ] [ BIND ] 'order'
[ info ] [ ROUTE ] array (
)
[ info ] [ HEADER ] array (
  'host' => 'guocai.yzata.cn',
  'connection' => 'keep-alive',
  'pragma' => 'no-cache',
  'cache-control' => 'no-cache',
  'upgrade-insecure-requests' => '1',
  'user-agent' => 'Mozilla/5.0 (Windows NT 6.1; WOW64) AppleWebKit/537.36 (KHTML, like Gecko) Chrome/76.0.3809.100 Safari/537.36',
  'accept' => 'text/html,application/xhtml+xml,application/xml;q=0.9,image/webp,image/apng,*/*;q=0.8,application/signed-exchange;v=b3',
  'accept-encoding' => 'gzip, deflate',
  'accept-language' => 'zh-CN,zh;q=0.9',
  'cookie' => 'thinkphp_show_page_trace=0|0; PHPSESSID=ffnltj2l66j9hb2kbf8b063h3c; admin_username=admin',
)
[ info ] [ PARAM ] array (
)
[ info ] [ LANG ] /www/wwwroot/guocai.yzata.cn/vendor/thinkcmf/cmf/src/behavior/../lang/zh-cn.php
[ info ] [ LANG ] /www/wwwroot/guocai.yzata.cn/vendor/thinkcmf/cmf-app/src/admin/lang/zh-cn.php
[ info ] [ LANG ] /www/wwwroot/guocai.yzata.cn/vendor/thinkcmf/cmf-app/src/admin/lang/zh-cn/common.php
[ info ] [ LANG ] /www/wwwroot/guocai.yzata.cn/vendor/thinkcmf/cmf-app/src/user/lang/zh-cn.php
[ info ] [ DB ] INIT mysql
[ info ] [ VIEW ] /www/wwwroot/guocai.yzata.cn/public/themes/admin_simpleboot3/order/index/index.html [ array (
  0 => 'admin',
  1 => 'level',
) ]
[ sql ] [ DB ] CONNECT:[ UseTime:0.002453s ] mysql:host=47.96.81.129;port=3306;dbname=guocai_yzata_cn;charset=utf8mb4
[ sql ] [ SQL ] SHOW COLUMNS FROM `ny_user` [ RunTime:0.005855s ]
[ sql ] [ SQL ] SELECT * FROM `ny_user` WHERE  `id` = 1 LIMIT 1 [ RunTime:0.001701s ]
[ sql ] [ EXPLAIN : array (
  'id' => 1,
  'select_type' => 'SIMPLE',
  'table' => 'ny_user',
  'type' => 'const',
  'possible_keys' => 'PRIMARY',
  'key' => 'PRIMARY',
  'key_len' => '8',
  'ref' => 'const',
  'rows' => 1,
  'extra' => '',
) ]
[ sql ] [ SQL ] select * from ny_user where id = 1 [ RunTime:0.001612s ]
[ sql ] [ EXPLAIN : array (
  'id' => 1,
  'select_type' => 'SIMPLE',
  'table' => 'ny_user',
  'type' => 'const',
  'possible_keys' => 'PRIMARY',
  'key' => 'PRIMARY',
  'key_len' => '8',
  'ref' => 'const',
  'rows' => 1,
  'extra' => '',
) ]
---------------------------------------------------------------

[2019-12-29T23:57:34+08:00] 222.189.130.244 GET guocai.yzata.cn/
[运行时间：0.056312s] [吞吐率：17.76req/s] [内存消耗：5,216.06kb] [文件加载：96]
[ info ] [ LANG ] /www/wwwroot/guocai.yzata.cn/vendor/thinkphp/lang/zh-cn.php
[ info ] [ BIND ] 'order'
[ info ] [ ROUTE ] array (
)
[ info ] [ HEADER ] array (
  'host' => 'guocai.yzata.cn',
  'connection' => 'keep-alive',
  'pragma' => 'no-cache',
  'cache-control' => 'no-cache',
  'upgrade-insecure-requests' => '1',
  'user-agent' => 'Mozilla/5.0 (Windows NT 6.1; WOW64) AppleWebKit/537.36 (KHTML, like Gecko) Chrome/76.0.3809.100 Safari/537.36',
  'accept' => 'text/html,application/xhtml+xml,application/xml;q=0.9,image/webp,image/apng,*/*;q=0.8,application/signed-exchange;v=b3',
  'accept-encoding' => 'gzip, deflate',
  'accept-language' => 'zh-CN,zh;q=0.9',
  'cookie' => 'thinkphp_show_page_trace=0|0; PHPSESSID=ffnltj2l66j9hb2kbf8b063h3c; admin_username=admin',
)
[ info ] [ PARAM ] array (
)
[ info ] [ LANG ] /www/wwwroot/guocai.yzata.cn/vendor/thinkcmf/cmf/src/behavior/../lang/zh-cn.php
[ info ] [ LANG ] /www/wwwroot/guocai.yzata.cn/vendor/thinkcmf/cmf-app/src/admin/lang/zh-cn.php
[ info ] [ LANG ] /www/wwwroot/guocai.yzata.cn/vendor/thinkcmf/cmf-app/src/admin/lang/zh-cn/common.php
[ info ] [ LANG ] /www/wwwroot/guocai.yzata.cn/vendor/thinkcmf/cmf-app/src/user/lang/zh-cn.php
[ info ] [ DB ] INIT mysql
[ info ] [ VIEW ] /www/wwwroot/guocai.yzata.cn/public/themes/admin_simpleboot3/order/index/index.html [ array (
  0 => 'admin',
  1 => 'level',
) ]
[ sql ] [ DB ] CONNECT:[ UseTime:0.002617s ] mysql:host=47.96.81.129;port=3306;dbname=guocai_yzata_cn;charset=utf8mb4
[ sql ] [ SQL ] SHOW COLUMNS FROM `ny_user` [ RunTime:0.005737s ]
[ sql ] [ SQL ] SELECT * FROM `ny_user` WHERE  `id` = 1 LIMIT 1 [ RunTime:0.001790s ]
[ sql ] [ EXPLAIN : array (
  'id' => 1,
  'select_type' => 'SIMPLE',
  'table' => 'ny_user',
  'type' => 'const',
  'possible_keys' => 'PRIMARY',
  'key' => 'PRIMARY',
  'key_len' => '8',
  'ref' => 'const',
  'rows' => 1,
  'extra' => '',
) ]
[ sql ] [ SQL ] select * from ny_user where id = 1 [ RunTime:0.001754s ]
[ sql ] [ EXPLAIN : array (
  'id' => 1,
  'select_type' => 'SIMPLE',
  'table' => 'ny_user',
  'type' => 'const',
  'possible_keys' => 'PRIMARY',
  'key' => 'PRIMARY',
  'key_len' => '8',
  'ref' => 'const',
  'rows' => 1,
  'extra' => '',
) ]
---------------------------------------------------------------

[2019-12-29T23:57:36+08:00] 222.189.130.244 GET guocai.yzata.cn/
[运行时间：0.057221s] [吞吐率：17.48req/s] [内存消耗：5,216.06kb] [文件加载：96]
[ info ] [ LANG ] /www/wwwroot/guocai.yzata.cn/vendor/thinkphp/lang/zh-cn.php
[ info ] [ BIND ] 'order'
[ info ] [ ROUTE ] array (
)
[ info ] [ HEADER ] array (
  'host' => 'guocai.yzata.cn',
  'connection' => 'keep-alive',
  'pragma' => 'no-cache',
  'cache-control' => 'no-cache',
  'upgrade-insecure-requests' => '1',
  'user-agent' => 'Mozilla/5.0 (Windows NT 6.1; WOW64) AppleWebKit/537.36 (KHTML, like Gecko) Chrome/76.0.3809.100 Safari/537.36',
  'accept' => 'text/html,application/xhtml+xml,application/xml;q=0.9,image/webp,image/apng,*/*;q=0.8,application/signed-exchange;v=b3',
  'accept-encoding' => 'gzip, deflate',
  'accept-language' => 'zh-CN,zh;q=0.9',
  'cookie' => 'thinkphp_show_page_trace=0|0; PHPSESSID=ffnltj2l66j9hb2kbf8b063h3c; admin_username=admin',
)
[ info ] [ PARAM ] array (
)
[ info ] [ LANG ] /www/wwwroot/guocai.yzata.cn/vendor/thinkcmf/cmf/src/behavior/../lang/zh-cn.php
[ info ] [ LANG ] /www/wwwroot/guocai.yzata.cn/vendor/thinkcmf/cmf-app/src/admin/lang/zh-cn.php
[ info ] [ LANG ] /www/wwwroot/guocai.yzata.cn/vendor/thinkcmf/cmf-app/src/admin/lang/zh-cn/common.php
[ info ] [ LANG ] /www/wwwroot/guocai.yzata.cn/vendor/thinkcmf/cmf-app/src/user/lang/zh-cn.php
[ info ] [ DB ] INIT mysql
[ info ] [ VIEW ] /www/wwwroot/guocai.yzata.cn/public/themes/admin_simpleboot3/order/index/index.html [ array (
  0 => 'admin',
  1 => 'level',
) ]
[ sql ] [ DB ] CONNECT:[ UseTime:0.002736s ] mysql:host=47.96.81.129;port=3306;dbname=guocai_yzata_cn;charset=utf8mb4
[ sql ] [ SQL ] SHOW COLUMNS FROM `ny_user` [ RunTime:0.005917s ]
[ sql ] [ SQL ] SELECT * FROM `ny_user` WHERE  `id` = 1 LIMIT 1 [ RunTime:0.001857s ]
[ sql ] [ EXPLAIN : array (
  'id' => 1,
  'select_type' => 'SIMPLE',
  'table' => 'ny_user',
  'type' => 'const',
  'possible_keys' => 'PRIMARY',
  'key' => 'PRIMARY',
  'key_len' => '8',
  'ref' => 'const',
  'rows' => 1,
  'extra' => '',
) ]
[ sql ] [ SQL ] select * from ny_user where id = 1 [ RunTime:0.001776s ]
[ sql ] [ EXPLAIN : array (
  'id' => 1,
  'select_type' => 'SIMPLE',
  'table' => 'ny_user',
  'type' => 'const',
  'possible_keys' => 'PRIMARY',
  'key' => 'PRIMARY',
  'key_len' => '8',
  'ref' => 'const',
  'rows' => 1,
  'extra' => '',
) ]
---------------------------------------------------------------

[2019-12-29T23:57:37+08:00] 222.189.130.244 GET guocai.yzata.cn/
[运行时间：0.059155s] [吞吐率：16.90req/s] [内存消耗：5,216.06kb] [文件加载：96]
[ info ] [ LANG ] /www/wwwroot/guocai.yzata.cn/vendor/thinkphp/lang/zh-cn.php
[ info ] [ BIND ] 'order'
[ info ] [ ROUTE ] array (
)
[ info ] [ HEADER ] array (
  'host' => 'guocai.yzata.cn',
  'connection' => 'keep-alive',
  'pragma' => 'no-cache',
  'cache-control' => 'no-cache',
  'upgrade-insecure-requests' => '1',
  'user-agent' => 'Mozilla/5.0 (Windows NT 6.1; WOW64) AppleWebKit/537.36 (KHTML, like Gecko) Chrome/76.0.3809.100 Safari/537.36',
  'accept' => 'text/html,application/xhtml+xml,application/xml;q=0.9,image/webp,image/apng,*/*;q=0.8,application/signed-exchange;v=b3',
  'accept-encoding' => 'gzip, deflate',
  'accept-language' => 'zh-CN,zh;q=0.9',
  'cookie' => 'thinkphp_show_page_trace=0|0; PHPSESSID=ffnltj2l66j9hb2kbf8b063h3c; admin_username=admin',
)
[ info ] [ PARAM ] array (
)
[ info ] [ LANG ] /www/wwwroot/guocai.yzata.cn/vendor/thinkcmf/cmf/src/behavior/../lang/zh-cn.php
[ info ] [ LANG ] /www/wwwroot/guocai.yzata.cn/vendor/thinkcmf/cmf-app/src/admin/lang/zh-cn.php
[ info ] [ LANG ] /www/wwwroot/guocai.yzata.cn/vendor/thinkcmf/cmf-app/src/admin/lang/zh-cn/common.php
[ info ] [ LANG ] /www/wwwroot/guocai.yzata.cn/vendor/thinkcmf/cmf-app/src/user/lang/zh-cn.php
[ info ] [ DB ] INIT mysql
[ info ] [ VIEW ] /www/wwwroot/guocai.yzata.cn/public/themes/admin_simpleboot3/order/index/index.html [ array (
  0 => 'admin',
  1 => 'level',
) ]
[ sql ] [ DB ] CONNECT:[ UseTime:0.002851s ] mysql:host=47.96.81.129;port=3306;dbname=guocai_yzata_cn;charset=utf8mb4
[ sql ] [ SQL ] SHOW COLUMNS FROM `ny_user` [ RunTime:0.005747s ]
[ sql ] [ SQL ] SELECT * FROM `ny_user` WHERE  `id` = 1 LIMIT 1 [ RunTime:0.001955s ]
[ sql ] [ EXPLAIN : array (
  'id' => 1,
  'select_type' => 'SIMPLE',
  'table' => 'ny_user',
  'type' => 'const',
  'possible_keys' => 'PRIMARY',
  'key' => 'PRIMARY',
  'key_len' => '8',
  'ref' => 'const',
  'rows' => 1,
  'extra' => '',
) ]
[ sql ] [ SQL ] select * from ny_user where id = 1 [ RunTime:0.001940s ]
[ sql ] [ EXPLAIN : array (
  'id' => 1,
  'select_type' => 'SIMPLE',
  'table' => 'ny_user',
  'type' => 'const',
  'possible_keys' => 'PRIMARY',
  'key' => 'PRIMARY',
  'key_len' => '8',
  'ref' => 'const',
  'rows' => 1,
  'extra' => '',
) ]
