---------------------------------------------------------------

[2020-01-09T13:58:51+08:00] 127.0.0.1 GET guocai.com/
[运行时间：0.391593s] [吞吐率：2.55req/s] [内存消耗：1,971.61kb] [文件加载：79]
[ info ] [ LANG ] D:\xampp\htdocs\guocai.yzata.cn/vendor\thinkphp\lang\zh-cn.php
[ info ] [ BIND ] 'order'
[ info ] [ ROUTE ] array (
)
[ info ] [ HEADER ] array (
  'host' => 'guocai.com',
  'connection' => 'keep-alive',
  'upgrade-insecure-requests' => '1',
  'user-agent' => 'Mozilla/5.0 (Windows NT 10.0; Win64; x64) AppleWebKit/537.36 (KHTML, like Gecko) Chrome/78.0.3904.108 Safari/537.36',
  'accept' => 'text/html,application/xhtml+xml,application/xml;q=0.9,image/webp,image/apng,*/*;q=0.8,application/signed-exchange;v=b3',
  'purpose' => 'prefetch',
  'accept-encoding' => 'gzip, deflate',
  'accept-language' => 'zh-CN,zh;q=0.9,en;q=0.8',
  'cookie' => 'admin_username=%E5%B0%8F%E9%99%88',
)
[ info ] [ PARAM ] array (
)
[ info ] [ LANG ] D:\xampp\htdocs\guocai.yzata.cn\vendor\thinkcmf\cmf\src\behavior/../lang\zh-cn.php
[ info ] [ LANG ] D:\xampp\htdocs\guocai.yzata.cn\vendor/thinkcmf/cmf-app/src/admin/lang/zh-cn.php
[ info ] [ LANG ] D:\xampp\htdocs\guocai.yzata.cn\vendor/thinkcmf/cmf-app/src/admin/lang/zh-cn/common.php
[ info ] [ LANG ] D:\xampp\htdocs\guocai.yzata.cn\vendor/thinkcmf/cmf-app/src/user/lang/zh-cn.php
---------------------------------------------------------------

[2020-01-09T13:58:51+08:00] 127.0.0.1 GET guocai.com/
[运行时间：0.057776s] [吞吐率：17.31req/s] [内存消耗：1,971.31kb] [文件加载：79]
[ info ] [ LANG ] D:\xampp\htdocs\guocai.yzata.cn/vendor\thinkphp\lang\zh-cn.php
[ info ] [ BIND ] 'order'
[ info ] [ ROUTE ] array (
)
[ info ] [ HEADER ] array (
  'host' => 'guocai.com',
  'connection' => 'keep-alive',
  'upgrade-insecure-requests' => '1',
  'user-agent' => 'Mozilla/5.0 (Windows NT 10.0; Win64; x64) AppleWebKit/537.36 (KHTML, like Gecko) Chrome/78.0.3904.108 Safari/537.36',
  'accept' => 'text/html,application/xhtml+xml,application/xml;q=0.9,image/webp,image/apng,*/*;q=0.8,application/signed-exchange;v=b3',
  'accept-encoding' => 'gzip, deflate',
  'accept-language' => 'zh-CN,zh;q=0.9,en;q=0.8',
  'cookie' => 'admin_username=%E5%B0%8F%E9%99%88',
)
[ info ] [ PARAM ] array (
)
[ info ] [ LANG ] D:\xampp\htdocs\guocai.yzata.cn\vendor\thinkcmf\cmf\src\behavior/../lang\zh-cn.php
[ info ] [ LANG ] D:\xampp\htdocs\guocai.yzata.cn\vendor/thinkcmf/cmf-app/src/admin/lang/zh-cn.php
[ info ] [ LANG ] D:\xampp\htdocs\guocai.yzata.cn\vendor/thinkcmf/cmf-app/src/admin/lang/zh-cn/common.php
[ info ] [ LANG ] D:\xampp\htdocs\guocai.yzata.cn\vendor/thinkcmf/cmf-app/src/user/lang/zh-cn.php
---------------------------------------------------------------

[2020-01-09T13:58:51+08:00] 127.0.0.1 GET guocai.com/login/login
[运行时间：0.119716s] [吞吐率：8.35req/s] [内存消耗：2,031.84kb] [文件加载：85]
[ info ] [ LANG ] D:\xampp\htdocs\guocai.yzata.cn/vendor\thinkphp\lang\zh-cn.php
[ info ] [ BIND ] 'order'
[ info ] [ ROUTE ] array (
)
[ info ] [ HEADER ] array (
  'host' => 'guocai.com',
  'connection' => 'keep-alive',
  'upgrade-insecure-requests' => '1',
  'user-agent' => 'Mozilla/5.0 (Windows NT 10.0; Win64; x64) AppleWebKit/537.36 (KHTML, like Gecko) Chrome/78.0.3904.108 Safari/537.36',
  'accept' => 'text/html,application/xhtml+xml,application/xml;q=0.9,image/webp,image/apng,*/*;q=0.8,application/signed-exchange;v=b3',
  'purpose' => 'prefetch',
  'accept-encoding' => 'gzip, deflate',
  'accept-language' => 'zh-CN,zh;q=0.9,en;q=0.8',
  'cookie' => 'admin_username=%E5%B0%8F%E9%99%88; PHPSESSID=nc4fr1jp2vs56h0iudrot4v568',
)
[ info ] [ PARAM ] array (
)
[ info ] [ LANG ] D:\xampp\htdocs\guocai.yzata.cn\vendor\thinkcmf\cmf\src\behavior/../lang\zh-cn.php
[ info ] [ LANG ] D:\xampp\htdocs\guocai.yzata.cn\vendor/thinkcmf/cmf-app/src/admin/lang/zh-cn.php
[ info ] [ LANG ] D:\xampp\htdocs\guocai.yzata.cn\vendor/thinkcmf/cmf-app/src/admin/lang/zh-cn/common.php
[ info ] [ LANG ] D:\xampp\htdocs\guocai.yzata.cn\vendor/thinkcmf/cmf-app/src/user/lang/zh-cn.php
[ info ] [ VIEW ] D:\xampp\htdocs\guocai.yzata.cn\public/themes/admin_simpleboot3/order\login\login.html [ array (
) ]
---------------------------------------------------------------

[2020-01-09T13:58:52+08:00] 127.0.0.1 GET guocai.com/favicon.ico
[运行时间：0.232828s] [吞吐率：4.30req/s] [内存消耗：1,901.07kb] [文件加载：77]
[ info ] [ LANG ] D:\xampp\htdocs\guocai.yzata.cn/vendor\thinkphp\lang\zh-cn.php
[ info ] [ BIND ] 'order'
[ info ] [ ROUTE ] array (
)
[ info ] [ HEADER ] array (
  'host' => 'guocai.com',
  'connection' => 'keep-alive',
  'user-agent' => 'Mozilla/5.0 (Windows NT 10.0; Win64; x64) AppleWebKit/537.36 (KHTML, like Gecko) Chrome/78.0.3904.108 Safari/537.36',
  'accept' => 'image/webp,image/apng,image/*,*/*;q=0.8',
  'referer' => 'http://guocai.com/login/login',
  'accept-encoding' => 'gzip, deflate',
  'accept-language' => 'zh-CN,zh;q=0.9,en;q=0.8',
  'cookie' => 'admin_username=%E5%B0%8F%E9%99%88; PHPSESSID=hvbh77e1323go2id05n2naobg5',
)
[ info ] [ PARAM ] array (
)
[ info ] [ LANG ] D:\xampp\htdocs\guocai.yzata.cn\vendor\thinkcmf\cmf\src\behavior/../lang\zh-cn.php
[ info ] [ LANG ] D:\xampp\htdocs\guocai.yzata.cn\vendor/thinkcmf/cmf-app/src/admin/lang/zh-cn.php
[ info ] [ LANG ] D:\xampp\htdocs\guocai.yzata.cn\vendor/thinkcmf/cmf-app/src/admin/lang/zh-cn/common.php
[ info ] [ LANG ] D:\xampp\htdocs\guocai.yzata.cn\vendor/thinkcmf/cmf-app/src/user/lang/zh-cn.php
---------------------------------------------------------------

[2020-01-09T13:58:57+08:00] 127.0.0.1 POST guocai.com/login/dologin.html
[运行时间：1.491255s] [吞吐率：0.67req/s] [内存消耗：3,188.45kb] [文件加载：94]
[ info ] [ LANG ] D:\xampp\htdocs\guocai.yzata.cn/vendor\thinkphp\lang\zh-cn.php
[ info ] [ BIND ] 'order'
[ info ] [ ROUTE ] array (
)
[ info ] [ HEADER ] array (
  'host' => 'guocai.com',
  'connection' => 'keep-alive',
  'content-length' => '70',
  'accept' => 'application/json, text/javascript, */*; q=0.01',
  'origin' => 'http://guocai.com',
  'x-requested-with' => 'XMLHttpRequest',
  'user-agent' => 'Mozilla/5.0 (Windows NT 10.0; Win64; x64) AppleWebKit/537.36 (KHTML, like Gecko) Chrome/78.0.3904.108 Safari/537.36',
  'content-type' => 'application/x-www-form-urlencoded; charset=UTF-8',
  'referer' => 'http://guocai.com/login/login',
  'accept-encoding' => 'gzip, deflate',
  'accept-language' => 'zh-CN,zh;q=0.9,en;q=0.8',
  'cookie' => 'thinkphp_show_page_trace=0|0; admin_username=%E5%B0%8F%E9%99%88; PHPSESSID=hvbh77e1323go2id05n2naobg5',
)
[ info ] [ PARAM ] array (
  'username' => '扬州分公司',
  'password' => '123456',
)
[ info ] [ LANG ] D:\xampp\htdocs\guocai.yzata.cn\vendor\thinkcmf\cmf\src\behavior/../lang\zh-cn.php
[ info ] [ LANG ] D:\xampp\htdocs\guocai.yzata.cn\vendor/thinkcmf/cmf-app/src/admin/lang/zh-cn.php
[ info ] [ LANG ] D:\xampp\htdocs\guocai.yzata.cn\vendor/thinkcmf/cmf-app/src/admin/lang/zh-cn/common.php
[ info ] [ LANG ] D:\xampp\htdocs\guocai.yzata.cn\vendor/thinkcmf/cmf-app/src/user/lang/zh-cn.php
[ info ] [ DB ] INIT mysql
[ sql ] [ DB ] CONNECT:[ UseTime:0.154173s ] mysql:host=localhost;port=3306;dbname=guocai_yzata_cn;charset=utf8mb4
[ sql ] [ SQL ] SHOW COLUMNS FROM `ny_user` [ RunTime:0.410953s ]
[ sql ] [ SQL ] SELECT * FROM `ny_user` WHERE  `user_login` = '扬州分公司' LIMIT 1 [ RunTime:0.015327s ]
[ sql ] [ EXPLAIN : array (
  'id' => 1,
  'select_type' => 'SIMPLE',
  'table' => 'ny_user',
  'type' => 'const',
  'possible_keys' => 'user_login_2,user_login',
  'key' => 'user_login_2',
  'key_len' => '182',
  'ref' => 'const',
  'rows' => 1,
  'extra' => '',
) ]
[ sql ] [ SQL ] SHOW COLUMNS FROM `ny_role_user` [ RunTime:0.053974s ]
[ sql ] [ SQL ] SELECT * FROM `ny_role_user` WHERE  `user_id` = 2 LIMIT 1 [ RunTime:0.007102s ]
[ sql ] [ EXPLAIN : array (
  'id' => 1,
  'select_type' => 'SIMPLE',
  'table' => 'ny_role_user',
  'type' => 'ref',
  'possible_keys' => 'user_id',
  'key' => 'user_id',
  'key_len' => '8',
  'ref' => 'const',
  'rows' => 1,
  'extra' => '',
) ]
[ sql ] [ SQL ] SHOW COLUMNS FROM `ny_user_token` [ RunTime:0.046972s ]
[ sql ] [ SQL ] SELECT * FROM `ny_user_token` WHERE  `user_id` = 2  AND `device_type` = 'web' LIMIT 1 [ RunTime:0.001029s ]
[ sql ] [ EXPLAIN : array (
  'id' => 1,
  'select_type' => 'SIMPLE',
  'table' => 'ny_user_token',
  'type' => 'ALL',
  'possible_keys' => NULL,
  'key' => NULL,
  'key_len' => NULL,
  'ref' => NULL,
  'rows' => 11,
  'extra' => 'Using where',
) ]
[ sql ] [ SQL ] UPDATE `ny_user`  SET `companyid` = 1 , `user_type` = 1 , `sex` = 0 , `birthday` = -28800 , `last_login_time` = 1578549537 , `score` = 0 , `coin` = 0 , `balance` = '0.00' , `create_time` = 1568785933 , `user_status` = 1 , `user_login` = '扬州分公司' , `user_pass` = '###7452f77ee90e7a394fdc31841787194e' , `user_nickname` = '' , `user_email` = '2518084393@qq.com' , `user_url` = '' , `avatar` = '' , `signature` = '' , `last_login_ip` = '127.0.0.1' , `user_activation_key` = '' , `mobile` = '' , `more` = NULL , `level` = '分公司' , `company` = '扬州分公司'  WHERE  `id` = 2 [ RunTime:0.091041s ]
[ sql ] [ SQL ] SHOW COLUMNS FROM `ny_company` [ RunTime:0.041483s ]
[ sql ] [ SQL ] SELECT `name` FROM `ny_company` WHERE  `id` = 1 LIMIT 1 [ RunTime:0.000318s ]
[ sql ] [ EXPLAIN : array (
  'id' => 1,
  'select_type' => 'SIMPLE',
  'table' => 'ny_company',
  'type' => 'const',
  'possible_keys' => 'PRIMARY',
  'key' => 'PRIMARY',
  'key_len' => '4',
  'ref' => 'const',
  'rows' => 1,
  'extra' => '',
) ]
---------------------------------------------------------------

[2020-01-09T13:58:59+08:00] 127.0.0.1 GET guocai.com/index/index.html
[运行时间：0.352751s] [吞吐率：2.83req/s] [内存消耗：3,436.97kb] [文件加载：97]
[ info ] [ LANG ] D:\xampp\htdocs\guocai.yzata.cn/vendor\thinkphp\lang\zh-cn.php
[ info ] [ BIND ] 'order'
[ info ] [ ROUTE ] array (
)
[ info ] [ HEADER ] array (
  'host' => 'guocai.com',
  'connection' => 'keep-alive',
  'upgrade-insecure-requests' => '1',
  'user-agent' => 'Mozilla/5.0 (Windows NT 10.0; Win64; x64) AppleWebKit/537.36 (KHTML, like Gecko) Chrome/78.0.3904.108 Safari/537.36',
  'accept' => 'text/html,application/xhtml+xml,application/xml;q=0.9,image/webp,image/apng,*/*;q=0.8,application/signed-exchange;v=b3',
  'referer' => 'http://guocai.com/login/login',
  'accept-encoding' => 'gzip, deflate',
  'accept-language' => 'zh-CN,zh;q=0.9,en;q=0.8',
  'cookie' => 'PHPSESSID=hvbh77e1323go2id05n2naobg5; admin_username=%E6%89%AC%E5%B7%9E%E5%88%86%E5%85%AC%E5%8F%B8',
)
[ info ] [ PARAM ] array (
)
[ info ] [ LANG ] D:\xampp\htdocs\guocai.yzata.cn\vendor\thinkcmf\cmf\src\behavior/../lang\zh-cn.php
[ info ] [ LANG ] D:\xampp\htdocs\guocai.yzata.cn\vendor/thinkcmf/cmf-app/src/admin/lang/zh-cn.php
[ info ] [ LANG ] D:\xampp\htdocs\guocai.yzata.cn\vendor/thinkcmf/cmf-app/src/admin/lang/zh-cn/common.php
[ info ] [ LANG ] D:\xampp\htdocs\guocai.yzata.cn\vendor/thinkcmf/cmf-app/src/user/lang/zh-cn.php
[ info ] [ DB ] INIT mysql
[ info ] [ VIEW ] D:\xampp\htdocs\guocai.yzata.cn\public/themes/admin_simpleboot3/order\index\index.html [ array (
  0 => 'admin',
  1 => 'user',
) ]
[ sql ] [ DB ] CONNECT:[ UseTime:0.012053s ] mysql:host=localhost;port=3306;dbname=guocai_yzata_cn;charset=utf8mb4
[ sql ] [ SQL ] SHOW COLUMNS FROM `ny_user` [ RunTime:0.032980s ]
[ sql ] [ SQL ] SELECT * FROM `ny_user` WHERE  `id` = 2 LIMIT 1 [ RunTime:0.000606s ]
[ sql ] [ EXPLAIN : array (
  'id' => 1,
  'select_type' => 'SIMPLE',
  'table' => 'ny_user',
  'type' => 'const',
  'possible_keys' => 'PRIMARY',
  'key' => 'PRIMARY',
  'key_len' => '8',
  'ref' => 'const',
  'rows' => 1,
  'extra' => '',
) ]
[ sql ] [ SQL ] SHOW COLUMNS FROM `ny_auth_rule` [ RunTime:0.042376s ]
[ sql ] [ SQL ] SELECT COUNT(*) AS tp_count FROM `ny_auth_rule` WHERE  `name` = 'order/index/index' [ RunTime:0.026624s ]
[ sql ] [ EXPLAIN : array (
  'id' => 1,
  'select_type' => 'SIMPLE',
  'table' => NULL,
  'type' => NULL,
  'possible_keys' => NULL,
  'key' => NULL,
  'key_len' => NULL,
  'ref' => NULL,
  'rows' => NULL,
  'extra' => 'Impossible WHERE noticed after reading const tables',
) ]
[ sql ] [ SQL ] select * from ny_user where id = 2 [ RunTime:0.000451s ]
[ sql ] [ EXPLAIN : array (
  'id' => 1,
  'select_type' => 'SIMPLE',
  'table' => 'ny_user',
  'type' => 'const',
  'possible_keys' => 'PRIMARY',
  'key' => 'PRIMARY',
  'key_len' => '8',
  'ref' => 'const',
  'rows' => 1,
  'extra' => '',
) ]
---------------------------------------------------------------

[2020-01-09T13:59:00+08:00] 127.0.0.1 GET guocai.com/index/main
[运行时间：0.321113s] [吞吐率：3.11req/s] [内存消耗：3,507.98kb] [文件加载：99]
[ info ] [ LANG ] D:\xampp\htdocs\guocai.yzata.cn/vendor\thinkphp\lang\zh-cn.php
[ info ] [ BIND ] 'order'
[ info ] [ ROUTE ] array (
)
[ info ] [ HEADER ] array (
  'host' => 'guocai.com',
  'connection' => 'keep-alive',
  'upgrade-insecure-requests' => '1',
  'user-agent' => 'Mozilla/5.0 (Windows NT 10.0; Win64; x64) AppleWebKit/537.36 (KHTML, like Gecko) Chrome/78.0.3904.108 Safari/537.36',
  'accept' => 'text/html,application/xhtml+xml,application/xml;q=0.9,image/webp,image/apng,*/*;q=0.8,application/signed-exchange;v=b3',
  'referer' => 'http://guocai.com/index/index.html',
  'accept-encoding' => 'gzip, deflate',
  'accept-language' => 'zh-CN,zh;q=0.9,en;q=0.8',
  'cookie' => 'PHPSESSID=hvbh77e1323go2id05n2naobg5; admin_username=%E6%89%AC%E5%B7%9E%E5%88%86%E5%85%AC%E5%8F%B8',
)
[ info ] [ PARAM ] array (
)
[ info ] [ LANG ] D:\xampp\htdocs\guocai.yzata.cn\vendor\thinkcmf\cmf\src\behavior/../lang\zh-cn.php
[ info ] [ LANG ] D:\xampp\htdocs\guocai.yzata.cn\vendor/thinkcmf/cmf-app/src/admin/lang/zh-cn.php
[ info ] [ LANG ] D:\xampp\htdocs\guocai.yzata.cn\vendor/thinkcmf/cmf-app/src/admin/lang/zh-cn/common.php
[ info ] [ LANG ] D:\xampp\htdocs\guocai.yzata.cn\vendor/thinkcmf/cmf-app/src/user/lang/zh-cn.php
[ info ] [ DB ] INIT mysql
[ info ] [ VIEW ] D:\xampp\htdocs\guocai.yzata.cn\public/themes/admin_simpleboot3/order\index\main.html [ array (
  0 => 'admin',
  1 => 'user',
  2 => 'products',
  3 => 'advisers',
  4 => 'interest_ways',
  5 => 'inv_terms',
  6 => 'id_types',
  7 => 'companys',
) ]
[ sql ] [ DB ] CONNECT:[ UseTime:0.004898s ] mysql:host=localhost;port=3306;dbname=guocai_yzata_cn;charset=utf8mb4
[ sql ] [ SQL ] SHOW COLUMNS FROM `ny_user` [ RunTime:0.022263s ]
[ sql ] [ SQL ] SELECT * FROM `ny_user` WHERE  `id` = 2 LIMIT 1 [ RunTime:0.000314s ]
[ sql ] [ EXPLAIN : array (
  'id' => 1,
  'select_type' => 'SIMPLE',
  'table' => 'ny_user',
  'type' => 'const',
  'possible_keys' => 'PRIMARY',
  'key' => 'PRIMARY',
  'key_len' => '8',
  'ref' => 'const',
  'rows' => 1,
  'extra' => '',
) ]
[ sql ] [ SQL ] SHOW COLUMNS FROM `ny_auth_rule` [ RunTime:0.009233s ]
[ sql ] [ SQL ] SELECT COUNT(*) AS tp_count FROM `ny_auth_rule` WHERE  `name` = 'order/index/main' [ RunTime:0.000218s ]
[ sql ] [ EXPLAIN : array (
  'id' => 1,
  'select_type' => 'SIMPLE',
  'table' => NULL,
  'type' => NULL,
  'possible_keys' => NULL,
  'key' => NULL,
  'key_len' => NULL,
  'ref' => NULL,
  'rows' => NULL,
  'extra' => 'Impossible WHERE noticed after reading const tables',
) ]
[ sql ] [ SQL ] select * from ny_product [ RunTime:0.026624s ]
[ sql ] [ EXPLAIN : array (
  'id' => 1,
  'select_type' => 'SIMPLE',
  'table' => 'ny_product',
  'type' => 'ALL',
  'possible_keys' => NULL,
  'key' => NULL,
  'key_len' => NULL,
  'ref' => NULL,
  'rows' => 3,
  'extra' => '',
) ]
[ sql ] [ SQL ] select * from ny_user where id = 2 [ RunTime:0.000351s ]
[ sql ] [ EXPLAIN : array (
  'id' => 1,
  'select_type' => 'SIMPLE',
  'table' => 'ny_user',
  'type' => 'const',
  'possible_keys' => 'PRIMARY',
  'key' => 'PRIMARY',
  'key_len' => '8',
  'ref' => 'const',
  'rows' => 1,
  'extra' => '',
) ]
[ sql ] [ SQL ] select * from ny_adviser where 1=1 and company = '扬州分公司' [ RunTime:0.019691s ]
[ sql ] [ EXPLAIN : array (
  'id' => 1,
  'select_type' => 'SIMPLE',
  'table' => 'ny_adviser',
  'type' => 'ALL',
  'possible_keys' => NULL,
  'key' => NULL,
  'key_len' => NULL,
  'ref' => NULL,
  'rows' => 10,
  'extra' => 'Using where',
) ]
[ sql ] [ SQL ] select * from ny_interest_way [ RunTime:0.054517s ]
[ sql ] [ EXPLAIN : array (
  'id' => 1,
  'select_type' => 'SIMPLE',
  'table' => 'ny_interest_way',
  'type' => 'ALL',
  'possible_keys' => NULL,
  'key' => NULL,
  'key_len' => NULL,
  'ref' => NULL,
  'rows' => 4,
  'extra' => '',
) ]
[ sql ] [ SQL ] select * from ny_inv_term [ RunTime:0.005973s ]
[ sql ] [ EXPLAIN : array (
  'id' => 1,
  'select_type' => 'SIMPLE',
  'table' => 'ny_inv_term',
  'type' => 'ALL',
  'possible_keys' => NULL,
  'key' => NULL,
  'key_len' => NULL,
  'ref' => NULL,
  'rows' => 4,
  'extra' => '',
) ]
[ sql ] [ SQL ] select * from ny_id_type [ RunTime:0.019155s ]
[ sql ] [ EXPLAIN : array (
  'id' => 1,
  'select_type' => 'SIMPLE',
  'table' => 'ny_id_type',
  'type' => 'ALL',
  'possible_keys' => NULL,
  'key' => NULL,
  'key_len' => NULL,
  'ref' => NULL,
  'rows' => 3,
  'extra' => '',
) ]
[ sql ] [ SQL ] select * from ny_user where id = 2 [ RunTime:0.000911s ]
[ sql ] [ EXPLAIN : array (
  'id' => 1,
  'select_type' => 'SIMPLE',
  'table' => 'ny_user',
  'type' => 'const',
  'possible_keys' => 'PRIMARY',
  'key' => 'PRIMARY',
  'key_len' => '8',
  'ref' => 'const',
  'rows' => 1,
  'extra' => '',
) ]
[ sql ] [ SQL ] select * from ny_newcompany where 1=1 and name = '扬州分公司' [ RunTime:0.010025s ]
[ sql ] [ EXPLAIN : array (
  'id' => 1,
  'select_type' => 'SIMPLE',
  'table' => 'ny_newcompany',
  'type' => 'ALL',
  'possible_keys' => NULL,
  'key' => NULL,
  'key_len' => NULL,
  'ref' => NULL,
  'rows' => 5,
  'extra' => 'Using where',
) ]
[ sql ] [ SQL ] select * from ny_user where id = 2 [ RunTime:0.001140s ]
[ sql ] [ EXPLAIN : array (
  'id' => 1,
  'select_type' => 'SIMPLE',
  'table' => 'ny_user',
  'type' => 'const',
  'possible_keys' => 'PRIMARY',
  'key' => 'PRIMARY',
  'key_len' => '8',
  'ref' => 'const',
  'rows' => 1,
  'extra' => '',
) ]
---------------------------------------------------------------

[2020-01-09T13:59:01+08:00] 127.0.0.1 GET guocai.com/index/datalist/?page=1&limit=10
[运行时间：0.457255s] [吞吐率：2.19req/s] [内存消耗：3,378.13kb] [文件加载：98]
[ info ] [ LANG ] D:\xampp\htdocs\guocai.yzata.cn/vendor\thinkphp\lang\zh-cn.php
[ info ] [ BIND ] 'order'
[ info ] [ ROUTE ] array (
)
[ info ] [ HEADER ] array (
  'host' => 'guocai.com',
  'connection' => 'keep-alive',
  'accept' => 'application/json, text/javascript, */*; q=0.01',
  'x-requested-with' => 'XMLHttpRequest',
  'user-agent' => 'Mozilla/5.0 (Windows NT 10.0; Win64; x64) AppleWebKit/537.36 (KHTML, like Gecko) Chrome/78.0.3904.108 Safari/537.36',
  'referer' => 'http://guocai.com/index/main',
  'accept-encoding' => 'gzip, deflate',
  'accept-language' => 'zh-CN,zh;q=0.9,en;q=0.8',
  'cookie' => 'thinkphp_show_page_trace=0|0; PHPSESSID=hvbh77e1323go2id05n2naobg5; admin_username=%E6%89%AC%E5%B7%9E%E5%88%86%E5%85%AC%E5%8F%B8',
)
[ info ] [ PARAM ] array (
  'page' => '1',
  'limit' => '10',
)
[ info ] [ LANG ] D:\xampp\htdocs\guocai.yzata.cn\vendor\thinkcmf\cmf\src\behavior/../lang\zh-cn.php
[ info ] [ LANG ] D:\xampp\htdocs\guocai.yzata.cn\vendor/thinkcmf/cmf-app/src/admin/lang/zh-cn.php
[ info ] [ LANG ] D:\xampp\htdocs\guocai.yzata.cn\vendor/thinkcmf/cmf-app/src/admin/lang/zh-cn/common.php
[ info ] [ LANG ] D:\xampp\htdocs\guocai.yzata.cn\vendor/thinkcmf/cmf-app/src/user/lang/zh-cn.php
[ info ] [ DB ] INIT mysql
[ sql ] [ DB ] CONNECT:[ UseTime:0.005773s ] mysql:host=localhost;port=3306;dbname=guocai_yzata_cn;charset=utf8mb4
[ sql ] [ SQL ] SHOW COLUMNS FROM `ny_user` [ RunTime:0.021298s ]
[ sql ] [ SQL ] SELECT * FROM `ny_user` WHERE  `id` = 2 LIMIT 1 [ RunTime:0.000453s ]
[ sql ] [ EXPLAIN : array (
  'id' => 1,
  'select_type' => 'SIMPLE',
  'table' => 'ny_user',
  'type' => 'const',
  'possible_keys' => 'PRIMARY',
  'key' => 'PRIMARY',
  'key_len' => '8',
  'ref' => 'const',
  'rows' => 1,
  'extra' => '',
) ]
[ sql ] [ SQL ] SHOW COLUMNS FROM `ny_auth_rule` [ RunTime:0.100020s ]
[ sql ] [ SQL ] SELECT COUNT(*) AS tp_count FROM `ny_auth_rule` WHERE  `name` = 'order/index/datalist' [ RunTime:0.002297s ]
[ sql ] [ EXPLAIN : array (
  'id' => 1,
  'select_type' => 'SIMPLE',
  'table' => NULL,
  'type' => NULL,
  'possible_keys' => NULL,
  'key' => NULL,
  'key_len' => NULL,
  'ref' => NULL,
  'rows' => NULL,
  'extra' => 'Impossible WHERE noticed after reading const tables',
) ]
[ sql ] [ SQL ] select * from ny_user where id = 2 [ RunTime:0.003750s ]
[ sql ] [ EXPLAIN : array (
  'id' => 1,
  'select_type' => 'SIMPLE',
  'table' => 'ny_user',
  'type' => 'const',
  'possible_keys' => 'PRIMARY',
  'key' => 'PRIMARY',
  'key_len' => '8',
  'ref' => 'const',
  'rows' => 1,
  'extra' => '',
) ]
[ sql ] [ SQL ] SHOW COLUMNS FROM `ny_order` [ RunTime:0.179109s ]
[ sql ] [ SQL ] SELECT COUNT(*) AS tp_count FROM `ny_order` WHERE  (  1=1  and adviser_company = '扬州分公司'  ) [ RunTime:0.000500s ]
[ sql ] [ EXPLAIN : array (
  'id' => 1,
  'select_type' => 'SIMPLE',
  'table' => 'ny_order',
  'type' => 'ALL',
  'possible_keys' => NULL,
  'key' => NULL,
  'key_len' => NULL,
  'ref' => NULL,
  'rows' => 9,
  'extra' => 'Using where',
) ]
[ sql ] [ SQL ] SELECT * FROM `ny_order` WHERE  (  1=1  and adviser_company = '扬州分公司'  ) ORDER BY `id` DESC LIMIT 0,10 [ RunTime:0.004511s ]
[ sql ] [ EXPLAIN : array (
  'id' => 1,
  'select_type' => 'SIMPLE',
  'table' => 'ny_order',
  'type' => 'index',
  'possible_keys' => NULL,
  'key' => 'PRIMARY',
  'key_len' => '4',
  'ref' => NULL,
  'rows' => 9,
  'extra' => 'Using where',
) ]
---------------------------------------------------------------

[2020-01-09T13:59:01+08:00] 127.0.0.1 GET guocai.com/index/favicon.ico
[运行时间：0.412938s] [吞吐率：2.42req/s] [内存消耗：3,397.09kb] [文件加载：99]
[ info ] [ LANG ] D:\xampp\htdocs\guocai.yzata.cn/vendor\thinkphp\lang\zh-cn.php
[ info ] [ BIND ] 'order'
[ info ] [ ROUTE ] array (
)
[ info ] [ HEADER ] array (
  'host' => 'guocai.com',
  'connection' => 'keep-alive',
  'user-agent' => 'Mozilla/5.0 (Windows NT 10.0; Win64; x64) AppleWebKit/537.36 (KHTML, like Gecko) Chrome/78.0.3904.108 Safari/537.36',
  'accept' => 'image/webp,image/apng,image/*,*/*;q=0.8',
  'referer' => 'http://guocai.com/index/index.html',
  'accept-encoding' => 'gzip, deflate',
  'accept-language' => 'zh-CN,zh;q=0.9,en;q=0.8',
  'cookie' => 'thinkphp_show_page_trace=0|0; PHPSESSID=hvbh77e1323go2id05n2naobg5; admin_username=%E6%89%AC%E5%B7%9E%E5%88%86%E5%85%AC%E5%8F%B8',
)
[ info ] [ PARAM ] array (
)
[ info ] [ LANG ] D:\xampp\htdocs\guocai.yzata.cn\vendor\thinkcmf\cmf\src\behavior/../lang\zh-cn.php
[ info ] [ LANG ] D:\xampp\htdocs\guocai.yzata.cn\vendor/thinkcmf/cmf-app/src/admin/lang/zh-cn.php
[ info ] [ LANG ] D:\xampp\htdocs\guocai.yzata.cn\vendor/thinkcmf/cmf-app/src/admin/lang/zh-cn/common.php
[ info ] [ LANG ] D:\xampp\htdocs\guocai.yzata.cn\vendor/thinkcmf/cmf-app/src/user/lang/zh-cn.php
[ info ] [ DB ] INIT mysql
[ sql ] [ DB ] CONNECT:[ UseTime:0.024963s ] mysql:host=localhost;port=3306;dbname=guocai_yzata_cn;charset=utf8mb4
[ sql ] [ SQL ] SHOW COLUMNS FROM `ny_user` [ RunTime:0.045282s ]
[ sql ] [ SQL ] SELECT * FROM `ny_user` WHERE  `id` = 2 LIMIT 1 [ RunTime:0.000460s ]
[ sql ] [ EXPLAIN : array (
  'id' => 1,
  'select_type' => 'SIMPLE',
  'table' => 'ny_user',
  'type' => 'const',
  'possible_keys' => 'PRIMARY',
  'key' => 'PRIMARY',
  'key_len' => '8',
  'ref' => 'const',
  'rows' => 1,
  'extra' => '',
) ]
[ sql ] [ SQL ] SHOW COLUMNS FROM `ny_auth_rule` [ RunTime:0.065766s ]
[ sql ] [ SQL ] SELECT COUNT(*) AS tp_count FROM `ny_auth_rule` WHERE  `name` = 'order/index/favicon.ico' [ RunTime:0.000365s ]
[ sql ] [ EXPLAIN : array (
  'id' => 1,
  'select_type' => 'SIMPLE',
  'table' => NULL,
  'type' => NULL,
  'possible_keys' => NULL,
  'key' => NULL,
  'key_len' => NULL,
  'ref' => NULL,
  'rows' => NULL,
  'extra' => 'Impossible WHERE noticed after reading const tables',
) ]
---------------------------------------------------------------

[2020-01-09T14:00:11+08:00] 127.0.0.1 GET guocai.com/login/logout
[运行时间：0.040570s] [吞吐率：24.65req/s] [内存消耗：1,901.09kb] [文件加载：79]
[ info ] [ LANG ] D:\xampp\htdocs\guocai.yzata.cn/vendor\thinkphp\lang\zh-cn.php
[ info ] [ BIND ] 'order'
[ info ] [ ROUTE ] array (
)
[ info ] [ HEADER ] array (
  'host' => 'guocai.com',
  'connection' => 'keep-alive',
  'upgrade-insecure-requests' => '1',
  'user-agent' => 'Mozilla/5.0 (Windows NT 10.0; Win64; x64) AppleWebKit/537.36 (KHTML, like Gecko) Chrome/78.0.3904.108 Safari/537.36',
  'accept' => 'text/html,application/xhtml+xml,application/xml;q=0.9,image/webp,image/apng,*/*;q=0.8,application/signed-exchange;v=b3',
  'referer' => 'http://guocai.com/index/index.html',
  'accept-encoding' => 'gzip, deflate',
  'accept-language' => 'zh-CN,zh;q=0.9,en;q=0.8',
  'cookie' => 'thinkphp_show_page_trace=0|0; PHPSESSID=hvbh77e1323go2id05n2naobg5; admin_username=%E6%89%AC%E5%B7%9E%E5%88%86%E5%85%AC%E5%8F%B8',
)
[ info ] [ PARAM ] array (
)
[ info ] [ LANG ] D:\xampp\htdocs\guocai.yzata.cn\vendor\thinkcmf\cmf\src\behavior/../lang\zh-cn.php
[ info ] [ LANG ] D:\xampp\htdocs\guocai.yzata.cn\vendor/thinkcmf/cmf-app/src/admin/lang/zh-cn.php
[ info ] [ LANG ] D:\xampp\htdocs\guocai.yzata.cn\vendor/thinkcmf/cmf-app/src/admin/lang/zh-cn/common.php
[ info ] [ LANG ] D:\xampp\htdocs\guocai.yzata.cn\vendor/thinkcmf/cmf-app/src/user/lang/zh-cn.php
---------------------------------------------------------------

[2020-01-09T14:00:11+08:00] 127.0.0.1 GET guocai.com/login/login
[运行时间：0.044044s] [吞吐率：22.70req/s] [内存消耗：2,032.15kb] [文件加载：85]
[ info ] [ LANG ] D:\xampp\htdocs\guocai.yzata.cn/vendor\thinkphp\lang\zh-cn.php
[ info ] [ BIND ] 'order'
[ info ] [ ROUTE ] array (
)
[ info ] [ HEADER ] array (
  'host' => 'guocai.com',
  'connection' => 'keep-alive',
  'upgrade-insecure-requests' => '1',
  'user-agent' => 'Mozilla/5.0 (Windows NT 10.0; Win64; x64) AppleWebKit/537.36 (KHTML, like Gecko) Chrome/78.0.3904.108 Safari/537.36',
  'accept' => 'text/html,application/xhtml+xml,application/xml;q=0.9,image/webp,image/apng,*/*;q=0.8,application/signed-exchange;v=b3',
  'referer' => 'http://guocai.com/index/index.html',
  'accept-encoding' => 'gzip, deflate',
  'accept-language' => 'zh-CN,zh;q=0.9,en;q=0.8',
  'cookie' => 'thinkphp_show_page_trace=0|0; PHPSESSID=hvbh77e1323go2id05n2naobg5; admin_username=%E6%89%AC%E5%B7%9E%E5%88%86%E5%85%AC%E5%8F%B8',
)
[ info ] [ PARAM ] array (
)
[ info ] [ LANG ] D:\xampp\htdocs\guocai.yzata.cn\vendor\thinkcmf\cmf\src\behavior/../lang\zh-cn.php
[ info ] [ LANG ] D:\xampp\htdocs\guocai.yzata.cn\vendor/thinkcmf/cmf-app/src/admin/lang/zh-cn.php
[ info ] [ LANG ] D:\xampp\htdocs\guocai.yzata.cn\vendor/thinkcmf/cmf-app/src/admin/lang/zh-cn/common.php
[ info ] [ LANG ] D:\xampp\htdocs\guocai.yzata.cn\vendor/thinkcmf/cmf-app/src/user/lang/zh-cn.php
[ info ] [ VIEW ] D:\xampp\htdocs\guocai.yzata.cn\public/themes/admin_simpleboot3/order\login\login.html [ array (
) ]
---------------------------------------------------------------

[2020-01-09T14:00:16+08:00] 127.0.0.1 POST guocai.com/login/dologin.html
[运行时间：0.310191s] [吞吐率：3.22req/s] [内存消耗：3,188.25kb] [文件加载：94]
[ info ] [ LANG ] D:\xampp\htdocs\guocai.yzata.cn/vendor\thinkphp\lang\zh-cn.php
[ info ] [ BIND ] 'order'
[ info ] [ ROUTE ] array (
)
[ info ] [ HEADER ] array (
  'host' => 'guocai.com',
  'connection' => 'keep-alive',
  'content-length' => '43',
  'accept' => 'application/json, text/javascript, */*; q=0.01',
  'origin' => 'http://guocai.com',
  'x-requested-with' => 'XMLHttpRequest',
  'user-agent' => 'Mozilla/5.0 (Windows NT 10.0; Win64; x64) AppleWebKit/537.36 (KHTML, like Gecko) Chrome/78.0.3904.108 Safari/537.36',
  'content-type' => 'application/x-www-form-urlencoded; charset=UTF-8',
  'referer' => 'http://guocai.com/login/login',
  'accept-encoding' => 'gzip, deflate',
  'accept-language' => 'zh-CN,zh;q=0.9,en;q=0.8',
  'cookie' => 'thinkphp_show_page_trace=0|0; PHPSESSID=hvbh77e1323go2id05n2naobg5; admin_username=%E6%89%AC%E5%B7%9E%E5%88%86%E5%85%AC%E5%8F%B8',
)
[ info ] [ PARAM ] array (
  'username' => '小王',
  'password' => '123456',
)
[ info ] [ LANG ] D:\xampp\htdocs\guocai.yzata.cn\vendor\thinkcmf\cmf\src\behavior/../lang\zh-cn.php
[ info ] [ LANG ] D:\xampp\htdocs\guocai.yzata.cn\vendor/thinkcmf/cmf-app/src/admin/lang/zh-cn.php
[ info ] [ LANG ] D:\xampp\htdocs\guocai.yzata.cn\vendor/thinkcmf/cmf-app/src/admin/lang/zh-cn/common.php
[ info ] [ LANG ] D:\xampp\htdocs\guocai.yzata.cn\vendor/thinkcmf/cmf-app/src/user/lang/zh-cn.php
[ info ] [ DB ] INIT mysql
[ sql ] [ DB ] CONNECT:[ UseTime:0.013902s ] mysql:host=localhost;port=3306;dbname=guocai_yzata_cn;charset=utf8mb4
[ sql ] [ SQL ] SHOW COLUMNS FROM `ny_user` [ RunTime:0.018200s ]
[ sql ] [ SQL ] SELECT * FROM `ny_user` WHERE  `user_login` = '小王' LIMIT 1 [ RunTime:0.000600s ]
[ sql ] [ EXPLAIN : array (
  'id' => 1,
  'select_type' => 'SIMPLE',
  'table' => 'ny_user',
  'type' => 'const',
  'possible_keys' => 'user_login_2,user_login',
  'key' => 'user_login_2',
  'key_len' => '182',
  'ref' => 'const',
  'rows' => 1,
  'extra' => '',
) ]
[ sql ] [ SQL ] SHOW COLUMNS FROM `ny_role_user` [ RunTime:0.016965s ]
[ sql ] [ SQL ] SELECT * FROM `ny_role_user` WHERE  `user_id` = 10 LIMIT 1 [ RunTime:0.000304s ]
[ sql ] [ EXPLAIN : array (
  'id' => 1,
  'select_type' => 'SIMPLE',
  'table' => 'ny_role_user',
  'type' => 'ref',
  'possible_keys' => 'user_id',
  'key' => 'user_id',
  'key_len' => '8',
  'ref' => 'const',
  'rows' => 1,
  'extra' => '',
) ]
[ sql ] [ SQL ] SHOW COLUMNS FROM `ny_user_token` [ RunTime:0.030171s ]
[ sql ] [ SQL ] SELECT * FROM `ny_user_token` WHERE  `user_id` = 10  AND `device_type` = 'web' LIMIT 1 [ RunTime:0.000441s ]
[ sql ] [ EXPLAIN : array (
  'id' => 1,
  'select_type' => 'SIMPLE',
  'table' => 'ny_user_token',
  'type' => 'ALL',
  'possible_keys' => NULL,
  'key' => NULL,
  'key_len' => NULL,
  'ref' => NULL,
  'rows' => 11,
  'extra' => 'Using where',
) ]
[ sql ] [ SQL ] UPDATE `ny_user`  SET `companyid` = 1 , `user_type` = 1 , `sex` = 0 , `birthday` = 0 , `last_login_time` = 1578549616 , `score` = 0 , `coin` = 0 , `balance` = '0.00' , `create_time` = 1577455553 , `user_status` = 1 , `user_login` = '小王' , `user_pass` = '###7452f77ee90e7a394fdc31841787194e' , `user_nickname` = '' , `user_email` = '' , `user_url` = '' , `avatar` = '' , `signature` = '' , `last_login_ip` = '127.0.0.1' , `user_activation_key` = '' , `mobile` = '' , `more` = NULL , `level` = '业务经理' , `company` = '扬州分公司'  WHERE  `id` = 10 [ RunTime:0.043791s ]
[ sql ] [ SQL ] SHOW COLUMNS FROM `ny_company` [ RunTime:0.021099s ]
[ sql ] [ SQL ] SELECT `name` FROM `ny_company` WHERE  `id` = 1 LIMIT 1 [ RunTime:0.000543s ]
[ sql ] [ EXPLAIN : array (
  'id' => 1,
  'select_type' => 'SIMPLE',
  'table' => 'ny_company',
  'type' => 'const',
  'possible_keys' => 'PRIMARY',
  'key' => 'PRIMARY',
  'key_len' => '4',
  'ref' => 'const',
  'rows' => 1,
  'extra' => '',
) ]
---------------------------------------------------------------

[2020-01-09T14:00:18+08:00] 127.0.0.1 GET guocai.com/index/index.html
[运行时间：0.236372s] [吞吐率：4.23req/s] [内存消耗：3,436.91kb] [文件加载：97]
[ info ] [ LANG ] D:\xampp\htdocs\guocai.yzata.cn/vendor\thinkphp\lang\zh-cn.php
[ info ] [ BIND ] 'order'
[ info ] [ ROUTE ] array (
)
[ info ] [ HEADER ] array (
  'host' => 'guocai.com',
  'connection' => 'keep-alive',
  'upgrade-insecure-requests' => '1',
  'user-agent' => 'Mozilla/5.0 (Windows NT 10.0; Win64; x64) AppleWebKit/537.36 (KHTML, like Gecko) Chrome/78.0.3904.108 Safari/537.36',
  'accept' => 'text/html,application/xhtml+xml,application/xml;q=0.9,image/webp,image/apng,*/*;q=0.8,application/signed-exchange;v=b3',
  'referer' => 'http://guocai.com/login/login',
  'accept-encoding' => 'gzip, deflate',
  'accept-language' => 'zh-CN,zh;q=0.9,en;q=0.8',
  'cookie' => 'thinkphp_show_page_trace=0|0; PHPSESSID=hvbh77e1323go2id05n2naobg5; admin_username=%E5%B0%8F%E7%8E%8B',
)
[ info ] [ PARAM ] array (
)
[ info ] [ LANG ] D:\xampp\htdocs\guocai.yzata.cn\vendor\thinkcmf\cmf\src\behavior/../lang\zh-cn.php
[ info ] [ LANG ] D:\xampp\htdocs\guocai.yzata.cn\vendor/thinkcmf/cmf-app/src/admin/lang/zh-cn.php
[ info ] [ LANG ] D:\xampp\htdocs\guocai.yzata.cn\vendor/thinkcmf/cmf-app/src/admin/lang/zh-cn/common.php
[ info ] [ LANG ] D:\xampp\htdocs\guocai.yzata.cn\vendor/thinkcmf/cmf-app/src/user/lang/zh-cn.php
[ info ] [ DB ] INIT mysql
[ info ] [ VIEW ] D:\xampp\htdocs\guocai.yzata.cn\public/themes/admin_simpleboot3/order\index\index.html [ array (
  0 => 'admin',
  1 => 'user',
) ]
[ sql ] [ DB ] CONNECT:[ UseTime:0.006418s ] mysql:host=localhost;port=3306;dbname=guocai_yzata_cn;charset=utf8mb4
[ sql ] [ SQL ] SHOW COLUMNS FROM `ny_user` [ RunTime:0.058712s ]
[ sql ] [ SQL ] SELECT * FROM `ny_user` WHERE  `id` = 10 LIMIT 1 [ RunTime:0.000352s ]
[ sql ] [ EXPLAIN : array (
  'id' => 1,
  'select_type' => 'SIMPLE',
  'table' => 'ny_user',
  'type' => 'const',
  'possible_keys' => 'PRIMARY',
  'key' => 'PRIMARY',
  'key_len' => '8',
  'ref' => 'const',
  'rows' => 1,
  'extra' => '',
) ]
[ sql ] [ SQL ] SHOW COLUMNS FROM `ny_auth_rule` [ RunTime:0.014705s ]
[ sql ] [ SQL ] SELECT COUNT(*) AS tp_count FROM `ny_auth_rule` WHERE  `name` = 'order/index/index' [ RunTime:0.000325s ]
[ sql ] [ EXPLAIN : array (
  'id' => 1,
  'select_type' => 'SIMPLE',
  'table' => NULL,
  'type' => NULL,
  'possible_keys' => NULL,
  'key' => NULL,
  'key_len' => NULL,
  'ref' => NULL,
  'rows' => NULL,
  'extra' => 'Impossible WHERE noticed after reading const tables',
) ]
[ sql ] [ SQL ] select * from ny_user where id = 10 [ RunTime:0.000447s ]
[ sql ] [ EXPLAIN : array (
  'id' => 1,
  'select_type' => 'SIMPLE',
  'table' => 'ny_user',
  'type' => 'const',
  'possible_keys' => 'PRIMARY',
  'key' => 'PRIMARY',
  'key_len' => '8',
  'ref' => 'const',
  'rows' => 1,
  'extra' => '',
) ]
---------------------------------------------------------------

[2020-01-09T14:00:18+08:00] 127.0.0.1 GET guocai.com/index/main
[运行时间：0.102087s] [吞吐率：9.80req/s] [内存消耗：3,503.92kb] [文件加载：99]
[ info ] [ LANG ] D:\xampp\htdocs\guocai.yzata.cn/vendor\thinkphp\lang\zh-cn.php
[ info ] [ BIND ] 'order'
[ info ] [ ROUTE ] array (
)
[ info ] [ HEADER ] array (
  'host' => 'guocai.com',
  'connection' => 'keep-alive',
  'upgrade-insecure-requests' => '1',
  'user-agent' => 'Mozilla/5.0 (Windows NT 10.0; Win64; x64) AppleWebKit/537.36 (KHTML, like Gecko) Chrome/78.0.3904.108 Safari/537.36',
  'accept' => 'text/html,application/xhtml+xml,application/xml;q=0.9,image/webp,image/apng,*/*;q=0.8,application/signed-exchange;v=b3',
  'referer' => 'http://guocai.com/index/index.html',
  'accept-encoding' => 'gzip, deflate',
  'accept-language' => 'zh-CN,zh;q=0.9,en;q=0.8',
  'cookie' => 'thinkphp_show_page_trace=0|0; PHPSESSID=hvbh77e1323go2id05n2naobg5; admin_username=%E5%B0%8F%E7%8E%8B',
)
[ info ] [ PARAM ] array (
)
[ info ] [ LANG ] D:\xampp\htdocs\guocai.yzata.cn\vendor\thinkcmf\cmf\src\behavior/../lang\zh-cn.php
[ info ] [ LANG ] D:\xampp\htdocs\guocai.yzata.cn\vendor/thinkcmf/cmf-app/src/admin/lang/zh-cn.php
[ info ] [ LANG ] D:\xampp\htdocs\guocai.yzata.cn\vendor/thinkcmf/cmf-app/src/admin/lang/zh-cn/common.php
[ info ] [ LANG ] D:\xampp\htdocs\guocai.yzata.cn\vendor/thinkcmf/cmf-app/src/user/lang/zh-cn.php
[ info ] [ DB ] INIT mysql
[ info ] [ VIEW ] D:\xampp\htdocs\guocai.yzata.cn\public/themes/admin_simpleboot3/order\index\main.html [ array (
  0 => 'admin',
  1 => 'user',
  2 => 'products',
  3 => 'advisers',
  4 => 'interest_ways',
  5 => 'inv_terms',
  6 => 'id_types',
  7 => 'companys',
) ]
[ sql ] [ DB ] CONNECT:[ UseTime:0.004175s ] mysql:host=localhost;port=3306;dbname=guocai_yzata_cn;charset=utf8mb4
[ sql ] [ SQL ] SHOW COLUMNS FROM `ny_user` [ RunTime:0.009908s ]
[ sql ] [ SQL ] SELECT * FROM `ny_user` WHERE  `id` = 10 LIMIT 1 [ RunTime:0.000368s ]
[ sql ] [ EXPLAIN : array (
  'id' => 1,
  'select_type' => 'SIMPLE',
  'table' => 'ny_user',
  'type' => 'const',
  'possible_keys' => 'PRIMARY',
  'key' => 'PRIMARY',
  'key_len' => '8',
  'ref' => 'const',
  'rows' => 1,
  'extra' => '',
) ]
[ sql ] [ SQL ] SHOW COLUMNS FROM `ny_auth_rule` [ RunTime:0.005954s ]
[ sql ] [ SQL ] SELECT COUNT(*) AS tp_count FROM `ny_auth_rule` WHERE  `name` = 'order/index/main' [ RunTime:0.000265s ]
[ sql ] [ EXPLAIN : array (
  'id' => 1,
  'select_type' => 'SIMPLE',
  'table' => NULL,
  'type' => NULL,
  'possible_keys' => NULL,
  'key' => NULL,
  'key_len' => NULL,
  'ref' => NULL,
  'rows' => NULL,
  'extra' => 'Impossible WHERE noticed after reading const tables',
) ]
[ sql ] [ SQL ] select * from ny_product [ RunTime:0.000339s ]
[ sql ] [ EXPLAIN : array (
  'id' => 1,
  'select_type' => 'SIMPLE',
  'table' => 'ny_product',
  'type' => 'ALL',
  'possible_keys' => NULL,
  'key' => NULL,
  'key_len' => NULL,
  'ref' => NULL,
  'rows' => 3,
  'extra' => '',
) ]
[ sql ] [ SQL ] select * from ny_user where id = 10 [ RunTime:0.000255s ]
[ sql ] [ EXPLAIN : array (
  'id' => 1,
  'select_type' => 'SIMPLE',
  'table' => 'ny_user',
  'type' => 'const',
  'possible_keys' => 'PRIMARY',
  'key' => 'PRIMARY',
  'key_len' => '8',
  'ref' => 'const',
  'rows' => 1,
  'extra' => '',
) ]
[ sql ] [ SQL ] select * from ny_adviser where 1=1 and company = '扬州分公司' [ RunTime:0.000191s ]
[ sql ] [ EXPLAIN : array (
  'id' => 1,
  'select_type' => 'SIMPLE',
  'table' => 'ny_adviser',
  'type' => 'ALL',
  'possible_keys' => NULL,
  'key' => NULL,
  'key_len' => NULL,
  'ref' => NULL,
  'rows' => 10,
  'extra' => 'Using where',
) ]
[ sql ] [ SQL ] select * from ny_interest_way [ RunTime:0.000178s ]
[ sql ] [ EXPLAIN : array (
  'id' => 1,
  'select_type' => 'SIMPLE',
  'table' => 'ny_interest_way',
  'type' => 'ALL',
  'possible_keys' => NULL,
  'key' => NULL,
  'key_len' => NULL,
  'ref' => NULL,
  'rows' => 4,
  'extra' => '',
) ]
[ sql ] [ SQL ] select * from ny_inv_term [ RunTime:0.000169s ]
[ sql ] [ EXPLAIN : array (
  'id' => 1,
  'select_type' => 'SIMPLE',
  'table' => 'ny_inv_term',
  'type' => 'ALL',
  'possible_keys' => NULL,
  'key' => NULL,
  'key_len' => NULL,
  'ref' => NULL,
  'rows' => 4,
  'extra' => '',
) ]
[ sql ] [ SQL ] select * from ny_id_type [ RunTime:0.000158s ]
[ sql ] [ EXPLAIN : array (
  'id' => 1,
  'select_type' => 'SIMPLE',
  'table' => 'ny_id_type',
  'type' => 'ALL',
  'possible_keys' => NULL,
  'key' => NULL,
  'key_len' => NULL,
  'ref' => NULL,
  'rows' => 3,
  'extra' => '',
) ]
[ sql ] [ SQL ] select * from ny_user where id = 10 [ RunTime:0.000223s ]
[ sql ] [ EXPLAIN : array (
  'id' => 1,
  'select_type' => 'SIMPLE',
  'table' => 'ny_user',
  'type' => 'const',
  'possible_keys' => 'PRIMARY',
  'key' => 'PRIMARY',
  'key_len' => '8',
  'ref' => 'const',
  'rows' => 1,
  'extra' => '',
) ]
[ sql ] [ SQL ] select * from ny_newcompany where 1=1 and name = '扬州分公司' [ RunTime:0.000179s ]
[ sql ] [ EXPLAIN : array (
  'id' => 1,
  'select_type' => 'SIMPLE',
  'table' => 'ny_newcompany',
  'type' => 'ALL',
  'possible_keys' => NULL,
  'key' => NULL,
  'key_len' => NULL,
  'ref' => NULL,
  'rows' => 5,
  'extra' => 'Using where',
) ]
[ sql ] [ SQL ] select * from ny_user where id = 10 [ RunTime:0.000206s ]
[ sql ] [ EXPLAIN : array (
  'id' => 1,
  'select_type' => 'SIMPLE',
  'table' => 'ny_user',
  'type' => 'const',
  'possible_keys' => 'PRIMARY',
  'key' => 'PRIMARY',
  'key_len' => '8',
  'ref' => 'const',
  'rows' => 1,
  'extra' => '',
) ]
---------------------------------------------------------------

[2020-01-09T14:00:19+08:00] 127.0.0.1 GET guocai.com/index/datalist/?page=1&limit=10
[运行时间：0.200836s] [吞吐率：4.98req/s] [内存消耗：3,374.73kb] [文件加载：98]
[ info ] [ LANG ] D:\xampp\htdocs\guocai.yzata.cn/vendor\thinkphp\lang\zh-cn.php
[ info ] [ BIND ] 'order'
[ info ] [ ROUTE ] array (
)
[ info ] [ HEADER ] array (
  'host' => 'guocai.com',
  'connection' => 'keep-alive',
  'accept' => 'application/json, text/javascript, */*; q=0.01',
  'x-requested-with' => 'XMLHttpRequest',
  'user-agent' => 'Mozilla/5.0 (Windows NT 10.0; Win64; x64) AppleWebKit/537.36 (KHTML, like Gecko) Chrome/78.0.3904.108 Safari/537.36',
  'referer' => 'http://guocai.com/index/main',
  'accept-encoding' => 'gzip, deflate',
  'accept-language' => 'zh-CN,zh;q=0.9,en;q=0.8',
  'cookie' => 'thinkphp_show_page_trace=0|0; PHPSESSID=hvbh77e1323go2id05n2naobg5; admin_username=%E5%B0%8F%E7%8E%8B',
)
[ info ] [ PARAM ] array (
  'page' => '1',
  'limit' => '10',
)
[ info ] [ LANG ] D:\xampp\htdocs\guocai.yzata.cn\vendor\thinkcmf\cmf\src\behavior/../lang\zh-cn.php
[ info ] [ LANG ] D:\xampp\htdocs\guocai.yzata.cn\vendor/thinkcmf/cmf-app/src/admin/lang/zh-cn.php
[ info ] [ LANG ] D:\xampp\htdocs\guocai.yzata.cn\vendor/thinkcmf/cmf-app/src/admin/lang/zh-cn/common.php
[ info ] [ LANG ] D:\xampp\htdocs\guocai.yzata.cn\vendor/thinkcmf/cmf-app/src/user/lang/zh-cn.php
[ info ] [ DB ] INIT mysql
[ sql ] [ DB ] CONNECT:[ UseTime:0.004107s ] mysql:host=localhost;port=3306;dbname=guocai_yzata_cn;charset=utf8mb4
[ sql ] [ SQL ] SHOW COLUMNS FROM `ny_user` [ RunTime:0.053431s ]
[ sql ] [ SQL ] SELECT * FROM `ny_user` WHERE  `id` = 10 LIMIT 1 [ RunTime:0.000935s ]
[ sql ] [ EXPLAIN : array (
  'id' => 1,
  'select_type' => 'SIMPLE',
  'table' => 'ny_user',
  'type' => 'const',
  'possible_keys' => 'PRIMARY',
  'key' => 'PRIMARY',
  'key_len' => '8',
  'ref' => 'const',
  'rows' => 1,
  'extra' => '',
) ]
[ sql ] [ SQL ] SHOW COLUMNS FROM `ny_auth_rule` [ RunTime:0.050315s ]
[ sql ] [ SQL ] SELECT COUNT(*) AS tp_count FROM `ny_auth_rule` WHERE  `name` = 'order/index/datalist' [ RunTime:0.000274s ]
[ sql ] [ EXPLAIN : array (
  'id' => 1,
  'select_type' => 'SIMPLE',
  'table' => NULL,
  'type' => NULL,
  'possible_keys' => NULL,
  'key' => NULL,
  'key_len' => NULL,
  'ref' => NULL,
  'rows' => NULL,
  'extra' => 'Impossible WHERE noticed after reading const tables',
) ]
[ sql ] [ SQL ] select * from ny_user where id = 10 [ RunTime:0.000451s ]
[ sql ] [ EXPLAIN : array (
  'id' => 1,
  'select_type' => 'SIMPLE',
  'table' => 'ny_user',
  'type' => 'const',
  'possible_keys' => 'PRIMARY',
  'key' => 'PRIMARY',
  'key_len' => '8',
  'ref' => 'const',
  'rows' => 1,
  'extra' => '',
) ]
[ sql ] [ SQL ] SHOW COLUMNS FROM `ny_order` [ RunTime:0.007503s ]
[ sql ] [ SQL ] SELECT COUNT(*) AS tp_count FROM `ny_order` WHERE  (  1=1  and adviser = '小王'  ) [ RunTime:0.000429s ]
[ sql ] [ EXPLAIN : array (
  'id' => 1,
  'select_type' => 'SIMPLE',
  'table' => 'ny_order',
  'type' => 'ALL',
  'possible_keys' => NULL,
  'key' => NULL,
  'key_len' => NULL,
  'ref' => NULL,
  'rows' => 9,
  'extra' => 'Using where',
) ]
[ sql ] [ SQL ] SELECT * FROM `ny_order` WHERE  (  1=1  and adviser = '小王'  ) ORDER BY `id` DESC LIMIT 0,10 [ RunTime:0.000384s ]
[ sql ] [ EXPLAIN : array (
  'id' => 1,
  'select_type' => 'SIMPLE',
  'table' => 'ny_order',
  'type' => 'index',
  'possible_keys' => NULL,
  'key' => 'PRIMARY',
  'key_len' => '4',
  'ref' => NULL,
  'rows' => 9,
  'extra' => 'Using where',
) ]
