---------------------------------------------------------------

[2020-01-16T16:43:46+08:00] 127.0.0.1 GET guocai.com/
[运行时间：0.600088s] [吞吐率：1.67req/s] [内存消耗：1,976.68kb] [文件加载：79]
[ info ] [ LANG ] D:\xampp\htdocs\guocai.yzata.cn/vendor\thinkphp\lang\zh-cn.php
[ info ] [ BIND ] 'order'
[ info ] [ ROUTE ] array (
)
[ info ] [ HEADER ] array (
  'host' => 'guocai.com',
  'connection' => 'keep-alive',
  'upgrade-insecure-requests' => '1',
  'user-agent' => 'Mozilla/5.0 (Windows NT 10.0; Win64; x64) AppleWebKit/537.36 (KHTML, like Gecko) Chrome/78.0.3904.108 Safari/537.36',
  'accept' => 'text/html,application/xhtml+xml,application/xml;q=0.9,image/webp,image/apng,*/*;q=0.8,application/signed-exchange;v=b3',
  'purpose' => 'prefetch',
  'accept-encoding' => 'gzip, deflate',
  'accept-language' => 'zh-CN,zh;q=0.9,en;q=0.8',
  'cookie' => 'admin_username=%E5%9B%BD%E8%B4%A2%E6%80%BB%E5%85%AC%E5%8F%B8',
)
[ info ] [ PARAM ] array (
)
[ info ] [ LANG ] D:\xampp\htdocs\guocai.yzata.cn\vendor\thinkcmf\cmf\src\behavior/../lang\zh-cn.php
[ info ] [ LANG ] D:\xampp\htdocs\guocai.yzata.cn\vendor/thinkcmf/cmf-app/src/admin/lang/zh-cn.php
[ info ] [ LANG ] D:\xampp\htdocs\guocai.yzata.cn\vendor/thinkcmf/cmf-app/src/admin/lang/zh-cn/common.php
[ info ] [ LANG ] D:\xampp\htdocs\guocai.yzata.cn\vendor/thinkcmf/cmf-app/src/user/lang/zh-cn.php
---------------------------------------------------------------

[2020-01-16T16:43:46+08:00] 127.0.0.1 GET guocai.com/
[运行时间：0.069101s] [吞吐率：14.47req/s] [内存消耗：1,976.38kb] [文件加载：79]
[ info ] [ LANG ] D:\xampp\htdocs\guocai.yzata.cn/vendor\thinkphp\lang\zh-cn.php
[ info ] [ BIND ] 'order'
[ info ] [ ROUTE ] array (
)
[ info ] [ HEADER ] array (
  'host' => 'guocai.com',
  'connection' => 'keep-alive',
  'upgrade-insecure-requests' => '1',
  'user-agent' => 'Mozilla/5.0 (Windows NT 10.0; Win64; x64) AppleWebKit/537.36 (KHTML, like Gecko) Chrome/78.0.3904.108 Safari/537.36',
  'accept' => 'text/html,application/xhtml+xml,application/xml;q=0.9,image/webp,image/apng,*/*;q=0.8,application/signed-exchange;v=b3',
  'accept-encoding' => 'gzip, deflate',
  'accept-language' => 'zh-CN,zh;q=0.9,en;q=0.8',
  'cookie' => 'admin_username=%E5%9B%BD%E8%B4%A2%E6%80%BB%E5%85%AC%E5%8F%B8',
)
[ info ] [ PARAM ] array (
)
[ info ] [ LANG ] D:\xampp\htdocs\guocai.yzata.cn\vendor\thinkcmf\cmf\src\behavior/../lang\zh-cn.php
[ info ] [ LANG ] D:\xampp\htdocs\guocai.yzata.cn\vendor/thinkcmf/cmf-app/src/admin/lang/zh-cn.php
[ info ] [ LANG ] D:\xampp\htdocs\guocai.yzata.cn\vendor/thinkcmf/cmf-app/src/admin/lang/zh-cn/common.php
[ info ] [ LANG ] D:\xampp\htdocs\guocai.yzata.cn\vendor/thinkcmf/cmf-app/src/user/lang/zh-cn.php
---------------------------------------------------------------

[2020-01-16T16:43:46+08:00] 127.0.0.1 GET guocai.com/login/login
[运行时间：0.099168s] [吞吐率：10.08req/s] [内存消耗：2,032.30kb] [文件加载：85]
[ info ] [ LANG ] D:\xampp\htdocs\guocai.yzata.cn/vendor\thinkphp\lang\zh-cn.php
[ info ] [ BIND ] 'order'
[ info ] [ ROUTE ] array (
)
[ info ] [ HEADER ] array (
  'host' => 'guocai.com',
  'connection' => 'keep-alive',
  'upgrade-insecure-requests' => '1',
  'user-agent' => 'Mozilla/5.0 (Windows NT 10.0; Win64; x64) AppleWebKit/537.36 (KHTML, like Gecko) Chrome/78.0.3904.108 Safari/537.36',
  'accept' => 'text/html,application/xhtml+xml,application/xml;q=0.9,image/webp,image/apng,*/*;q=0.8,application/signed-exchange;v=b3',
  'purpose' => 'prefetch',
  'accept-encoding' => 'gzip, deflate',
  'accept-language' => 'zh-CN,zh;q=0.9,en;q=0.8',
  'cookie' => 'admin_username=%E5%9B%BD%E8%B4%A2%E6%80%BB%E5%85%AC%E5%8F%B8; PHPSESSID=g79kqh5ji72k3veqqcodbc3chl',
)
[ info ] [ PARAM ] array (
)
[ info ] [ LANG ] D:\xampp\htdocs\guocai.yzata.cn\vendor\thinkcmf\cmf\src\behavior/../lang\zh-cn.php
[ info ] [ LANG ] D:\xampp\htdocs\guocai.yzata.cn\vendor/thinkcmf/cmf-app/src/admin/lang/zh-cn.php
[ info ] [ LANG ] D:\xampp\htdocs\guocai.yzata.cn\vendor/thinkcmf/cmf-app/src/admin/lang/zh-cn/common.php
[ info ] [ LANG ] D:\xampp\htdocs\guocai.yzata.cn\vendor/thinkcmf/cmf-app/src/user/lang/zh-cn.php
[ info ] [ VIEW ] D:\xampp\htdocs\guocai.yzata.cn\public/themes/admin_simpleboot3/order\login\login.html [ array (
) ]
---------------------------------------------------------------

[2020-01-16T16:43:48+08:00] 127.0.0.1 GET guocai.com/favicon.ico
[运行时间：0.261740s] [吞吐率：3.82req/s] [内存消耗：1,901.10kb] [文件加载：77]
[ info ] [ LANG ] D:\xampp\htdocs\guocai.yzata.cn/vendor\thinkphp\lang\zh-cn.php
[ info ] [ BIND ] 'order'
[ info ] [ ROUTE ] array (
)
[ info ] [ HEADER ] array (
  'host' => 'guocai.com',
  'connection' => 'keep-alive',
  'user-agent' => 'Mozilla/5.0 (Windows NT 10.0; Win64; x64) AppleWebKit/537.36 (KHTML, like Gecko) Chrome/78.0.3904.108 Safari/537.36',
  'accept' => 'image/webp,image/apng,image/*,*/*;q=0.8',
  'referer' => 'http://guocai.com/login/login',
  'accept-encoding' => 'gzip, deflate',
  'accept-language' => 'zh-CN,zh;q=0.9,en;q=0.8',
  'cookie' => 'admin_username=%E5%9B%BD%E8%B4%A2%E6%80%BB%E5%85%AC%E5%8F%B8; PHPSESSID=5q6tkqbku4hh988jvbu0r0ul0n',
)
[ info ] [ PARAM ] array (
)
[ info ] [ LANG ] D:\xampp\htdocs\guocai.yzata.cn\vendor\thinkcmf\cmf\src\behavior/../lang\zh-cn.php
[ info ] [ LANG ] D:\xampp\htdocs\guocai.yzata.cn\vendor/thinkcmf/cmf-app/src/admin/lang/zh-cn.php
[ info ] [ LANG ] D:\xampp\htdocs\guocai.yzata.cn\vendor/thinkcmf/cmf-app/src/admin/lang/zh-cn/common.php
[ info ] [ LANG ] D:\xampp\htdocs\guocai.yzata.cn\vendor/thinkcmf/cmf-app/src/user/lang/zh-cn.php
---------------------------------------------------------------

[2020-01-16T16:44:12+08:00] 127.0.0.1 POST guocai.com/login/dologin.html
[运行时间：0.233935s] [吞吐率：4.27req/s] [内存消耗：2,739.52kb] [文件加载：85]
[ info ] [ LANG ] D:\xampp\htdocs\guocai.yzata.cn/vendor\thinkphp\lang\zh-cn.php
[ info ] [ BIND ] 'order'
[ info ] [ ROUTE ] array (
)
[ info ] [ HEADER ] array (
  'host' => 'guocai.com',
  'connection' => 'keep-alive',
  'content-length' => '70',
  'accept' => 'application/json, text/javascript, */*; q=0.01',
  'origin' => 'http://guocai.com',
  'x-requested-with' => 'XMLHttpRequest',
  'user-agent' => 'Mozilla/5.0 (Windows NT 10.0; Win64; x64) AppleWebKit/537.36 (KHTML, like Gecko) Chrome/78.0.3904.108 Safari/537.36',
  'content-type' => 'application/x-www-form-urlencoded; charset=UTF-8',
  'referer' => 'http://guocai.com/login/login',
  'accept-encoding' => 'gzip, deflate',
  'accept-language' => 'zh-CN,zh;q=0.9,en;q=0.8',
  'cookie' => 'thinkphp_show_page_trace=0|0; admin_username=%E5%9B%BD%E8%B4%A2%E6%80%BB%E5%85%AC%E5%8F%B8; PHPSESSID=5q6tkqbku4hh988jvbu0r0ul0n',
)
[ info ] [ PARAM ] array (
  'username' => '国财总公司',
  'password' => '456789',
)
[ info ] [ LANG ] D:\xampp\htdocs\guocai.yzata.cn\vendor\thinkcmf\cmf\src\behavior/../lang\zh-cn.php
[ info ] [ LANG ] D:\xampp\htdocs\guocai.yzata.cn\vendor/thinkcmf/cmf-app/src/admin/lang/zh-cn.php
[ info ] [ LANG ] D:\xampp\htdocs\guocai.yzata.cn\vendor/thinkcmf/cmf-app/src/admin/lang/zh-cn/common.php
[ info ] [ LANG ] D:\xampp\htdocs\guocai.yzata.cn\vendor/thinkcmf/cmf-app/src/user/lang/zh-cn.php
[ info ] [ DB ] INIT mysql
[ sql ] [ DB ] CONNECT:[ UseTime:0.019244s ] mysql:host=localhost;port=3306;dbname=guocai_yzata_cn;charset=utf8mb4
[ sql ] [ SQL ] SHOW COLUMNS FROM `ny_user` [ RunTime:0.028913s ]
[ sql ] [ SQL ] SELECT * FROM `ny_user` WHERE  `user_login` = '国财总公司' LIMIT 1 [ RunTime:0.057225s ]
[ sql ] [ EXPLAIN : array (
  'id' => 1,
  'select_type' => 'SIMPLE',
  'table' => NULL,
  'type' => NULL,
  'possible_keys' => NULL,
  'key' => NULL,
  'key_len' => NULL,
  'ref' => NULL,
  'rows' => NULL,
  'extra' => 'Impossible WHERE noticed after reading const tables',
) ]
[ sql ] [ SQL ] SHOW COLUMNS FROM `ny_role_user` [ RunTime:0.008604s ]
[ sql ] [ SQL ] SELECT * FROM `ny_role_user` WHERE  `user_id` IS NULL LIMIT 1 [ RunTime:0.001061s ]
[ sql ] [ EXPLAIN : array (
  'id' => 1,
  'select_type' => 'SIMPLE',
  'table' => NULL,
  'type' => NULL,
  'possible_keys' => NULL,
  'key' => NULL,
  'key_len' => NULL,
  'ref' => NULL,
  'rows' => NULL,
  'extra' => 'Impossible WHERE',
) ]
---------------------------------------------------------------

[2020-01-16T16:44:19+08:00] 127.0.0.1 POST guocai.com/login/dologin.html
[运行时间：0.195873s] [吞吐率：5.11req/s] [内存消耗：2,741.23kb] [文件加载：85]
[ info ] [ LANG ] D:\xampp\htdocs\guocai.yzata.cn/vendor\thinkphp\lang\zh-cn.php
[ info ] [ BIND ] 'order'
[ info ] [ ROUTE ] array (
)
[ info ] [ HEADER ] array (
  'host' => 'guocai.com',
  'connection' => 'keep-alive',
  'content-length' => '30',
  'accept' => 'application/json, text/javascript, */*; q=0.01',
  'origin' => 'http://guocai.com',
  'x-requested-with' => 'XMLHttpRequest',
  'user-agent' => 'Mozilla/5.0 (Windows NT 10.0; Win64; x64) AppleWebKit/537.36 (KHTML, like Gecko) Chrome/78.0.3904.108 Safari/537.36',
  'content-type' => 'application/x-www-form-urlencoded; charset=UTF-8',
  'referer' => 'http://guocai.com/login/login',
  'accept-encoding' => 'gzip, deflate',
  'accept-language' => 'zh-CN,zh;q=0.9,en;q=0.8',
  'cookie' => 'thinkphp_show_page_trace=0|0; admin_username=%E5%9B%BD%E8%B4%A2%E6%80%BB%E5%85%AC%E5%8F%B8; PHPSESSID=5q6tkqbku4hh988jvbu0r0ul0n',
)
[ info ] [ PARAM ] array (
  'username' => 'admin',
  'password' => '123456',
)
[ info ] [ LANG ] D:\xampp\htdocs\guocai.yzata.cn\vendor\thinkcmf\cmf\src\behavior/../lang\zh-cn.php
[ info ] [ LANG ] D:\xampp\htdocs\guocai.yzata.cn\vendor/thinkcmf/cmf-app/src/admin/lang/zh-cn.php
[ info ] [ LANG ] D:\xampp\htdocs\guocai.yzata.cn\vendor/thinkcmf/cmf-app/src/admin/lang/zh-cn/common.php
[ info ] [ LANG ] D:\xampp\htdocs\guocai.yzata.cn\vendor/thinkcmf/cmf-app/src/user/lang/zh-cn.php
[ info ] [ DB ] INIT mysql
[ sql ] [ DB ] CONNECT:[ UseTime:0.004252s ] mysql:host=localhost;port=3306;dbname=guocai_yzata_cn;charset=utf8mb4
[ sql ] [ SQL ] SHOW COLUMNS FROM `ny_user` [ RunTime:0.013815s ]
[ sql ] [ SQL ] SELECT * FROM `ny_user` WHERE  `user_login` = 'admin' LIMIT 1 [ RunTime:0.014957s ]
[ sql ] [ EXPLAIN : array (
  'id' => 1,
  'select_type' => 'SIMPLE',
  'table' => 'ny_user',
  'type' => 'const',
  'possible_keys' => 'user_login_2,user_login',
  'key' => 'user_login_2',
  'key_len' => '182',
  'ref' => 'const',
  'rows' => 1,
  'extra' => '',
) ]
[ sql ] [ SQL ] SHOW COLUMNS FROM `ny_role_user` [ RunTime:0.007643s ]
[ sql ] [ SQL ] SELECT * FROM `ny_role_user` WHERE  `user_id` = 1 LIMIT 1 [ RunTime:0.066193s ]
[ sql ] [ EXPLAIN : array (
  'id' => 1,
  'select_type' => 'SIMPLE',
  'table' => 'ny_role_user',
  'type' => 'ref',
  'possible_keys' => 'user_id',
  'key' => 'user_id',
  'key_len' => '8',
  'ref' => 'const',
  'rows' => 1,
  'extra' => '',
) ]
---------------------------------------------------------------

[2020-01-16T16:44:23+08:00] 127.0.0.1 POST guocai.com/login/dologin.html
[运行时间：0.338620s] [吞吐率：2.95req/s] [内存消耗：3,188.63kb] [文件加载：94]
[ info ] [ LANG ] D:\xampp\htdocs\guocai.yzata.cn/vendor\thinkphp\lang\zh-cn.php
[ info ] [ BIND ] 'order'
[ info ] [ ROUTE ] array (
)
[ info ] [ HEADER ] array (
  'host' => 'guocai.com',
  'connection' => 'keep-alive',
  'content-length' => '30',
  'accept' => 'application/json, text/javascript, */*; q=0.01',
  'origin' => 'http://guocai.com',
  'x-requested-with' => 'XMLHttpRequest',
  'user-agent' => 'Mozilla/5.0 (Windows NT 10.0; Win64; x64) AppleWebKit/537.36 (KHTML, like Gecko) Chrome/78.0.3904.108 Safari/537.36',
  'content-type' => 'application/x-www-form-urlencoded; charset=UTF-8',
  'referer' => 'http://guocai.com/login/login',
  'accept-encoding' => 'gzip, deflate',
  'accept-language' => 'zh-CN,zh;q=0.9,en;q=0.8',
  'cookie' => 'thinkphp_show_page_trace=0|0; admin_username=%E5%9B%BD%E8%B4%A2%E6%80%BB%E5%85%AC%E5%8F%B8; PHPSESSID=5q6tkqbku4hh988jvbu0r0ul0n',
)
[ info ] [ PARAM ] array (
  'username' => 'admin',
  'password' => '456789',
)
[ info ] [ LANG ] D:\xampp\htdocs\guocai.yzata.cn\vendor\thinkcmf\cmf\src\behavior/../lang\zh-cn.php
[ info ] [ LANG ] D:\xampp\htdocs\guocai.yzata.cn\vendor/thinkcmf/cmf-app/src/admin/lang/zh-cn.php
[ info ] [ LANG ] D:\xampp\htdocs\guocai.yzata.cn\vendor/thinkcmf/cmf-app/src/admin/lang/zh-cn/common.php
[ info ] [ LANG ] D:\xampp\htdocs\guocai.yzata.cn\vendor/thinkcmf/cmf-app/src/user/lang/zh-cn.php
[ info ] [ DB ] INIT mysql
[ sql ] [ DB ] CONNECT:[ UseTime:0.006415s ] mysql:host=localhost;port=3306;dbname=guocai_yzata_cn;charset=utf8mb4
[ sql ] [ SQL ] SHOW COLUMNS FROM `ny_user` [ RunTime:0.010289s ]
[ sql ] [ SQL ] SELECT * FROM `ny_user` WHERE  `user_login` = 'admin' LIMIT 1 [ RunTime:0.000333s ]
[ sql ] [ EXPLAIN : array (
  'id' => 1,
  'select_type' => 'SIMPLE',
  'table' => 'ny_user',
  'type' => 'const',
  'possible_keys' => 'user_login_2,user_login',
  'key' => 'user_login_2',
  'key_len' => '182',
  'ref' => 'const',
  'rows' => 1,
  'extra' => '',
) ]
[ sql ] [ SQL ] SHOW COLUMNS FROM `ny_role_user` [ RunTime:0.012101s ]
[ sql ] [ SQL ] SELECT * FROM `ny_role_user` WHERE  `user_id` = 1 LIMIT 1 [ RunTime:0.000379s ]
[ sql ] [ EXPLAIN : array (
  'id' => 1,
  'select_type' => 'SIMPLE',
  'table' => 'ny_role_user',
  'type' => 'ref',
  'possible_keys' => 'user_id',
  'key' => 'user_id',
  'key_len' => '8',
  'ref' => 'const',
  'rows' => 1,
  'extra' => '',
) ]
[ sql ] [ SQL ] SHOW COLUMNS FROM `ny_user_token` [ RunTime:0.024411s ]
[ sql ] [ SQL ] SELECT * FROM `ny_user_token` WHERE  `user_id` = 1  AND `device_type` = 'web' LIMIT 1 [ RunTime:0.018480s ]
[ sql ] [ EXPLAIN : array (
  'id' => 1,
  'select_type' => 'SIMPLE',
  'table' => 'ny_user_token',
  'type' => 'ALL',
  'possible_keys' => NULL,
  'key' => NULL,
  'key_len' => NULL,
  'ref' => NULL,
  'rows' => 19,
  'extra' => 'Using where',
) ]
[ sql ] [ SQL ] UPDATE `ny_user`  SET `companyid` = 1 , `user_type` = 1 , `sex` = 1 , `birthday` = 638640000 , `last_login_time` = 1579164263 , `score` = 0 , `coin` = 0 , `balance` = '0.00' , `create_time` = 1568785933 , `user_status` = 1 , `user_login` = 'admin' , `user_pass` = '###dd319eddd955664ac22dd3fe5b6f0b96' , `user_nickname` = '凌娴' , `user_email` = '1518084393@qq.com' , `user_url` = '111' , `avatar` = '' , `signature` = '222' , `last_login_ip` = '127.0.0.1' , `user_activation_key` = '' , `mobile` = '' , `more` = NULL , `level` = '总公司' , `company` = '国财总公司'  WHERE  `id` = 1 [ RunTime:0.097832s ]
[ sql ] [ SQL ] SHOW COLUMNS FROM `ny_company` [ RunTime:0.010312s ]
[ sql ] [ SQL ] SELECT `name` FROM `ny_company` WHERE  `id` = 1 LIMIT 1 [ RunTime:0.009613s ]
[ sql ] [ EXPLAIN : array (
  'id' => 1,
  'select_type' => 'SIMPLE',
  'table' => 'ny_company',
  'type' => 'const',
  'possible_keys' => 'PRIMARY',
  'key' => 'PRIMARY',
  'key_len' => '4',
  'ref' => 'const',
  'rows' => 1,
  'extra' => '',
) ]
---------------------------------------------------------------

[2020-01-16T16:44:26+08:00] 127.0.0.1 GET guocai.com/index/index.html
[运行时间：0.338444s] [吞吐率：2.95req/s] [内存消耗：3,424.43kb] [文件加载：96]
[ info ] [ LANG ] D:\xampp\htdocs\guocai.yzata.cn/vendor\thinkphp\lang\zh-cn.php
[ info ] [ BIND ] 'order'
[ info ] [ ROUTE ] array (
)
[ info ] [ HEADER ] array (
  'host' => 'guocai.com',
  'connection' => 'keep-alive',
  'upgrade-insecure-requests' => '1',
  'user-agent' => 'Mozilla/5.0 (Windows NT 10.0; Win64; x64) AppleWebKit/537.36 (KHTML, like Gecko) Chrome/78.0.3904.108 Safari/537.36',
  'accept' => 'text/html,application/xhtml+xml,application/xml;q=0.9,image/webp,image/apng,*/*;q=0.8,application/signed-exchange;v=b3',
  'referer' => 'http://guocai.com/login/login',
  'accept-encoding' => 'gzip, deflate',
  'accept-language' => 'zh-CN,zh;q=0.9,en;q=0.8',
  'cookie' => 'PHPSESSID=5q6tkqbku4hh988jvbu0r0ul0n; admin_username=admin',
)
[ info ] [ PARAM ] array (
)
[ info ] [ LANG ] D:\xampp\htdocs\guocai.yzata.cn\vendor\thinkcmf\cmf\src\behavior/../lang\zh-cn.php
[ info ] [ LANG ] D:\xampp\htdocs\guocai.yzata.cn\vendor/thinkcmf/cmf-app/src/admin/lang/zh-cn.php
[ info ] [ LANG ] D:\xampp\htdocs\guocai.yzata.cn\vendor/thinkcmf/cmf-app/src/admin/lang/zh-cn/common.php
[ info ] [ LANG ] D:\xampp\htdocs\guocai.yzata.cn\vendor/thinkcmf/cmf-app/src/user/lang/zh-cn.php
[ info ] [ DB ] INIT mysql
[ info ] [ VIEW ] D:\xampp\htdocs\guocai.yzata.cn\public/themes/admin_simpleboot3/order\index\index.html [ array (
  0 => 'admin',
  1 => 'user',
) ]
[ sql ] [ DB ] CONNECT:[ UseTime:0.004924s ] mysql:host=localhost;port=3306;dbname=guocai_yzata_cn;charset=utf8mb4
[ sql ] [ SQL ] SHOW COLUMNS FROM `ny_user` [ RunTime:0.056645s ]
[ sql ] [ SQL ] SELECT * FROM `ny_user` WHERE  `id` = 1 LIMIT 1 [ RunTime:0.000350s ]
[ sql ] [ EXPLAIN : array (
  'id' => 1,
  'select_type' => 'SIMPLE',
  'table' => 'ny_user',
  'type' => 'const',
  'possible_keys' => 'PRIMARY',
  'key' => 'PRIMARY',
  'key_len' => '8',
  'ref' => 'const',
  'rows' => 1,
  'extra' => '',
) ]
[ sql ] [ SQL ] select * from ny_user where id = 1 [ RunTime:0.000400s ]
[ sql ] [ EXPLAIN : array (
  'id' => 1,
  'select_type' => 'SIMPLE',
  'table' => 'ny_user',
  'type' => 'const',
  'possible_keys' => 'PRIMARY',
  'key' => 'PRIMARY',
  'key_len' => '8',
  'ref' => 'const',
  'rows' => 1,
  'extra' => '',
) ]
---------------------------------------------------------------

[2020-01-16T16:44:26+08:00] 127.0.0.1 GET guocai.com/index/main
[运行时间：0.249960s] [吞吐率：4.00req/s] [内存消耗：3,510.52kb] [文件加载：98]
[ info ] [ LANG ] D:\xampp\htdocs\guocai.yzata.cn/vendor\thinkphp\lang\zh-cn.php
[ info ] [ BIND ] 'order'
[ info ] [ ROUTE ] array (
)
[ info ] [ HEADER ] array (
  'host' => 'guocai.com',
  'connection' => 'keep-alive',
  'upgrade-insecure-requests' => '1',
  'user-agent' => 'Mozilla/5.0 (Windows NT 10.0; Win64; x64) AppleWebKit/537.36 (KHTML, like Gecko) Chrome/78.0.3904.108 Safari/537.36',
  'accept' => 'text/html,application/xhtml+xml,application/xml;q=0.9,image/webp,image/apng,*/*;q=0.8,application/signed-exchange;v=b3',
  'referer' => 'http://guocai.com/index/index.html',
  'accept-encoding' => 'gzip, deflate',
  'accept-language' => 'zh-CN,zh;q=0.9,en;q=0.8',
  'cookie' => 'PHPSESSID=5q6tkqbku4hh988jvbu0r0ul0n; admin_username=admin',
)
[ info ] [ PARAM ] array (
)
[ info ] [ LANG ] D:\xampp\htdocs\guocai.yzata.cn\vendor\thinkcmf\cmf\src\behavior/../lang\zh-cn.php
[ info ] [ LANG ] D:\xampp\htdocs\guocai.yzata.cn\vendor/thinkcmf/cmf-app/src/admin/lang/zh-cn.php
[ info ] [ LANG ] D:\xampp\htdocs\guocai.yzata.cn\vendor/thinkcmf/cmf-app/src/admin/lang/zh-cn/common.php
[ info ] [ LANG ] D:\xampp\htdocs\guocai.yzata.cn\vendor/thinkcmf/cmf-app/src/user/lang/zh-cn.php
[ info ] [ DB ] INIT mysql
[ info ] [ VIEW ] D:\xampp\htdocs\guocai.yzata.cn\public/themes/admin_simpleboot3/order\index\main.html [ array (
  0 => 'admin',
  1 => 'user',
  2 => 'products',
  3 => 'advisers',
  4 => 'interest_ways',
  5 => 'inv_terms',
  6 => 'id_types',
  7 => 'companys',
) ]
[ sql ] [ DB ] CONNECT:[ UseTime:0.007884s ] mysql:host=localhost;port=3306;dbname=guocai_yzata_cn;charset=utf8mb4
[ sql ] [ SQL ] SHOW COLUMNS FROM `ny_user` [ RunTime:0.005816s ]
[ sql ] [ SQL ] SELECT * FROM `ny_user` WHERE  `id` = 1 LIMIT 1 [ RunTime:0.000294s ]
[ sql ] [ EXPLAIN : array (
  'id' => 1,
  'select_type' => 'SIMPLE',
  'table' => 'ny_user',
  'type' => 'const',
  'possible_keys' => 'PRIMARY',
  'key' => 'PRIMARY',
  'key_len' => '8',
  'ref' => 'const',
  'rows' => 1,
  'extra' => '',
) ]
[ sql ] [ SQL ] select * from ny_product [ RunTime:0.008040s ]
[ sql ] [ EXPLAIN : array (
  'id' => 1,
  'select_type' => 'SIMPLE',
  'table' => 'ny_product',
  'type' => 'ALL',
  'possible_keys' => NULL,
  'key' => NULL,
  'key_len' => NULL,
  'ref' => NULL,
  'rows' => 1,
  'extra' => '',
) ]
[ sql ] [ SQL ] select * from ny_user where id = 1 [ RunTime:0.000237s ]
[ sql ] [ EXPLAIN : array (
  'id' => 1,
  'select_type' => 'SIMPLE',
  'table' => 'ny_user',
  'type' => 'const',
  'possible_keys' => 'PRIMARY',
  'key' => 'PRIMARY',
  'key_len' => '8',
  'ref' => 'const',
  'rows' => 1,
  'extra' => '',
) ]
[ sql ] [ SQL ] select * from ny_adviser where 1=1 [ RunTime:0.024502s ]
[ sql ] [ EXPLAIN : array (
  'id' => 1,
  'select_type' => 'SIMPLE',
  'table' => 'ny_adviser',
  'type' => 'ALL',
  'possible_keys' => NULL,
  'key' => NULL,
  'key_len' => NULL,
  'ref' => NULL,
  'rows' => 23,
  'extra' => '',
) ]
[ sql ] [ SQL ] select * from ny_interest_way [ RunTime:0.033579s ]
[ sql ] [ EXPLAIN : array (
  'id' => 1,
  'select_type' => 'SIMPLE',
  'table' => 'ny_interest_way',
  'type' => 'ALL',
  'possible_keys' => NULL,
  'key' => NULL,
  'key_len' => NULL,
  'ref' => NULL,
  'rows' => 3,
  'extra' => '',
) ]
[ sql ] [ SQL ] select * from ny_inv_term [ RunTime:0.000754s ]
[ sql ] [ EXPLAIN : array (
  'id' => 1,
  'select_type' => 'SIMPLE',
  'table' => 'ny_inv_term',
  'type' => 'ALL',
  'possible_keys' => NULL,
  'key' => NULL,
  'key_len' => NULL,
  'ref' => NULL,
  'rows' => 5,
  'extra' => '',
) ]
[ sql ] [ SQL ] select * from ny_id_type [ RunTime:0.007740s ]
[ sql ] [ EXPLAIN : array (
  'id' => 1,
  'select_type' => 'SIMPLE',
  'table' => 'ny_id_type',
  'type' => 'ALL',
  'possible_keys' => NULL,
  'key' => NULL,
  'key_len' => NULL,
  'ref' => NULL,
  'rows' => 3,
  'extra' => '',
) ]
[ sql ] [ SQL ] select * from ny_user where id = 1 [ RunTime:0.000318s ]
[ sql ] [ EXPLAIN : array (
  'id' => 1,
  'select_type' => 'SIMPLE',
  'table' => 'ny_user',
  'type' => 'const',
  'possible_keys' => 'PRIMARY',
  'key' => 'PRIMARY',
  'key_len' => '8',
  'ref' => 'const',
  'rows' => 1,
  'extra' => '',
) ]
[ sql ] [ SQL ] select * from ny_newcompany where 1=1 [ RunTime:0.009135s ]
[ sql ] [ EXPLAIN : array (
  'id' => 1,
  'select_type' => 'SIMPLE',
  'table' => 'ny_newcompany',
  'type' => 'ALL',
  'possible_keys' => NULL,
  'key' => NULL,
  'key_len' => NULL,
  'ref' => NULL,
  'rows' => 9,
  'extra' => '',
) ]
[ sql ] [ SQL ] select * from ny_user where id = 1 [ RunTime:0.000312s ]
[ sql ] [ EXPLAIN : array (
  'id' => 1,
  'select_type' => 'SIMPLE',
  'table' => 'ny_user',
  'type' => 'const',
  'possible_keys' => 'PRIMARY',
  'key' => 'PRIMARY',
  'key_len' => '8',
  'ref' => 'const',
  'rows' => 1,
  'extra' => '',
) ]
---------------------------------------------------------------

[2020-01-16T16:44:27+08:00] 127.0.0.1 GET guocai.com/index/favicon.ico
[运行时间：0.106647s] [吞吐率：9.38req/s] [内存消耗：3,386.75kb] [文件加载：98]
[ info ] [ LANG ] D:\xampp\htdocs\guocai.yzata.cn/vendor\thinkphp\lang\zh-cn.php
[ info ] [ BIND ] 'order'
[ info ] [ ROUTE ] array (
)
[ info ] [ HEADER ] array (
  'host' => 'guocai.com',
  'connection' => 'keep-alive',
  'user-agent' => 'Mozilla/5.0 (Windows NT 10.0; Win64; x64) AppleWebKit/537.36 (KHTML, like Gecko) Chrome/78.0.3904.108 Safari/537.36',
  'accept' => 'image/webp,image/apng,image/*,*/*;q=0.8',
  'referer' => 'http://guocai.com/index/index.html',
  'accept-encoding' => 'gzip, deflate',
  'accept-language' => 'zh-CN,zh;q=0.9,en;q=0.8',
  'cookie' => 'thinkphp_show_page_trace=0|0; PHPSESSID=5q6tkqbku4hh988jvbu0r0ul0n; admin_username=admin',
)
[ info ] [ PARAM ] array (
)
[ info ] [ LANG ] D:\xampp\htdocs\guocai.yzata.cn\vendor\thinkcmf\cmf\src\behavior/../lang\zh-cn.php
[ info ] [ LANG ] D:\xampp\htdocs\guocai.yzata.cn\vendor/thinkcmf/cmf-app/src/admin/lang/zh-cn.php
[ info ] [ LANG ] D:\xampp\htdocs\guocai.yzata.cn\vendor/thinkcmf/cmf-app/src/admin/lang/zh-cn/common.php
[ info ] [ LANG ] D:\xampp\htdocs\guocai.yzata.cn\vendor/thinkcmf/cmf-app/src/user/lang/zh-cn.php
[ info ] [ DB ] INIT mysql
[ sql ] [ DB ] CONNECT:[ UseTime:0.009950s ] mysql:host=localhost;port=3306;dbname=guocai_yzata_cn;charset=utf8mb4
[ sql ] [ SQL ] SHOW COLUMNS FROM `ny_user` [ RunTime:0.005898s ]
[ sql ] [ SQL ] SELECT * FROM `ny_user` WHERE  `id` = 1 LIMIT 1 [ RunTime:0.000337s ]
[ sql ] [ EXPLAIN : array (
  'id' => 1,
  'select_type' => 'SIMPLE',
  'table' => 'ny_user',
  'type' => 'const',
  'possible_keys' => 'PRIMARY',
  'key' => 'PRIMARY',
  'key_len' => '8',
  'ref' => 'const',
  'rows' => 1,
  'extra' => '',
) ]
---------------------------------------------------------------

[2020-01-16T16:44:27+08:00] 127.0.0.1 GET guocai.com/index/datalist/?page=1&limit=10
[运行时间：0.281983s] [吞吐率：3.55req/s] [内存消耗：3,377.25kb] [文件加载：97]
[ info ] [ LANG ] D:\xampp\htdocs\guocai.yzata.cn/vendor\thinkphp\lang\zh-cn.php
[ info ] [ BIND ] 'order'
[ info ] [ ROUTE ] array (
)
[ info ] [ HEADER ] array (
  'host' => 'guocai.com',
  'connection' => 'keep-alive',
  'accept' => 'application/json, text/javascript, */*; q=0.01',
  'x-requested-with' => 'XMLHttpRequest',
  'user-agent' => 'Mozilla/5.0 (Windows NT 10.0; Win64; x64) AppleWebKit/537.36 (KHTML, like Gecko) Chrome/78.0.3904.108 Safari/537.36',
  'referer' => 'http://guocai.com/index/main',
  'accept-encoding' => 'gzip, deflate',
  'accept-language' => 'zh-CN,zh;q=0.9,en;q=0.8',
  'cookie' => 'thinkphp_show_page_trace=0|0; PHPSESSID=5q6tkqbku4hh988jvbu0r0ul0n; admin_username=admin',
)
[ info ] [ PARAM ] array (
  'page' => '1',
  'limit' => '10',
)
[ info ] [ LANG ] D:\xampp\htdocs\guocai.yzata.cn\vendor\thinkcmf\cmf\src\behavior/../lang\zh-cn.php
[ info ] [ LANG ] D:\xampp\htdocs\guocai.yzata.cn\vendor/thinkcmf/cmf-app/src/admin/lang/zh-cn.php
[ info ] [ LANG ] D:\xampp\htdocs\guocai.yzata.cn\vendor/thinkcmf/cmf-app/src/admin/lang/zh-cn/common.php
[ info ] [ LANG ] D:\xampp\htdocs\guocai.yzata.cn\vendor/thinkcmf/cmf-app/src/user/lang/zh-cn.php
[ info ] [ DB ] INIT mysql
[ sql ] [ DB ] CONNECT:[ UseTime:0.014095s ] mysql:host=localhost;port=3306;dbname=guocai_yzata_cn;charset=utf8mb4
[ sql ] [ SQL ] SHOW COLUMNS FROM `ny_user` [ RunTime:0.006072s ]
[ sql ] [ SQL ] SELECT * FROM `ny_user` WHERE  `id` = 1 LIMIT 1 [ RunTime:0.000381s ]
[ sql ] [ EXPLAIN : array (
  'id' => 1,
  'select_type' => 'SIMPLE',
  'table' => 'ny_user',
  'type' => 'const',
  'possible_keys' => 'PRIMARY',
  'key' => 'PRIMARY',
  'key_len' => '8',
  'ref' => 'const',
  'rows' => 1,
  'extra' => '',
) ]
[ sql ] [ SQL ] select * from ny_user where id = 1 [ RunTime:0.000528s ]
[ sql ] [ EXPLAIN : array (
  'id' => 1,
  'select_type' => 'SIMPLE',
  'table' => 'ny_user',
  'type' => 'const',
  'possible_keys' => 'PRIMARY',
  'key' => 'PRIMARY',
  'key_len' => '8',
  'ref' => 'const',
  'rows' => 1,
  'extra' => '',
) ]
[ sql ] [ SQL ] SHOW COLUMNS FROM `ny_order` [ RunTime:0.019616s ]
[ sql ] [ SQL ] SELECT COUNT(*) AS tp_count FROM `ny_order` WHERE  (  1=1  ) [ RunTime:0.020302s ]
[ sql ] [ EXPLAIN : array (
  'id' => 1,
  'select_type' => 'SIMPLE',
  'table' => 'ny_order',
  'type' => 'index',
  'possible_keys' => NULL,
  'key' => 'PRIMARY',
  'key_len' => '4',
  'ref' => NULL,
  'rows' => 26,
  'extra' => 'Using index',
) ]
[ sql ] [ SQL ] SELECT * FROM `ny_order` WHERE  (  1=1  ) ORDER BY `id` DESC LIMIT 0,10 [ RunTime:0.010037s ]
[ sql ] [ EXPLAIN : array (
  'id' => 1,
  'select_type' => 'SIMPLE',
  'table' => 'ny_order',
  'type' => 'index',
  'possible_keys' => NULL,
  'key' => 'PRIMARY',
  'key_len' => '4',
  'ref' => NULL,
  'rows' => 10,
  'extra' => '',
) ]
---------------------------------------------------------------

[2020-01-16T16:44:37+08:00] 127.0.0.1 GET guocai.com/themes/admin_simpleboot3/public/hplus/css/bootstrap.min.css.map
[运行时间：0.051159s] [吞吐率：19.55req/s] [内存消耗：1,900.86kb] [文件加载：77]
[ info ] [ LANG ] D:\xampp\htdocs\guocai.yzata.cn/vendor\thinkphp\lang\zh-cn.php
[ info ] [ BIND ] 'order'
[ info ] [ ROUTE ] array (
)
[ info ] [ HEADER ] array (
  'host' => 'guocai.com',
  'connection' => 'keep-alive',
  'user-agent' => 'Mozilla/5.0 (Windows NT 10.0; Win64; x64) AppleWebKit/537.36 (KHTML, like Gecko) Chrome/78.0.3904.108 Safari/537.36',
  'accept-encoding' => 'gzip, deflate',
  'accept-language' => 'zh-CN,zh;q=0.9,en;q=0.8',
  'cookie' => 'PHPSESSID=5q6tkqbku4hh988jvbu0r0ul0n; admin_username=admin',
)
[ info ] [ PARAM ] array (
  'public' => 'hplus',
  'css' => 'bootstrap.min.css.map',
)
[ info ] [ LANG ] D:\xampp\htdocs\guocai.yzata.cn\vendor\thinkcmf\cmf\src\behavior/../lang\zh-cn.php
[ info ] [ LANG ] D:\xampp\htdocs\guocai.yzata.cn\vendor/thinkcmf/cmf-app/src/admin/lang/zh-cn.php
[ info ] [ LANG ] D:\xampp\htdocs\guocai.yzata.cn\vendor/thinkcmf/cmf-app/src/admin/lang/zh-cn/common.php
[ info ] [ LANG ] D:\xampp\htdocs\guocai.yzata.cn\vendor/thinkcmf/cmf-app/src/user/lang/zh-cn.php
---------------------------------------------------------------

[2020-01-16T16:46:16+08:00] 127.0.0.1 GET guocai.com/index/index.html
[运行时间：0.518528s] [吞吐率：1.93req/s] [内存消耗：3,424.77kb] [文件加载：96]
[ info ] [ LANG ] D:\xampp\htdocs\guocai.yzata.cn/vendor\thinkphp\lang\zh-cn.php
[ info ] [ BIND ] 'order'
[ info ] [ ROUTE ] array (
)
[ info ] [ HEADER ] array (
  'host' => 'guocai.com',
  'connection' => 'keep-alive',
  'cache-control' => 'max-age=0',
  'upgrade-insecure-requests' => '1',
  'user-agent' => 'Mozilla/5.0 (Windows NT 10.0; Win64; x64) AppleWebKit/537.36 (KHTML, like Gecko) Chrome/78.0.3904.108 Safari/537.36',
  'accept' => 'text/html,application/xhtml+xml,application/xml;q=0.9,image/webp,image/apng,*/*;q=0.8,application/signed-exchange;v=b3',
  'referer' => 'http://guocai.com/login/login',
  'accept-encoding' => 'gzip, deflate',
  'accept-language' => 'zh-CN,zh;q=0.9,en;q=0.8',
  'cookie' => 'thinkphp_show_page_trace=0|0; PHPSESSID=5q6tkqbku4hh988jvbu0r0ul0n; admin_username=admin',
)
[ info ] [ PARAM ] array (
)
[ info ] [ LANG ] D:\xampp\htdocs\guocai.yzata.cn\vendor\thinkcmf\cmf\src\behavior/../lang\zh-cn.php
[ info ] [ LANG ] D:\xampp\htdocs\guocai.yzata.cn\vendor/thinkcmf/cmf-app/src/admin/lang/zh-cn.php
[ info ] [ LANG ] D:\xampp\htdocs\guocai.yzata.cn\vendor/thinkcmf/cmf-app/src/admin/lang/zh-cn/common.php
[ info ] [ LANG ] D:\xampp\htdocs\guocai.yzata.cn\vendor/thinkcmf/cmf-app/src/user/lang/zh-cn.php
[ info ] [ DB ] INIT mysql
[ info ] [ VIEW ] D:\xampp\htdocs\guocai.yzata.cn\public/themes/admin_simpleboot3/order\index\index.html [ array (
  0 => 'admin',
  1 => 'user',
) ]
[ sql ] [ DB ] CONNECT:[ UseTime:0.010779s ] mysql:host=localhost;port=3306;dbname=guocai_yzata_cn;charset=utf8mb4
[ sql ] [ SQL ] SHOW COLUMNS FROM `ny_user` [ RunTime:0.401010s ]
[ sql ] [ SQL ] SELECT * FROM `ny_user` WHERE  `id` = 1 LIMIT 1 [ RunTime:0.001075s ]
[ sql ] [ EXPLAIN : array (
  'id' => 1,
  'select_type' => 'SIMPLE',
  'table' => 'ny_user',
  'type' => 'const',
  'possible_keys' => 'PRIMARY',
  'key' => 'PRIMARY',
  'key_len' => '8',
  'ref' => 'const',
  'rows' => 1,
  'extra' => '',
) ]
[ sql ] [ SQL ] select * from ny_user where id = 1 [ RunTime:0.000432s ]
[ sql ] [ EXPLAIN : array (
  'id' => 1,
  'select_type' => 'SIMPLE',
  'table' => 'ny_user',
  'type' => 'const',
  'possible_keys' => 'PRIMARY',
  'key' => 'PRIMARY',
  'key_len' => '8',
  'ref' => 'const',
  'rows' => 1,
  'extra' => '',
) ]
---------------------------------------------------------------

[2020-01-16T16:46:16+08:00] 127.0.0.1 GET guocai.com/index/main
[运行时间：0.166210s] [吞吐率：6.02req/s] [内存消耗：3,714.09kb] [文件加载：101]
[ info ] [ LANG ] D:\xampp\htdocs\guocai.yzata.cn/vendor\thinkphp\lang\zh-cn.php
[ info ] [ BIND ] 'order'
[ info ] [ ROUTE ] array (
)
[ info ] [ HEADER ] array (
  'host' => 'guocai.com',
  'connection' => 'keep-alive',
  'upgrade-insecure-requests' => '1',
  'user-agent' => 'Mozilla/5.0 (Windows NT 10.0; Win64; x64) AppleWebKit/537.36 (KHTML, like Gecko) Chrome/78.0.3904.108 Safari/537.36',
  'accept' => 'text/html,application/xhtml+xml,application/xml;q=0.9,image/webp,image/apng,*/*;q=0.8,application/signed-exchange;v=b3',
  'referer' => 'http://guocai.com/index/index.html',
  'accept-encoding' => 'gzip, deflate',
  'accept-language' => 'zh-CN,zh;q=0.9,en;q=0.8',
  'cookie' => 'thinkphp_show_page_trace=0|0; PHPSESSID=5q6tkqbku4hh988jvbu0r0ul0n; admin_username=admin',
)
[ info ] [ PARAM ] array (
)
[ info ] [ LANG ] D:\xampp\htdocs\guocai.yzata.cn\vendor\thinkcmf\cmf\src\behavior/../lang\zh-cn.php
[ info ] [ LANG ] D:\xampp\htdocs\guocai.yzata.cn\vendor/thinkcmf/cmf-app/src/admin/lang/zh-cn.php
[ info ] [ LANG ] D:\xampp\htdocs\guocai.yzata.cn\vendor/thinkcmf/cmf-app/src/admin/lang/zh-cn/common.php
[ info ] [ LANG ] D:\xampp\htdocs\guocai.yzata.cn\vendor/thinkcmf/cmf-app/src/user/lang/zh-cn.php
[ info ] [ DB ] INIT mysql
[ info ] [ VIEW ] D:\xampp\htdocs\guocai.yzata.cn\public/themes/admin_simpleboot3/order\index\main.html [ array (
  0 => 'admin',
  1 => 'user',
  2 => 'products',
  3 => 'advisers',
  4 => 'interest_ways',
  5 => 'inv_terms',
  6 => 'id_types',
  7 => 'companys',
) ]
[ sql ] [ DB ] CONNECT:[ UseTime:0.007662s ] mysql:host=localhost;port=3306;dbname=guocai_yzata_cn;charset=utf8mb4
[ sql ] [ SQL ] SHOW COLUMNS FROM `ny_user` [ RunTime:0.023080s ]
[ sql ] [ SQL ] SELECT * FROM `ny_user` WHERE  `id` = 1 LIMIT 1 [ RunTime:0.000414s ]
[ sql ] [ EXPLAIN : array (
  'id' => 1,
  'select_type' => 'SIMPLE',
  'table' => 'ny_user',
  'type' => 'const',
  'possible_keys' => 'PRIMARY',
  'key' => 'PRIMARY',
  'key_len' => '8',
  'ref' => 'const',
  'rows' => 1,
  'extra' => '',
) ]
[ sql ] [ SQL ] select * from ny_product [ RunTime:0.000543s ]
[ sql ] [ EXPLAIN : array (
  'id' => 1,
  'select_type' => 'SIMPLE',
  'table' => 'ny_product',
  'type' => 'ALL',
  'possible_keys' => NULL,
  'key' => NULL,
  'key_len' => NULL,
  'ref' => NULL,
  'rows' => 1,
  'extra' => '',
) ]
[ sql ] [ SQL ] select * from ny_user where id = 1 [ RunTime:0.000238s ]
[ sql ] [ EXPLAIN : array (
  'id' => 1,
  'select_type' => 'SIMPLE',
  'table' => 'ny_user',
  'type' => 'const',
  'possible_keys' => 'PRIMARY',
  'key' => 'PRIMARY',
  'key_len' => '8',
  'ref' => 'const',
  'rows' => 1,
  'extra' => '',
) ]
[ sql ] [ SQL ] select * from ny_adviser where 1=1 [ RunTime:0.000494s ]
[ sql ] [ EXPLAIN : array (
  'id' => 1,
  'select_type' => 'SIMPLE',
  'table' => 'ny_adviser',
  'type' => 'ALL',
  'possible_keys' => NULL,
  'key' => NULL,
  'key_len' => NULL,
  'ref' => NULL,
  'rows' => 23,
  'extra' => '',
) ]
[ sql ] [ SQL ] select * from ny_interest_way [ RunTime:0.006167s ]
[ sql ] [ EXPLAIN : array (
  'id' => 1,
  'select_type' => 'SIMPLE',
  'table' => 'ny_interest_way',
  'type' => 'ALL',
  'possible_keys' => NULL,
  'key' => NULL,
  'key_len' => NULL,
  'ref' => NULL,
  'rows' => 3,
  'extra' => '',
) ]
[ sql ] [ SQL ] select * from ny_inv_term [ RunTime:0.002134s ]
[ sql ] [ EXPLAIN : array (
  'id' => 1,
  'select_type' => 'SIMPLE',
  'table' => 'ny_inv_term',
  'type' => 'ALL',
  'possible_keys' => NULL,
  'key' => NULL,
  'key_len' => NULL,
  'ref' => NULL,
  'rows' => 5,
  'extra' => '',
) ]
[ sql ] [ SQL ] select * from ny_id_type [ RunTime:0.001444s ]
[ sql ] [ EXPLAIN : array (
  'id' => 1,
  'select_type' => 'SIMPLE',
  'table' => 'ny_id_type',
  'type' => 'ALL',
  'possible_keys' => NULL,
  'key' => NULL,
  'key_len' => NULL,
  'ref' => NULL,
  'rows' => 3,
  'extra' => '',
) ]
[ sql ] [ SQL ] select * from ny_user where id = 1 [ RunTime:0.000561s ]
[ sql ] [ EXPLAIN : array (
  'id' => 1,
  'select_type' => 'SIMPLE',
  'table' => 'ny_user',
  'type' => 'const',
  'possible_keys' => 'PRIMARY',
  'key' => 'PRIMARY',
  'key_len' => '8',
  'ref' => 'const',
  'rows' => 1,
  'extra' => '',
) ]
[ sql ] [ SQL ] select * from ny_newcompany where 1=1 [ RunTime:0.000497s ]
[ sql ] [ EXPLAIN : array (
  'id' => 1,
  'select_type' => 'SIMPLE',
  'table' => 'ny_newcompany',
  'type' => 'ALL',
  'possible_keys' => NULL,
  'key' => NULL,
  'key_len' => NULL,
  'ref' => NULL,
  'rows' => 9,
  'extra' => '',
) ]
[ sql ] [ SQL ] select * from ny_user where id = 1 [ RunTime:0.000367s ]
[ sql ] [ EXPLAIN : array (
  'id' => 1,
  'select_type' => 'SIMPLE',
  'table' => 'ny_user',
  'type' => 'const',
  'possible_keys' => 'PRIMARY',
  'key' => 'PRIMARY',
  'key_len' => '8',
  'ref' => 'const',
  'rows' => 1,
  'extra' => '',
) ]
---------------------------------------------------------------

[2020-01-16T16:46:16+08:00] 127.0.0.1 GET guocai.com/themes/admin_simpleboot3/public/hplus/css/bootstrap.min.css.map
[运行时间：0.074748s] [吞吐率：13.38req/s] [内存消耗：1,900.86kb] [文件加载：77]
[ info ] [ LANG ] D:\xampp\htdocs\guocai.yzata.cn/vendor\thinkphp\lang\zh-cn.php
[ info ] [ BIND ] 'order'
[ info ] [ ROUTE ] array (
)
[ info ] [ HEADER ] array (
  'host' => 'guocai.com',
  'connection' => 'keep-alive',
  'user-agent' => 'Mozilla/5.0 (Windows NT 10.0; Win64; x64) AppleWebKit/537.36 (KHTML, like Gecko) Chrome/78.0.3904.108 Safari/537.36',
  'accept-encoding' => 'gzip, deflate',
  'accept-language' => 'zh-CN,zh;q=0.9,en;q=0.8',
  'cookie' => 'PHPSESSID=5q6tkqbku4hh988jvbu0r0ul0n; admin_username=admin',
)
[ info ] [ PARAM ] array (
  'public' => 'hplus',
  'css' => 'bootstrap.min.css.map',
)
[ info ] [ LANG ] D:\xampp\htdocs\guocai.yzata.cn\vendor\thinkcmf\cmf\src\behavior/../lang\zh-cn.php
[ info ] [ LANG ] D:\xampp\htdocs\guocai.yzata.cn\vendor/thinkcmf/cmf-app/src/admin/lang/zh-cn.php
[ info ] [ LANG ] D:\xampp\htdocs\guocai.yzata.cn\vendor/thinkcmf/cmf-app/src/admin/lang/zh-cn/common.php
[ info ] [ LANG ] D:\xampp\htdocs\guocai.yzata.cn\vendor/thinkcmf/cmf-app/src/user/lang/zh-cn.php
---------------------------------------------------------------

[2020-01-16T16:46:17+08:00] 127.0.0.1 GET guocai.com/index/datalist/?page=1&limit=10
[运行时间：0.096917s] [吞吐率：10.32req/s] [内存消耗：3,377.25kb] [文件加载：97]
[ info ] [ LANG ] D:\xampp\htdocs\guocai.yzata.cn/vendor\thinkphp\lang\zh-cn.php
[ info ] [ BIND ] 'order'
[ info ] [ ROUTE ] array (
)
[ info ] [ HEADER ] array (
  'host' => 'guocai.com',
  'connection' => 'keep-alive',
  'accept' => 'application/json, text/javascript, */*; q=0.01',
  'x-requested-with' => 'XMLHttpRequest',
  'user-agent' => 'Mozilla/5.0 (Windows NT 10.0; Win64; x64) AppleWebKit/537.36 (KHTML, like Gecko) Chrome/78.0.3904.108 Safari/537.36',
  'referer' => 'http://guocai.com/index/main',
  'accept-encoding' => 'gzip, deflate',
  'accept-language' => 'zh-CN,zh;q=0.9,en;q=0.8',
  'cookie' => 'thinkphp_show_page_trace=0|0; PHPSESSID=5q6tkqbku4hh988jvbu0r0ul0n; admin_username=admin',
)
[ info ] [ PARAM ] array (
  'page' => '1',
  'limit' => '10',
)
[ info ] [ LANG ] D:\xampp\htdocs\guocai.yzata.cn\vendor\thinkcmf\cmf\src\behavior/../lang\zh-cn.php
[ info ] [ LANG ] D:\xampp\htdocs\guocai.yzata.cn\vendor/thinkcmf/cmf-app/src/admin/lang/zh-cn.php
[ info ] [ LANG ] D:\xampp\htdocs\guocai.yzata.cn\vendor/thinkcmf/cmf-app/src/admin/lang/zh-cn/common.php
[ info ] [ LANG ] D:\xampp\htdocs\guocai.yzata.cn\vendor/thinkcmf/cmf-app/src/user/lang/zh-cn.php
[ info ] [ DB ] INIT mysql
[ sql ] [ DB ] CONNECT:[ UseTime:0.004330s ] mysql:host=localhost;port=3306;dbname=guocai_yzata_cn;charset=utf8mb4
[ sql ] [ SQL ] SHOW COLUMNS FROM `ny_user` [ RunTime:0.006646s ]
[ sql ] [ SQL ] SELECT * FROM `ny_user` WHERE  `id` = 1 LIMIT 1 [ RunTime:0.000373s ]
[ sql ] [ EXPLAIN : array (
  'id' => 1,
  'select_type' => 'SIMPLE',
  'table' => 'ny_user',
  'type' => 'const',
  'possible_keys' => 'PRIMARY',
  'key' => 'PRIMARY',
  'key_len' => '8',
  'ref' => 'const',
  'rows' => 1,
  'extra' => '',
) ]
[ sql ] [ SQL ] select * from ny_user where id = 1 [ RunTime:0.000407s ]
[ sql ] [ EXPLAIN : array (
  'id' => 1,
  'select_type' => 'SIMPLE',
  'table' => 'ny_user',
  'type' => 'const',
  'possible_keys' => 'PRIMARY',
  'key' => 'PRIMARY',
  'key_len' => '8',
  'ref' => 'const',
  'rows' => 1,
  'extra' => '',
) ]
[ sql ] [ SQL ] SHOW COLUMNS FROM `ny_order` [ RunTime:0.007081s ]
[ sql ] [ SQL ] SELECT COUNT(*) AS tp_count FROM `ny_order` WHERE  (  1=1  ) [ RunTime:0.000439s ]
[ sql ] [ EXPLAIN : array (
  'id' => 1,
  'select_type' => 'SIMPLE',
  'table' => 'ny_order',
  'type' => 'index',
  'possible_keys' => NULL,
  'key' => 'PRIMARY',
  'key_len' => '4',
  'ref' => NULL,
  'rows' => 26,
  'extra' => 'Using index',
) ]
[ sql ] [ SQL ] SELECT * FROM `ny_order` WHERE  (  1=1  ) ORDER BY `id` DESC LIMIT 0,10 [ RunTime:0.000432s ]
[ sql ] [ EXPLAIN : array (
  'id' => 1,
  'select_type' => 'SIMPLE',
  'table' => 'ny_order',
  'type' => 'index',
  'possible_keys' => NULL,
  'key' => 'PRIMARY',
  'key_len' => '4',
  'ref' => NULL,
  'rows' => 10,
  'extra' => '',
) ]
